d:\универ\6 семестр\компьютерная графика\task5\task5\debug\vc140.pdb
d:\универ\6 семестр\компьютерная графика\task5\task5\debug\.netframework,version=v4.5.2.assemblyattributes.obj
d:\универ\6 семестр\компьютерная графика\task5\task5\debug\.netframework,version=v4.5.2.assemblyattributes.asm
d:\универ\6 семестр\компьютерная графика\task5\task5\debug\transform.obj
d:\универ\6 семестр\компьютерная графика\task5\task5\debug\function.obj
d:\универ\6 семестр\компьютерная графика\task5\task5\debug\myform.obj
d:\универ\6 семестр\компьютерная графика\task5\task5\debug\clip.obj
d:\универ\6 семестр\компьютерная графика\task5\task5\debug\task5.myform.resources
d:\универ\6 семестр\компьютерная графика\task5\task5\debug\task5.vcxproj.generateresource.cache
d:\универ\6 семестр\компьютерная графика\task5\task5\debug\task5.vcxprojresolveassemblyreference.cache
d:\универ\6 семестр\компьютерная графика\task5\debug\task5.pdb
d:\универ\6 семестр\компьютерная графика\task5\task5\debug\task5.tlog\cl.command.1.tlog
d:\универ\6 семестр\компьютерная графика\task5\task5\debug\task5.tlog\cl.read.1.tlog
d:\универ\6 семестр\компьютерная графика\task5\task5\debug\task5.tlog\cl.write.1.tlog
d:\универ\6 семестр\компьютерная графика\task5\task5\debug\task5.tlog\link.10560-cvtres.read.1.tlog
d:\универ\6 семестр\компьютерная графика\task5\task5\debug\task5.tlog\link.10560-cvtres.write.1.tlog
d:\универ\6 семестр\компьютерная графика\task5\task5\debug\task5.tlog\link.10560-rc.read.1.tlog
d:\универ\6 семестр\компьютерная графика\task5\task5\debug\task5.tlog\link.10560-rc.write.1.tlog
d:\универ\6 семестр\компьютерная графика\task5\task5\debug\task5.tlog\link.10560.read.1.tlog
d:\универ\6 семестр\компьютерная графика\task5\task5\debug\task5.tlog\link.10560.write.1.tlog
d:\универ\6 семестр\компьютерная графика\task5\task5\debug\task5.tlog\link.11236-cvtres.read.1.tlog
d:\универ\6 семестр\компьютерная графика\task5\task5\debug\task5.tlog\link.11236-cvtres.write.1.tlog
d:\универ\6 семестр\компьютерная графика\task5\task5\debug\task5.tlog\link.11236-rc.read.1.tlog
d:\универ\6 семестр\компьютерная графика\task5\task5\debug\task5.tlog\link.11236-rc.write.1.tlog
d:\универ\6 семестр\компьютерная графика\task5\task5\debug\task5.tlog\link.11236.read.1.tlog
d:\универ\6 семестр\компьютерная графика\task5\task5\debug\task5.tlog\link.11236.write.1.tlog
d:\универ\6 семестр\компьютерная графика\task5\task5\debug\task5.tlog\link.13564-cvtres.read.1.tlog
d:\универ\6 семестр\компьютерная графика\task5\task5\debug\task5.tlog\link.13564-cvtres.write.1.tlog
d:\универ\6 семестр\компьютерная графика\task5\task5\debug\task5.tlog\link.13564-rc.read.1.tlog
d:\универ\6 семестр\компьютерная графика\task5\task5\debug\task5.tlog\link.13564-rc.write.1.tlog
d:\универ\6 семестр\компьютерная графика\task5\task5\debug\task5.tlog\link.13564.read.1.tlog
d:\универ\6 семестр\компьютерная графика\task5\task5\debug\task5.tlog\link.13564.write.1.tlog
d:\универ\6 семестр\компьютерная графика\task5\task5\debug\task5.tlog\link.13688-cvtres.read.1.tlog
d:\универ\6 семестр\компьютерная графика\task5\task5\debug\task5.tlog\link.13688-cvtres.write.1.tlog
d:\универ\6 семестр\компьютерная графика\task5\task5\debug\task5.tlog\link.13688-rc.read.1.tlog
d:\универ\6 семестр\компьютерная графика\task5\task5\debug\task5.tlog\link.13688-rc.write.1.tlog
d:\универ\6 семестр\компьютерная графика\task5\task5\debug\task5.tlog\link.13688.read.1.tlog
d:\универ\6 семестр\компьютерная графика\task5\task5\debug\task5.tlog\link.13688.write.1.tlog
d:\универ\6 семестр\компьютерная графика\task5\task5\debug\task5.tlog\link.14352-cvtres.read.1.tlog
d:\универ\6 семестр\компьютерная графика\task5\task5\debug\task5.tlog\link.14352-cvtres.write.1.tlog
d:\универ\6 семестр\компьютерная графика\task5\task5\debug\task5.tlog\link.14352-rc.read.1.tlog
d:\универ\6 семестр\компьютерная графика\task5\task5\debug\task5.tlog\link.14352-rc.write.1.tlog
d:\универ\6 семестр\компьютерная графика\task5\task5\debug\task5.tlog\link.14352.read.1.tlog
d:\универ\6 семестр\компьютерная графика\task5\task5\debug\task5.tlog\link.14352.write.1.tlog
d:\универ\6 семестр\компьютерная графика\task5\task5\debug\task5.tlog\link.5656-cvtres.read.1.tlog
d:\универ\6 семестр\компьютерная графика\task5\task5\debug\task5.tlog\link.5656-cvtres.write.1.tlog
d:\универ\6 семестр\компьютерная графика\task5\task5\debug\task5.tlog\link.5656-rc.read.1.tlog
d:\универ\6 семестр\компьютерная графика\task5\task5\debug\task5.tlog\link.5656-rc.write.1.tlog
d:\универ\6 семестр\компьютерная графика\task5\task5\debug\task5.tlog\link.5656.read.1.tlog
d:\универ\6 семестр\компьютерная графика\task5\task5\debug\task5.tlog\link.5656.write.1.tlog
d:\универ\6 семестр\компьютерная графика\task5\task5\debug\task5.tlog\link.command.1.tlog
d:\универ\6 семестр\компьютерная графика\task5\task5\debug\task5.tlog\link.read.1.tlog
d:\универ\6 семестр\компьютерная графика\task5\task5\debug\task5.tlog\link.write.1.tlog
d:\универ\6 семестр\компьютерная графика\task5\task5\debug\task5.tlog\metagen.read.1.tlog
d:\универ\6 семестр\компьютерная графика\task5\task5\debug\task5.tlog\metagen.write.1.tlog
d:\универ\6 семестр\компьютерная графика\task5\task5\debug\task5.tlog\task5.write.1u.tlog
d:\универ\6 семестр\компьютерная графика\task5\task5\debug\task5.tlog\tzres.dll.bi
