C:\THE_CODE\GRAPHICS_TASK3\DEBUG\GRAPHICS_TASK3.EXE
C:\THE_CODE\GRAPHICS_TASK3\DEBUG\GRAPHICS_TASK3.ILK
C:\THE_CODE\GRAPHICS_TASK3\DEBUG\GRAPHICS_TASK3.PDB
C:\THE_CODE\GRAPHICS_TASK3\GRAPHICS_TASK3\DEBUG\.NETFRAMEWORK,VERSION=V4.0.ASSEMBLYATTRIBUTES.OBJ
C:\THE_CODE\GRAPHICS_TASK3\GRAPHICS_TASK3\DEBUG\APP.RES
C:\THE_CODE\GRAPHICS_TASK3\GRAPHICS_TASK3\DEBUG\ASSEMBLYINFO.OBJ
C:\THE_CODE\GRAPHICS_TASK3\GRAPHICS_TASK3\DEBUG\GRAPHICS_TASK3.EXE.INTERMEDIATE.MANIFEST
C:\THE_CODE\GRAPHICS_TASK3\GRAPHICS_TASK3\DEBUG\GRAPHICS_TASK3.FORM1.RESOURCES
C:\THE_CODE\GRAPHICS_TASK3\GRAPHICS_TASK3\DEBUG\GRAPHICS_TASK3.OBJ
C:\THE_CODE\GRAPHICS_TASK3\GRAPHICS_TASK3\DEBUG\GRAPHICS_TASK3.PCH
C:\THE_CODE\GRAPHICS_TASK3\GRAPHICS_TASK3\DEBUG\STDAFX.OBJ
C:\THE_CODE\GRAPHICS_TASK3\GRAPHICS_TASK3\DEBUG\TRANSFORM.OBJ
C:\THE_CODE\GRAPHICS_TASK3\GRAPHICS_TASK3\DEBUG\VC100.PDB
D:\GRAPHICS\GRAPHICS_TASK3\DEBUG\GRAPHICS_TASK3.EXE
D:\GRAPHICS\GRAPHICS_TASK3\DEBUG\GRAPHICS_TASK3.ILK
D:\GRAPHICS\GRAPHICS_TASK3\DEBUG\GRAPHICS_TASK3.PDB
D:\GRAPHICS\GRAPHICS_TASK3\GRAPHICS_TASK3\DEBUG\.NETFRAMEWORK,VERSION=V4.0.ASSEMBLYATTRIBUTES.OBJ
D:\GRAPHICS\GRAPHICS_TASK3\GRAPHICS_TASK3\DEBUG\APP.RES
D:\GRAPHICS\GRAPHICS_TASK3\GRAPHICS_TASK3\DEBUG\ASSEMBLYINFO.OBJ
D:\graphics\Graphics_Task3\Graphics_Task3\Debug\cl.command.1.tlog
D:\graphics\Graphics_Task3\Graphics_Task3\Debug\CL.read.1.tlog
D:\graphics\Graphics_Task3\Graphics_Task3\Debug\CL.write.1.tlog
D:\graphics\Graphics_Task3\Graphics_Task3\Debug\GenerateResource.read.1.tlog
D:\graphics\Graphics_Task3\Graphics_Task3\Debug\GenerateResource.read.10.tlog
D:\graphics\Graphics_Task3\Graphics_Task3\Debug\GenerateResource.read.21.tlog
D:\graphics\Graphics_Task3\Graphics_Task3\Debug\GenerateResource.read.37.tlog
D:\graphics\Graphics_Task3\Graphics_Task3\Debug\GenerateResource.write.1.tlog
D:\graphics\Graphics_Task3\Graphics_Task3\Debug\GenerateResource.write.10.tlog
D:\graphics\Graphics_Task3\Graphics_Task3\Debug\GenerateResource.write.21.tlog
D:\graphics\Graphics_Task3\Graphics_Task3\Debug\GenerateResource.write.37.tlog
D:\GRAPHICS\GRAPHICS_TASK3\GRAPHICS_TASK3\DEBUG\GRAPHICS_TASK3.EXE.INTERMEDIATE.MANIFEST
D:\graphics\Graphics_Task3\Graphics_Task3\Debug\Graphics_Task3.Form1.resources
D:\GRAPHICS\GRAPHICS_TASK3\GRAPHICS_TASK3\DEBUG\GRAPHICS_TASK3.OBJ
D:\GRAPHICS\GRAPHICS_TASK3\GRAPHICS_TASK3\DEBUG\GRAPHICS_TASK3.PCH
D:\graphics\Graphics_Task3\Graphics_Task3\Debug\Graphics_Task3.vcxproj.GenerateResource.Cache
D:\graphics\Graphics_Task3\Graphics_Task3\Debug\Graphics_Task3.vcxprojResolveAssemblyReference.cache
D:\graphics\Graphics_Task3\Graphics_Task3\Debug\Graphics_Task3.write.1.tlog
D:\graphics\Graphics_Task3\Graphics_Task3\Debug\link.1248.read.1.tlog
D:\graphics\Graphics_Task3\Graphics_Task3\Debug\link.1248.write.1.tlog
D:\graphics\Graphics_Task3\Graphics_Task3\Debug\link.1248-cvtres.read.1.tlog
D:\graphics\Graphics_Task3\Graphics_Task3\Debug\link.1248-cvtres.write.1.tlog
D:\graphics\Graphics_Task3\Graphics_Task3\Debug\link.1548.read.1.tlog
D:\graphics\Graphics_Task3\Graphics_Task3\Debug\link.1548.write.1.tlog
D:\graphics\Graphics_Task3\Graphics_Task3\Debug\link.1548-cvtres.read.1.tlog
D:\graphics\Graphics_Task3\Graphics_Task3\Debug\link.1548-cvtres.write.1.tlog
D:\graphics\Graphics_Task3\Graphics_Task3\Debug\link.228.read.1.tlog
D:\graphics\Graphics_Task3\Graphics_Task3\Debug\link.228.write.1.tlog
D:\graphics\Graphics_Task3\Graphics_Task3\Debug\link.228-cvtres.read.1.tlog
D:\graphics\Graphics_Task3\Graphics_Task3\Debug\link.228-cvtres.write.1.tlog
D:\graphics\Graphics_Task3\Graphics_Task3\Debug\link.2484.read.1.tlog
D:\graphics\Graphics_Task3\Graphics_Task3\Debug\link.2484.write.1.tlog
D:\graphics\Graphics_Task3\Graphics_Task3\Debug\link.2484-cvtres.read.1.tlog
D:\graphics\Graphics_Task3\Graphics_Task3\Debug\link.2484-cvtres.write.1.tlog
D:\graphics\Graphics_Task3\Graphics_Task3\Debug\link.2512.read.1.tlog
D:\graphics\Graphics_Task3\Graphics_Task3\Debug\link.2512.write.1.tlog
D:\graphics\Graphics_Task3\Graphics_Task3\Debug\link.2512-cvtres.read.1.tlog
D:\graphics\Graphics_Task3\Graphics_Task3\Debug\link.2512-cvtres.write.1.tlog
D:\graphics\Graphics_Task3\Graphics_Task3\Debug\link.3064.read.1.tlog
D:\graphics\Graphics_Task3\Graphics_Task3\Debug\link.3064.write.1.tlog
D:\graphics\Graphics_Task3\Graphics_Task3\Debug\link.3064-cvtres.read.1.tlog
D:\graphics\Graphics_Task3\Graphics_Task3\Debug\link.3064-cvtres.write.1.tlog
D:\graphics\Graphics_Task3\Graphics_Task3\Debug\link.3084.read.1.tlog
D:\graphics\Graphics_Task3\Graphics_Task3\Debug\link.3084.write.1.tlog
D:\graphics\Graphics_Task3\Graphics_Task3\Debug\link.3084-cvtres.read.1.tlog
D:\graphics\Graphics_Task3\Graphics_Task3\Debug\link.3084-cvtres.write.1.tlog
D:\graphics\Graphics_Task3\Graphics_Task3\Debug\link.3300.read.1.tlog
D:\graphics\Graphics_Task3\Graphics_Task3\Debug\link.3300.write.1.tlog
D:\graphics\Graphics_Task3\Graphics_Task3\Debug\link.3300-cvtres.read.1.tlog
D:\graphics\Graphics_Task3\Graphics_Task3\Debug\link.3300-cvtres.write.1.tlog
D:\graphics\Graphics_Task3\Graphics_Task3\Debug\link.3316.read.1.tlog
D:\graphics\Graphics_Task3\Graphics_Task3\Debug\link.3316.write.1.tlog
D:\graphics\Graphics_Task3\Graphics_Task3\Debug\link.3316-cvtres.read.1.tlog
D:\graphics\Graphics_Task3\Graphics_Task3\Debug\link.3316-cvtres.write.1.tlog
D:\graphics\Graphics_Task3\Graphics_Task3\Debug\link.3532.read.1.tlog
D:\graphics\Graphics_Task3\Graphics_Task3\Debug\link.3532.write.1.tlog
D:\graphics\Graphics_Task3\Graphics_Task3\Debug\link.3532-cvtres.read.1.tlog
D:\graphics\Graphics_Task3\Graphics_Task3\Debug\link.3532-cvtres.write.1.tlog
D:\graphics\Graphics_Task3\Graphics_Task3\Debug\link.3616.read.1.tlog
D:\graphics\Graphics_Task3\Graphics_Task3\Debug\link.3616.write.1.tlog
D:\graphics\Graphics_Task3\Graphics_Task3\Debug\link.3616-cvtres.read.1.tlog
D:\graphics\Graphics_Task3\Graphics_Task3\Debug\link.3616-cvtres.write.1.tlog
D:\graphics\Graphics_Task3\Graphics_Task3\Debug\link.3884.read.1.tlog
D:\graphics\Graphics_Task3\Graphics_Task3\Debug\link.3884.write.1.tlog
D:\graphics\Graphics_Task3\Graphics_Task3\Debug\link.3884-cvtres.read.1.tlog
D:\graphics\Graphics_Task3\Graphics_Task3\Debug\link.3884-cvtres.write.1.tlog
D:\graphics\Graphics_Task3\Graphics_Task3\Debug\link.3908.read.1.tlog
D:\graphics\Graphics_Task3\Graphics_Task3\Debug\link.3908.write.1.tlog
D:\graphics\Graphics_Task3\Graphics_Task3\Debug\link.3908-cvtres.read.1.tlog
D:\graphics\Graphics_Task3\Graphics_Task3\Debug\link.3908-cvtres.write.1.tlog
D:\graphics\Graphics_Task3\Graphics_Task3\Debug\link.3992.read.1.tlog
D:\graphics\Graphics_Task3\Graphics_Task3\Debug\link.3992.write.1.tlog
D:\graphics\Graphics_Task3\Graphics_Task3\Debug\link.3992-cvtres.read.1.tlog
D:\graphics\Graphics_Task3\Graphics_Task3\Debug\link.3992-cvtres.write.1.tlog
D:\graphics\Graphics_Task3\Graphics_Task3\Debug\link.4580.read.1.tlog
D:\graphics\Graphics_Task3\Graphics_Task3\Debug\link.4580.write.1.tlog
D:\graphics\Graphics_Task3\Graphics_Task3\Debug\link.4580-cvtres.read.1.tlog
D:\graphics\Graphics_Task3\Graphics_Task3\Debug\link.4580-cvtres.write.1.tlog
D:\graphics\Graphics_Task3\Graphics_Task3\Debug\link.4992.read.1.tlog
D:\graphics\Graphics_Task3\Graphics_Task3\Debug\link.4992.write.1.tlog
D:\graphics\Graphics_Task3\Graphics_Task3\Debug\link.4992-cvtres.read.1.tlog
D:\graphics\Graphics_Task3\Graphics_Task3\Debug\link.4992-cvtres.write.1.tlog
D:\graphics\Graphics_Task3\Graphics_Task3\Debug\link.5156.read.1.tlog
D:\graphics\Graphics_Task3\Graphics_Task3\Debug\link.5156.write.1.tlog
D:\graphics\Graphics_Task3\Graphics_Task3\Debug\link.5156-cvtres.read.1.tlog
D:\graphics\Graphics_Task3\Graphics_Task3\Debug\link.5156-cvtres.write.1.tlog
D:\graphics\Graphics_Task3\Graphics_Task3\Debug\link.5168.read.1.tlog
D:\graphics\Graphics_Task3\Graphics_Task3\Debug\link.5168.write.1.tlog
D:\graphics\Graphics_Task3\Graphics_Task3\Debug\link.5168-cvtres.read.1.tlog
D:\graphics\Graphics_Task3\Graphics_Task3\Debug\link.5168-cvtres.write.1.tlog
D:\graphics\Graphics_Task3\Graphics_Task3\Debug\link.5236.read.1.tlog
D:\graphics\Graphics_Task3\Graphics_Task3\Debug\link.5236.write.1.tlog
D:\graphics\Graphics_Task3\Graphics_Task3\Debug\link.5236-cvtres.read.1.tlog
D:\graphics\Graphics_Task3\Graphics_Task3\Debug\link.5236-cvtres.write.1.tlog
D:\graphics\Graphics_Task3\Graphics_Task3\Debug\link.5300.read.1.tlog
D:\graphics\Graphics_Task3\Graphics_Task3\Debug\link.5300.write.1.tlog
D:\graphics\Graphics_Task3\Graphics_Task3\Debug\link.5300-cvtres.read.1.tlog
D:\graphics\Graphics_Task3\Graphics_Task3\Debug\link.5300-cvtres.write.1.tlog
D:\graphics\Graphics_Task3\Graphics_Task3\Debug\link.5340.read.1.tlog
D:\graphics\Graphics_Task3\Graphics_Task3\Debug\link.5340.write.1.tlog
D:\graphics\Graphics_Task3\Graphics_Task3\Debug\link.5340-cvtres.read.1.tlog
D:\graphics\Graphics_Task3\Graphics_Task3\Debug\link.5340-cvtres.write.1.tlog
D:\graphics\Graphics_Task3\Graphics_Task3\Debug\link.5432.read.1.tlog
D:\graphics\Graphics_Task3\Graphics_Task3\Debug\link.5432.write.1.tlog
D:\graphics\Graphics_Task3\Graphics_Task3\Debug\link.5432-cvtres.read.1.tlog
D:\graphics\Graphics_Task3\Graphics_Task3\Debug\link.5432-cvtres.write.1.tlog
D:\graphics\Graphics_Task3\Graphics_Task3\Debug\link.5472.read.1.tlog
D:\graphics\Graphics_Task3\Graphics_Task3\Debug\link.5472.write.1.tlog
D:\graphics\Graphics_Task3\Graphics_Task3\Debug\link.5472-cvtres.read.1.tlog
D:\graphics\Graphics_Task3\Graphics_Task3\Debug\link.5472-cvtres.write.1.tlog
D:\graphics\Graphics_Task3\Graphics_Task3\Debug\link.5512.read.1.tlog
D:\graphics\Graphics_Task3\Graphics_Task3\Debug\link.5512.write.1.tlog
D:\graphics\Graphics_Task3\Graphics_Task3\Debug\link.5512-cvtres.read.1.tlog
D:\graphics\Graphics_Task3\Graphics_Task3\Debug\link.5512-cvtres.write.1.tlog
D:\graphics\Graphics_Task3\Graphics_Task3\Debug\link.5648.read.1.tlog
D:\graphics\Graphics_Task3\Graphics_Task3\Debug\link.5648.write.1.tlog
D:\graphics\Graphics_Task3\Graphics_Task3\Debug\link.5648-cvtres.read.1.tlog
D:\graphics\Graphics_Task3\Graphics_Task3\Debug\link.5648-cvtres.write.1.tlog
D:\graphics\Graphics_Task3\Graphics_Task3\Debug\link.5656.read.1.tlog
D:\graphics\Graphics_Task3\Graphics_Task3\Debug\link.5656.write.1.tlog
D:\graphics\Graphics_Task3\Graphics_Task3\Debug\link.5656-cvtres.read.1.tlog
D:\graphics\Graphics_Task3\Graphics_Task3\Debug\link.5656-cvtres.write.1.tlog
D:\graphics\Graphics_Task3\Graphics_Task3\Debug\link.5676.read.1.tlog
D:\graphics\Graphics_Task3\Graphics_Task3\Debug\link.5676.write.1.tlog
D:\graphics\Graphics_Task3\Graphics_Task3\Debug\link.5676-cvtres.read.1.tlog
D:\graphics\Graphics_Task3\Graphics_Task3\Debug\link.5676-cvtres.write.1.tlog
D:\graphics\Graphics_Task3\Graphics_Task3\Debug\link.5840.read.1.tlog
D:\graphics\Graphics_Task3\Graphics_Task3\Debug\link.5840.write.1.tlog
D:\graphics\Graphics_Task3\Graphics_Task3\Debug\link.5840-cvtres.read.1.tlog
D:\graphics\Graphics_Task3\Graphics_Task3\Debug\link.5840-cvtres.write.1.tlog
D:\graphics\Graphics_Task3\Graphics_Task3\Debug\link.6176.read.1.tlog
D:\graphics\Graphics_Task3\Graphics_Task3\Debug\link.6176.write.1.tlog
D:\graphics\Graphics_Task3\Graphics_Task3\Debug\link.6176-cvtres.read.1.tlog
D:\graphics\Graphics_Task3\Graphics_Task3\Debug\link.6176-cvtres.write.1.tlog
D:\graphics\Graphics_Task3\Graphics_Task3\Debug\link.6256.read.1.tlog
D:\graphics\Graphics_Task3\Graphics_Task3\Debug\link.6256.write.1.tlog
D:\graphics\Graphics_Task3\Graphics_Task3\Debug\link.6256-cvtres.read.1.tlog
D:\graphics\Graphics_Task3\Graphics_Task3\Debug\link.6256-cvtres.write.1.tlog
D:\graphics\Graphics_Task3\Graphics_Task3\Debug\link.6280.read.1.tlog
D:\graphics\Graphics_Task3\Graphics_Task3\Debug\link.6280.write.1.tlog
D:\graphics\Graphics_Task3\Graphics_Task3\Debug\link.6280-cvtres.read.1.tlog
D:\graphics\Graphics_Task3\Graphics_Task3\Debug\link.6280-cvtres.write.1.tlog
D:\graphics\Graphics_Task3\Graphics_Task3\Debug\link.6440.read.1.tlog
D:\graphics\Graphics_Task3\Graphics_Task3\Debug\link.6440.write.1.tlog
D:\graphics\Graphics_Task3\Graphics_Task3\Debug\link.6440-cvtres.read.1.tlog
D:\graphics\Graphics_Task3\Graphics_Task3\Debug\link.6440-cvtres.write.1.tlog
D:\graphics\Graphics_Task3\Graphics_Task3\Debug\link.6444.read.1.tlog
D:\graphics\Graphics_Task3\Graphics_Task3\Debug\link.6444.write.1.tlog
D:\graphics\Graphics_Task3\Graphics_Task3\Debug\link.6444-cvtres.read.1.tlog
D:\graphics\Graphics_Task3\Graphics_Task3\Debug\link.6444-cvtres.write.1.tlog
D:\graphics\Graphics_Task3\Graphics_Task3\Debug\link.6448.read.1.tlog
D:\graphics\Graphics_Task3\Graphics_Task3\Debug\link.6448.write.1.tlog
D:\graphics\Graphics_Task3\Graphics_Task3\Debug\link.6448-cvtres.read.1.tlog
D:\graphics\Graphics_Task3\Graphics_Task3\Debug\link.6448-cvtres.write.1.tlog
D:\graphics\Graphics_Task3\Graphics_Task3\Debug\link.6496.read.1.tlog
D:\graphics\Graphics_Task3\Graphics_Task3\Debug\link.6496.write.1.tlog
D:\graphics\Graphics_Task3\Graphics_Task3\Debug\link.6496-cvtres.read.1.tlog
D:\graphics\Graphics_Task3\Graphics_Task3\Debug\link.6496-cvtres.write.1.tlog
D:\graphics\Graphics_Task3\Graphics_Task3\Debug\link.6536.read.1.tlog
D:\graphics\Graphics_Task3\Graphics_Task3\Debug\link.6536.write.1.tlog
D:\graphics\Graphics_Task3\Graphics_Task3\Debug\link.6536-cvtres.read.1.tlog
D:\graphics\Graphics_Task3\Graphics_Task3\Debug\link.6536-cvtres.write.1.tlog
D:\graphics\Graphics_Task3\Graphics_Task3\Debug\link.6612.read.1.tlog
D:\graphics\Graphics_Task3\Graphics_Task3\Debug\link.6612.write.1.tlog
D:\graphics\Graphics_Task3\Graphics_Task3\Debug\link.6612-cvtres.read.1.tlog
D:\graphics\Graphics_Task3\Graphics_Task3\Debug\link.6612-cvtres.write.1.tlog
D:\graphics\Graphics_Task3\Graphics_Task3\Debug\link.684.read.1.tlog
D:\graphics\Graphics_Task3\Graphics_Task3\Debug\link.684.write.1.tlog
D:\graphics\Graphics_Task3\Graphics_Task3\Debug\link.684-cvtres.read.1.tlog
D:\graphics\Graphics_Task3\Graphics_Task3\Debug\link.684-cvtres.write.1.tlog
D:\graphics\Graphics_Task3\Graphics_Task3\Debug\link.6868.read.1.tlog
D:\graphics\Graphics_Task3\Graphics_Task3\Debug\link.6868.write.1.tlog
D:\graphics\Graphics_Task3\Graphics_Task3\Debug\link.6868-cvtres.read.1.tlog
D:\graphics\Graphics_Task3\Graphics_Task3\Debug\link.6868-cvtres.write.1.tlog
D:\graphics\Graphics_Task3\Graphics_Task3\Debug\link.6988.read.1.tlog
D:\graphics\Graphics_Task3\Graphics_Task3\Debug\link.6988.write.1.tlog
D:\graphics\Graphics_Task3\Graphics_Task3\Debug\link.6988-cvtres.read.1.tlog
D:\graphics\Graphics_Task3\Graphics_Task3\Debug\link.6988-cvtres.write.1.tlog
D:\graphics\Graphics_Task3\Graphics_Task3\Debug\link.7040.read.1.tlog
D:\graphics\Graphics_Task3\Graphics_Task3\Debug\link.7040.write.1.tlog
D:\graphics\Graphics_Task3\Graphics_Task3\Debug\link.7040-cvtres.read.1.tlog
D:\graphics\Graphics_Task3\Graphics_Task3\Debug\link.7040-cvtres.write.1.tlog
D:\graphics\Graphics_Task3\Graphics_Task3\Debug\link.7044.read.1.tlog
D:\graphics\Graphics_Task3\Graphics_Task3\Debug\link.7044.write.1.tlog
D:\graphics\Graphics_Task3\Graphics_Task3\Debug\link.7044-cvtres.read.1.tlog
D:\graphics\Graphics_Task3\Graphics_Task3\Debug\link.7044-cvtres.write.1.tlog
D:\graphics\Graphics_Task3\Graphics_Task3\Debug\link.7084.read.1.tlog
D:\graphics\Graphics_Task3\Graphics_Task3\Debug\link.7084.write.1.tlog
D:\graphics\Graphics_Task3\Graphics_Task3\Debug\link.7084-cvtres.read.1.tlog
D:\graphics\Graphics_Task3\Graphics_Task3\Debug\link.7084-cvtres.write.1.tlog
D:\graphics\Graphics_Task3\Graphics_Task3\Debug\link.7232.read.1.tlog
D:\graphics\Graphics_Task3\Graphics_Task3\Debug\link.7232.write.1.tlog
D:\graphics\Graphics_Task3\Graphics_Task3\Debug\link.7232-cvtres.read.1.tlog
D:\graphics\Graphics_Task3\Graphics_Task3\Debug\link.7232-cvtres.write.1.tlog
D:\graphics\Graphics_Task3\Graphics_Task3\Debug\link.7436.read.1.tlog
D:\graphics\Graphics_Task3\Graphics_Task3\Debug\link.7436.write.1.tlog
D:\graphics\Graphics_Task3\Graphics_Task3\Debug\link.7436-cvtres.read.1.tlog
D:\graphics\Graphics_Task3\Graphics_Task3\Debug\link.7436-cvtres.write.1.tlog
D:\graphics\Graphics_Task3\Graphics_Task3\Debug\link.8080.read.1.tlog
D:\graphics\Graphics_Task3\Graphics_Task3\Debug\link.8080.write.1.tlog
D:\graphics\Graphics_Task3\Graphics_Task3\Debug\link.8080-cvtres.read.1.tlog
D:\graphics\Graphics_Task3\Graphics_Task3\Debug\link.8080-cvtres.write.1.tlog
D:\graphics\Graphics_Task3\Graphics_Task3\Debug\link.848.read.1.tlog
D:\graphics\Graphics_Task3\Graphics_Task3\Debug\link.848.write.1.tlog
D:\graphics\Graphics_Task3\Graphics_Task3\Debug\link.848-cvtres.read.1.tlog
D:\graphics\Graphics_Task3\Graphics_Task3\Debug\link.848-cvtres.write.1.tlog
D:\graphics\Graphics_Task3\Graphics_Task3\Debug\link.864.read.1.tlog
D:\graphics\Graphics_Task3\Graphics_Task3\Debug\link.864.write.1.tlog
D:\graphics\Graphics_Task3\Graphics_Task3\Debug\link.864-cvtres.read.1.tlog
D:\graphics\Graphics_Task3\Graphics_Task3\Debug\link.864-cvtres.write.1.tlog
D:\graphics\Graphics_Task3\Graphics_Task3\Debug\link.command.1.tlog
D:\graphics\Graphics_Task3\Graphics_Task3\Debug\link.read.1.tlog
D:\graphics\Graphics_Task3\Graphics_Task3\Debug\link.write.1.tlog
D:\graphics\Graphics_Task3\Graphics_Task3\Debug\metagen.read.1.tlog
D:\graphics\Graphics_Task3\Graphics_Task3\Debug\metagen.write.1.tlog
D:\graphics\Graphics_Task3\Graphics_Task3\Debug\mt.command.1.tlog
D:\graphics\Graphics_Task3\Graphics_Task3\Debug\mt.read.1.tlog
D:\graphics\Graphics_Task3\Graphics_Task3\Debug\mt.write.1.tlog
D:\graphics\Graphics_Task3\Graphics_Task3\Debug\rc.command.1.tlog
D:\graphics\Graphics_Task3\Graphics_Task3\Debug\rc.read.1.tlog
D:\graphics\Graphics_Task3\Graphics_Task3\Debug\rc.write.1.tlog
D:\graphics\Graphics_Task3\Graphics_Task3\Debug\RSAENH.DLL.bi
D:\GRAPHICS\GRAPHICS_TASK3\GRAPHICS_TASK3\DEBUG\STDAFX.OBJ
D:\GRAPHICS\GRAPHICS_TASK3\GRAPHICS_TASK3\DEBUG\TRANSFORM.OBJ
D:\graphics\Graphics_Task3\Graphics_Task3\Debug\TZRES.DLL.bi
D:\GRAPHICS\GRAPHICS_TASK3\GRAPHICS_TASK3\DEBUG\VC100.PDB
