Построение начато 26.05.2016 7:13:33.
     1>Проект "C:\THE_CODE\gtask4\gtask4\gtask4.vcxproj" в узле 2 (целевые объекты build).
     1>InitializeBuildStatus:
         Создание "Debug\gtask4.unsuccessfulbuild", так как было задано "AlwaysCreate".
       GenerateTargetFrameworkMonikerAttribute:
       Целевой объект "GenerateTargetFrameworkMonikerAttribute" пропускается, так как все выходные файлы актуальны по отношению к входным.
       ClCompile:
         Для всех выходных данных обновления не требуется.
         C:\Program Files (x86)\Microsoft Visual Studio 10.0\VC\bin\CL.exe /c /AI"C:\Program Files (x86)\Reference Assemblies\Microsoft\Framework\.NETFramework\v4.0" /Zi /clr:pure /nologo /W3 /WX- /Od /Oy- /D WIN32 /D _DEBUG /D _UNICODE /D UNICODE /EHa /MDd /GS /fp:precise /Zc:wchar_t /Zc:forScope /Yu"StdAfx.h" /Fp"Debug\gtask4.pch" /Fo"Debug\\" /Fd"Debug\vc100.pdb" /TP /FU"C:\Program Files (x86)\Reference Assemblies\Microsoft\Framework\.NETFramework\v4.0\System.Core.dll" /FU"C:\Program Files (x86)\Reference Assemblies\Microsoft\Framework\.NETFramework\v4.0\System.Data.dll" /FU"C:\Program Files (x86)\Reference Assemblies\Microsoft\Framework\.NETFramework\v4.0\System.dll" /FU"C:\Program Files (x86)\Reference Assemblies\Microsoft\Framework\.NETFramework\v4.0\System.Drawing.dll" /FU"C:\Program Files (x86)\Reference Assemblies\Microsoft\Framework\.NETFramework\v4.0\System.Windows.Forms.dll" /FU"C:\Program Files (x86)\Reference Assemblies\Microsoft\Framework\.NETFramework\v4.0\System.Xml.dll" /analyze- /errorReport:prompt gtask4.cpp /clr:nostdlib 
         gtask4.cpp
     1>c:\the_code\gtask4\gtask4\Form1.h(203): warning C4244: аргумент: преобразование "float" в "int", возможна потеря данных
     1>c:\the_code\gtask4\gtask4\Form1.h(203): warning C4244: аргумент: преобразование "float" в "int", возможна потеря данных
     1>c:\the_code\gtask4\gtask4\Form1.h(204): warning C4244: аргумент: преобразование "float" в "int", возможна потеря данных
     1>c:\the_code\gtask4\gtask4\Form1.h(204): warning C4244: аргумент: преобразование "float" в "int", возможна потеря данных
     1>c:\the_code\gtask4\gtask4\Form1.h(298): warning C4305: аргумент: усечение из "double" к "float"
     1>c:\the_code\gtask4\gtask4\Form1.h(301): warning C4305: аргумент: усечение из "double" к "float"
     1>c:\the_code\gtask4\gtask4\Form1.h(316): warning C4305: аргумент: усечение из "double" к "float"
     1>c:\the_code\gtask4\gtask4\Form1.h(319): warning C4305: аргумент: усечение из "double" к "float"
     1>c:\the_code\gtask4\gtask4\Form1.h(322): warning C4244: аргумент: преобразование "int" в "float", возможна потеря данных
     1>c:\the_code\gtask4\gtask4\Form1.h(322): warning C4305: аргумент: усечение из "double" к "float"
     1>c:\the_code\gtask4\gtask4\Form1.h(325): warning C4244: аргумент: преобразование "int" в "float", возможна потеря данных
     1>c:\the_code\gtask4\gtask4\Form1.h(325): warning C4305: аргумент: усечение из "double" к "float"
     1>c:\the_code\gtask4\gtask4\Form1.h(328): warning C4244: аргумент: преобразование "int" в "float", возможна потеря данных
     1>c:\the_code\gtask4\gtask4\Form1.h(328): warning C4305: аргумент: усечение из "double" к "float"
     1>c:\the_code\gtask4\gtask4\Form1.h(331): warning C4244: аргумент: преобразование "int" в "float", возможна потеря данных
     1>c:\the_code\gtask4\gtask4\Form1.h(331): warning C4305: аргумент: усечение из "double" к "float"
         Для всех выходных данных обновления не требуется.
       CoreResGen:
         Отсутствуют ресурсы, устаревшие по отношению к файлам своих источников. Пропуск формирования ресурсов.
       ResourceCompile:
         Для всех выходных данных обновления не требуется.
       Link:
         C:\Program Files (x86)\Microsoft Visual Studio 10.0\VC\bin\link.exe /ERRORREPORT:PROMPT /OUT:"C:\THE_CODE\gtask4\Debug\gtask4.exe" /INCREMENTAL /NOLOGO /ASSEMBLYRESOURCE:Debug\gtask4.Form1.resources /MANIFEST /ManifestFile:"Debug\gtask4.exe.intermediate.manifest" /MANIFESTUAC:"level='asInvoker' uiAccess='false'" /DEBUG /PDB:"C:\THE_CODE\gtask4\Debug\gtask4.pdb" /ASSEMBLYDEBUG /SUBSYSTEM:WINDOWS /TLBID:1 /ENTRY:"main" /DYNAMICBASE /FIXED:NO /NXCOMPAT /MACHINE:X86 Debug\app.res
         Debug\AssemblyInfo.obj
         Debug\Clip.obj
         Debug\gtask4.obj
         Debug\stdafx.obj
         Debug\Transform.obj
         "Debug\.NETFramework,Version=v4.0.AssemblyAttributes.obj"
         gtask4.vcxproj -> C:\THE_CODE\gtask4\Debug\gtask4.exe
       Manifest:
         C:\Program Files (x86)\Microsoft SDKs\Windows\v7.0A\bin\mt.exe /nologo /verbose /outputresource:"C:\THE_CODE\gtask4\Debug\gtask4.exe;#1" /manifest Debug\gtask4.exe.intermediate.manifest
       FinalizeBuildStatus:
         Файл "Debug\gtask4.unsuccessfulbuild" удаляется.
         Обращение к "Debug\gtask4.lastbuildstate".
     1>Построение проекта "C:\THE_CODE\gtask4\gtask4\gtask4.vcxproj" завершено (целевые объекты build).

Построение успешно завершено.

Затраченное время: 00:00:03.51
