Построение начато 25.10.2016 23:24:53.
     1>Проект "M:\GraphicsProblems\Task5\Task5\Task5.vcxproj" в узле 2 (целевые объекты build).
     1>InitializeBuildStatus:
         Обращение к "Debug\Task5.unsuccessfulbuild".
       GenerateTargetFrameworkMonikerAttribute:
       Целевой объект "GenerateTargetFrameworkMonikerAttribute" пропускается, так как все выходные файлы актуальны по отношению к входным.
       ClCompile:
         Для всех выходных данных обновления не требуется.
         C:\Program Files (x86)\Microsoft Visual Studio 10.0\VC\bin\CL.exe /c /AI"C:\Program Files (x86)\Reference Assemblies\Microsoft\Framework\.NETFramework\v4.0" /Zi /clr:pure /nologo /W3 /WX- /Od /Oy- /D WIN32 /D _DEBUG /D _UNICODE /D UNICODE /EHa /MDd /GS /fp:precise /Zc:wchar_t /Zc:forScope /Yu"StdAfx.h" /Fp"Debug\Task5.pch" /Fo"Debug\\" /Fd"Debug\vc100.pdb" /TP /FU"C:\Program Files (x86)\Reference Assemblies\Microsoft\Framework\.NETFramework\v4.0\System.Core.dll" /FU"C:\Program Files (x86)\Reference Assemblies\Microsoft\Framework\.NETFramework\v4.0\System.Data.dll" /FU"C:\Program Files (x86)\Reference Assemblies\Microsoft\Framework\.NETFramework\v4.0\System.dll" /FU"C:\Program Files (x86)\Reference Assemblies\Microsoft\Framework\.NETFramework\v4.0\System.Drawing.dll" /FU"C:\Program Files (x86)\Reference Assemblies\Microsoft\Framework\.NETFramework\v4.0\System.Windows.Forms.dll" /FU"C:\Program Files (x86)\Reference Assemblies\Microsoft\Framework\.NETFramework\v4.0\System.Xml.dll" /analyze- /errorReport:prompt Task5.cpp Transform.cpp /clr:nostdlib 
         Task5.cpp
     1>m:\graphicsproblems\task5\task5\Form1.h(162): warning C4244: аргумент: преобразование "double" в "float", возможна потеря данных
     1>m:\graphicsproblems\task5\task5\Form1.h(162): warning C4244: аргумент: преобразование "double" в "float", возможна потеря данных
     1>m:\graphicsproblems\task5\task5\Form1.h(181): warning C4244: аргумент: преобразование "double" в "float", возможна потеря данных
     1>m:\graphicsproblems\task5\task5\Form1.h(181): warning C4244: аргумент: преобразование "double" в "float", возможна потеря данных
     1>m:\graphicsproblems\task5\task5\Form1.h(364): warning C4244: аргумент: преобразование "double" в "int", возможна потеря данных
     1>m:\graphicsproblems\task5\task5\Form1.h(364): warning C4244: аргумент: преобразование "double" в "int", возможна потеря данных
     1>m:\graphicsproblems\task5\task5\Form1.h(365): warning C4244: аргумент: преобразование "double" в "int", возможна потеря данных
     1>m:\graphicsproblems\task5\task5\Form1.h(365): warning C4244: аргумент: преобразование "double" в "int", возможна потеря данных
     1>m:\graphicsproblems\task5\task5\Form1.h(366): warning C4244: аргумент: преобразование "double" в "int", возможна потеря данных
     1>m:\graphicsproblems\task5\task5\Form1.h(366): warning C4244: аргумент: преобразование "double" в "int", возможна потеря данных
     1>m:\graphicsproblems\task5\task5\Form1.h(367): warning C4244: аргумент: преобразование "double" в "int", возможна потеря данных
     1>m:\graphicsproblems\task5\task5\Form1.h(367): warning C4244: аргумент: преобразование "double" в "int", возможна потеря данных
         Transform.cpp
         Создание кода...
         Для всех выходных данных обновления не требуется.
       CoreResGen:
         Отсутствуют ресурсы, устаревшие по отношению к файлам своих источников. Пропуск формирования ресурсов.
       ResourceCompile:
         Для всех выходных данных обновления не требуется.
       Link:
         C:\Program Files (x86)\Microsoft Visual Studio 10.0\VC\bin\link.exe /ERRORREPORT:PROMPT /OUT:"M:\GraphicsProblems\Task5\Debug\Task5.exe" /INCREMENTAL /NOLOGO /ASSEMBLYRESOURCE:Debug\Task5.Form1.resources /MANIFEST /ManifestFile:"Debug\Task5.exe.intermediate.manifest" /MANIFESTUAC:"level='asInvoker' uiAccess='false'" /DEBUG /PDB:"M:\GraphicsProblems\Task5\Debug\Task5.pdb" /ASSEMBLYDEBUG /SUBSYSTEM:WINDOWS /TLBID:1 /ENTRY:"main" /DYNAMICBASE /FIXED:NO /NXCOMPAT /MACHINE:X86 Debug\app.res
         Debug\AssemblyInfo.obj
         Debug\Function.obj
         Debug\stdafx.obj
         Debug\Task5.obj
         Debug\Transform.obj
         "Debug\.NETFramework,Version=v4.0.AssemblyAttributes.obj"
         Task5.vcxproj -> M:\GraphicsProblems\Task5\Debug\Task5.exe
       Manifest:
         C:\Program Files (x86)\Microsoft SDKs\Windows\v7.0A\bin\mt.exe /nologo /verbose /outputresource:"M:\GraphicsProblems\Task5\Debug\Task5.exe;#1" /manifest Debug\Task5.exe.intermediate.manifest
       FinalizeBuildStatus:
         Файл "Debug\Task5.unsuccessfulbuild" удаляется.
         Обращение к "Debug\Task5.lastbuildstate".
     1>Построение проекта "M:\GraphicsProblems\Task5\Task5\Task5.vcxproj" завершено (целевые объекты build).

Построение успешно завершено.

Затраченное время: 00:00:02.32
