Построение начато 4/25/2016 7:35:01 PM.
     1>Проект "D:\Универ\6 семестр\Компьютерная графика\Task8\Task6\Task6.vcxproj" в узле 2 (целевые объекты build).
     1>InitializeBuildStatus:
         Обращение к "Debug\Task8.unsuccessfulbuild".
       GenerateTargetFrameworkMonikerAttribute:
       Целевой объект "GenerateTargetFrameworkMonikerAttribute" пропускается, так как все выходные файлы актуальны по отношению к входным.
       ClCompile:
         Для всех выходных данных обновления не требуется.
         C:\Program Files (x86)\Microsoft Visual Studio 10.0\VC\bin\CL.exe /c /AI"C:\Program Files (x86)\Reference Assemblies\Microsoft\Framework\.NETFramework\v4.0" /Zi /clr:pure /nologo /W3 /WX- /Od /Oy- /D WIN32 /D _DEBUG /D _UNICODE /D UNICODE /EHa /MDd /GS /fp:precise /Zc:wchar_t /Zc:forScope /Yu"StdAfx.h" /Fp"Debug\Task8.pch" /Fo"Debug\\" /Fd"Debug\vc100.pdb" /TP /FU"C:\Program Files (x86)\Reference Assemblies\Microsoft\Framework\.NETFramework\v4.0\System.Core.dll" /FU"C:\Program Files (x86)\Reference Assemblies\Microsoft\Framework\.NETFramework\v4.0\System.Data.dll" /FU"C:\Program Files (x86)\Reference Assemblies\Microsoft\Framework\.NETFramework\v4.0\System.dll" /FU"C:\Program Files (x86)\Reference Assemblies\Microsoft\Framework\.NETFramework\v4.0\System.Drawing.dll" /FU"C:\Program Files (x86)\Reference Assemblies\Microsoft\Framework\.NETFramework\v4.0\System.Windows.Forms.dll" /FU"C:\Program Files (x86)\Reference Assemblies\Microsoft\Framework\.NETFramework\v4.0\System.Xml.dll" /analyze- /errorReport:prompt Transform.cpp /clr:nostdlib 
         Transform.cpp
     1>Transform.cpp(1): warning C4005: __CLR_VER: изменение макроопределения
                 аргументы командной строки:  см. предыдущее определение "__CLR_VER"
     1>Transform.cpp(1): warning C4651: параметр "/D__CLR_VER=40601073" указан для предкомпилированного заголовка, но не для текущей компиляции
     1>Transform.cpp(271): warning C4244: =: преобразование "double" в "float", возможна потеря данных
     1>Transform.cpp(277): warning C4244: =: преобразование "double" в "float", возможна потеря данных
     1>Transform.cpp(285): warning C4244: аргумент: преобразование "int" в "float", возможна потеря данных
     1>Transform.cpp(285): warning C4244: аргумент: преобразование "int" в "float", возможна потеря данных
     1>Transform.cpp(302): warning C4244: аргумент: преобразование "int" в "float", возможна потеря данных
     1>Transform.cpp(302): warning C4244: аргумент: преобразование "int" в "float", возможна потеря данных
     1>Transform.cpp(307): warning C4244: аргумент: преобразование "int" в "float", возможна потеря данных
     1>Transform.cpp(307): warning C4244: аргумент: преобразование "int" в "float", возможна потеря данных
     1>Transform.cpp(324): warning C4244: аргумент: преобразование "int" в "float", возможна потеря данных
     1>Transform.cpp(324): warning C4244: аргумент: преобразование "int" в "float", возможна потеря данных
     1>Transform.cpp(764): warning C4305: инициализация: усечение из "double" к "float"
         Для всех выходных данных обновления не требуется.
       CoreResGen:
         Отсутствуют ресурсы, устаревшие по отношению к файлам своих источников. Пропуск формирования ресурсов.
       ResourceCompile:
         Для всех выходных данных обновления не требуется.
       Link:
         C:\Program Files (x86)\Microsoft Visual Studio 10.0\VC\bin\link.exe /ERRORREPORT:PROMPT /OUT:"D:\Универ\6 семестр\Компьютерная графика\Task8\Debug\Task8.exe" /INCREMENTAL /NOLOGO /ASSEMBLYRESOURCE:Debug\Task6.Form1.resources /MANIFEST /ManifestFile:"Debug\Task8.exe.intermediate.manifest" /MANIFESTUAC:"level='asInvoker' uiAccess='false'" /DEBUG /PDB:"D:\Универ\6 семестр\Компьютерная графика\Task8\Debug\Task8.pdb" /ASSEMBLYDEBUG /SUBSYSTEM:WINDOWS /TLBID:1 /ENTRY:"main" /DYNAMICBASE /FIXED:NO /NXCOMPAT /MACHINE:X86 Debug\app.res
         Debug\AssemblyInfo.obj
         Debug\stdafx.obj
         Debug\Task6.obj
         Debug\Transform.obj
         "Debug\.NETFramework,Version=v4.0.AssemblyAttributes.obj"
         Task6.vcxproj -> D:\Универ\6 семестр\Компьютерная графика\Task8\Debug\Task8.exe
       Manifest:
         C:\Program Files (x86)\Microsoft SDKs\Windows\v7.0A\bin\mt.exe /nologo /verbose /outputresource:"D:\Универ\6 семестр\Компьютерная графика\Task8\Debug\Task8.exe;#1" /manifest Debug\Task8.exe.intermediate.manifest
       FinalizeBuildStatus:
         Файл "Debug\Task8.unsuccessfulbuild" удаляется.
         Обращение к "Debug\Task8.lastbuildstate".
     1>Построение проекта "D:\Универ\6 семестр\Компьютерная графика\Task8\Task6\Task6.vcxproj" завершено (целевые объекты build).

Построение успешно завершено.

Затраченное время: 00:00:03.13
