c:\users\aleksandr\downloads\task9\task9\task3\debug\task3.pch
c:\users\aleksandr\downloads\task9\task9\task3\debug\vc140.pdb
c:\users\aleksandr\downloads\task9\task9\task3\debug\stdafx.obj
c:\users\aleksandr\downloads\task9\task9\task3\debug\transform.obj
c:\users\aleksandr\downloads\task9\task9\task3\debug\task3.obj
c:\users\aleksandr\downloads\task9\task9\task3\debug\pclip.obj
c:\users\aleksandr\downloads\task9\task9\task3\debug\assemblyinfo.obj
c:\users\aleksandr\downloads\task9\task9\task3\debug\.netframework,version=v4.0.assemblyattributes.obj
c:\users\aleksandr\downloads\task9\task9\task3\debug\.netframework,version=v4.0.assemblyattributes.asm
c:\users\aleksandr\downloads\task9\task9\task3\debug\app.res
c:\users\aleksandr\downloads\task9\task9\task3\debug\task3.form1.resources
c:\users\aleksandr\downloads\task9\task9\task3\debug\task3.vcxproj.generateresource.cache
c:\users\aleksandr\downloads\task9\task9\task3\debug\task3.vcxprojresolveassemblyreference.cache
c:\users\aleksandr\downloads\task9\task9\task3\debug\task3.exe.intermediate.manifest
c:\users\aleksandr\downloads\task9\task9\task3\debug\vc90.idb
c:\users\aleksandr\downloads\task9\task9\task3\debug\vc90.pdb
c:\users\aleksandr\downloads\task9\task9\debug\task3.pdb
c:\users\aleksandr\downloads\task9\task9\task3\debug\task3.tlog\cl.command.1.tlog
c:\users\aleksandr\downloads\task9\task9\task3\debug\task3.tlog\cl.read.1.tlog
c:\users\aleksandr\downloads\task9\task9\task3\debug\task3.tlog\cl.write.1.tlog
c:\users\aleksandr\downloads\task9\task9\task3\debug\task3.tlog\link.11736-cvtres.read.1.tlog
c:\users\aleksandr\downloads\task9\task9\task3\debug\task3.tlog\link.11736-cvtres.write.1.tlog
c:\users\aleksandr\downloads\task9\task9\task3\debug\task3.tlog\link.11736-rc.read.1.tlog
c:\users\aleksandr\downloads\task9\task9\task3\debug\task3.tlog\link.11736-rc.write.1.tlog
c:\users\aleksandr\downloads\task9\task9\task3\debug\task3.tlog\link.11736.read.1.tlog
c:\users\aleksandr\downloads\task9\task9\task3\debug\task3.tlog\link.11736.write.1.tlog
c:\users\aleksandr\downloads\task9\task9\task3\debug\task3.tlog\link.command.1.tlog
c:\users\aleksandr\downloads\task9\task9\task3\debug\task3.tlog\link.read.1.tlog
c:\users\aleksandr\downloads\task9\task9\task3\debug\task3.tlog\link.write.1.tlog
c:\users\aleksandr\downloads\task9\task9\task3\debug\task3.tlog\metagen.read.1.tlog
c:\users\aleksandr\downloads\task9\task9\task3\debug\task3.tlog\metagen.write.1.tlog
c:\users\aleksandr\downloads\task9\task9\task3\debug\task3.tlog\rc.command.1.tlog
c:\users\aleksandr\downloads\task9\task9\task3\debug\task3.tlog\rc.read.1.tlog
c:\users\aleksandr\downloads\task9\task9\task3\debug\task3.tlog\rc.write.1.tlog
c:\users\aleksandr\downloads\task9\task9\task3\debug\task3.tlog\task3.write.1u.tlog
c:\users\aleksandr\downloads\task9\task9\task3\debug\task3.tlog\tzres.dll.bi
