d:\универ\6 семестр\компьютерная графика\task9\task9\task3\debug\task9.pch
d:\универ\6 семестр\компьютерная графика\task9\task9\task3\debug\vc140.pdb
d:\универ\6 семестр\компьютерная графика\task9\task9\task3\debug\stdafx.obj
d:\универ\6 семестр\компьютерная графика\task9\task9\task3\debug\transform.obj
d:\универ\6 семестр\компьютерная графика\task9\task9\task3\debug\task9.obj
d:\универ\6 семестр\компьютерная графика\task9\task9\task3\debug\pclip.obj
d:\универ\6 семестр\компьютерная графика\task9\task9\task3\debug\assemblyinfo.obj
d:\универ\6 семестр\компьютерная графика\task9\task9\task3\debug\.netframework,version=v4.0.assemblyattributes.obj
d:\универ\6 семестр\компьютерная графика\task9\task9\task3\debug\.netframework,version=v4.0.assemblyattributes.asm
d:\универ\6 семестр\компьютерная графика\task9\task9\debug\task9.exe
d:\универ\6 семестр\компьютерная графика\task9\task9\debug\task9.pdb
d:\универ\6 семестр\компьютерная графика\task9\task9\task3\debug\app.res
d:\универ\6 семестр\компьютерная графика\task9\task9\task3\debug\task3.form1.resources
d:\универ\6 семестр\компьютерная графика\task9\task9\task3\debug\task3.myform.resources
d:\универ\6 семестр\компьютерная графика\task9\task9\task3\debug\task3.vcxproj.generateresource.cache
d:\универ\6 семестр\компьютерная графика\task9\task9\task3\debug\task3.vcxprojresolveassemblyreference.cache
d:\универ\6 семестр\компьютерная графика\task9\task9\task3\debug\task9.tlog\cl.command.1.tlog
d:\универ\6 семестр\компьютерная графика\task9\task9\task3\debug\task9.tlog\cl.read.1.tlog
d:\универ\6 семестр\компьютерная графика\task9\task9\task3\debug\task9.tlog\cl.write.1.tlog
d:\универ\6 семестр\компьютерная графика\task9\task9\task3\debug\task9.tlog\link.command.1.tlog
d:\универ\6 семестр\компьютерная графика\task9\task9\task3\debug\task9.tlog\link.read.1.tlog
d:\универ\6 семестр\компьютерная графика\task9\task9\task3\debug\task9.tlog\link.write.1.tlog
d:\универ\6 семестр\компьютерная графика\task9\task9\task3\debug\task9.tlog\metagen.read.1.tlog
d:\универ\6 семестр\компьютерная графика\task9\task9\task3\debug\task9.tlog\metagen.write.1.tlog
d:\универ\6 семестр\компьютерная графика\task9\task9\task3\debug\task9.tlog\rc.command.1.tlog
d:\универ\6 семестр\компьютерная графика\task9\task9\task3\debug\task9.tlog\rc.read.1.tlog
d:\универ\6 семестр\компьютерная графика\task9\task9\task3\debug\task9.tlog\rc.write.1.tlog
d:\универ\6 семестр\компьютерная графика\task9\task9\task3\debug\task9.tlog\task9.write.1u.tlog
d:\универ\6 семестр\компьютерная графика\task9\task9\task3\debug\task9.tlog\tzres.dll.bi
