Построение начато 4/4/2016 2:30:06 PM.
     1>Проект "D:\Универ\6 семестр\Компьютерная графика\Task7\Task6\Task6.vcxproj" в узле 2 (целевые объекты build).
     1>InitializeBuildStatus:
         Обращение к "Debug\Task7.unsuccessfulbuild".
       GenerateTargetFrameworkMonikerAttribute:
       Целевой объект "GenerateTargetFrameworkMonikerAttribute" пропускается, так как все выходные файлы актуальны по отношению к входным.
       ClCompile:
         Для всех выходных данных обновления не требуется.
         Для всех выходных данных обновления не требуется.
         Для всех выходных данных обновления не требуется.
       CoreResGen:
         Отсутствуют ресурсы, устаревшие по отношению к файлам своих источников. Пропуск формирования ресурсов.
       ResourceCompile:
         Для всех выходных данных обновления не требуется.
       Link:
         C:\Program Files (x86)\Microsoft Visual Studio 10.0\VC\bin\link.exe /ERRORREPORT:PROMPT /OUT:"D:\Универ\6 семестр\Компьютерная графика\Task7\Debug\Task7.exe" /INCREMENTAL /NOLOGO /ASSEMBLYRESOURCE:Debug\Task6.Form1.resources /MANIFEST /ManifestFile:"Debug\Task7.exe.intermediate.manifest" /MANIFESTUAC:"level='asInvoker' uiAccess='false'" /DEBUG /PDB:"D:\Универ\6 семестр\Компьютерная графика\Task7\Debug\Task7.pdb" /ASSEMBLYDEBUG /SUBSYSTEM:WINDOWS /TLBID:1 /ENTRY:"main" /DYNAMICBASE /FIXED:NO /NXCOMPAT /MACHINE:X86 Debug\app.res
         Debug\AssemblyInfo.obj
         Debug\stdafx.obj
         Debug\Task6.obj
         Debug\Transform.obj
         "Debug\.NETFramework,Version=v4.0.AssemblyAttributes.obj"
         Task6.vcxproj -> D:\Универ\6 семестр\Компьютерная графика\Task7\Debug\Task7.exe
       Manifest:
         C:\Program Files (x86)\Microsoft SDKs\Windows\v7.0A\bin\mt.exe /nologo /verbose /outputresource:"D:\Универ\6 семестр\Компьютерная графика\Task7\Debug\Task7.exe;#1" /manifest Debug\Task7.exe.intermediate.manifest
       FinalizeBuildStatus:
         Файл "Debug\Task7.unsuccessfulbuild" удаляется.
         Обращение к "Debug\Task7.lastbuildstate".
     1>Построение проекта "D:\Универ\6 семестр\Компьютерная графика\Task7\Task6\Task6.vcxproj" завершено (целевые объекты build).

Построение успешно завершено.

Затраченное время: 00:00:01.49
