Построение начато 26.10.2016 6:41:33.
     1>Проект "D:\THE_CODE\Компьютерная графика\Task8\Task6\Task6.vcxproj" в узле 2 (целевые объекты build).
     1>InitializeBuildStatus:
         Создание "Debug\Task8.unsuccessfulbuild", так как было задано "AlwaysCreate".
       GenerateTargetFrameworkMonikerAttribute:
       Целевой объект "GenerateTargetFrameworkMonikerAttribute" пропускается, так как все выходные файлы актуальны по отношению к входным.
       ClCompile:
         C:\Program Files (x86)\Microsoft Visual Studio 10.0\VC\bin\CL.exe /c /AI"C:\Program Files (x86)\Reference Assemblies\Microsoft\Framework\.NETFramework\v4.0" /Zi /clr:pure /nologo /W3 /WX- /Od /Oy- /D WIN32 /D _DEBUG /D _UNICODE /D UNICODE /EHa /MDd /GS /fp:precise /Zc:wchar_t /Zc:forScope /Yc"StdAfx.h" /Fp"Debug\Task8.pch" /Fo"Debug\\" /Fd"Debug\vc100.pdb" /TP /FU"C:\Program Files (x86)\Reference Assemblies\Microsoft\Framework\.NETFramework\v4.0\System.Core.dll" /FU"C:\Program Files (x86)\Reference Assemblies\Microsoft\Framework\.NETFramework\v4.0\System.Data.dll" /FU"C:\Program Files (x86)\Reference Assemblies\Microsoft\Framework\.NETFramework\v4.0\System.dll" /FU"C:\Program Files (x86)\Reference Assemblies\Microsoft\Framework\.NETFramework\v4.0\System.Drawing.dll" /FU"C:\Program Files (x86)\Reference Assemblies\Microsoft\Framework\.NETFramework\v4.0\System.Windows.Forms.dll" /FU"C:\Program Files (x86)\Reference Assemblies\Microsoft\Framework\.NETFramework\v4.0\System.Xml.dll" /analyze- /errorReport:prompt stdafx.cpp /clr:nostdlib 
         stdafx.cpp
         C:\Program Files (x86)\Microsoft Visual Studio 10.0\VC\bin\CL.exe /c /AI"C:\Program Files (x86)\Reference Assemblies\Microsoft\Framework\.NETFramework\v4.0" /Zi /clr:pure /nologo /W3 /WX- /Od /Oy- /D WIN32 /D _DEBUG /D _UNICODE /D UNICODE /EHa /MDd /GS /fp:precise /Zc:wchar_t /Zc:forScope /Yu"StdAfx.h" /Fp"Debug\Task8.pch" /Fo"Debug\\" /Fd"Debug\vc100.pdb" /TP /FU"C:\Program Files (x86)\Reference Assemblies\Microsoft\Framework\.NETFramework\v4.0\System.Core.dll" /FU"C:\Program Files (x86)\Reference Assemblies\Microsoft\Framework\.NETFramework\v4.0\System.Data.dll" /FU"C:\Program Files (x86)\Reference Assemblies\Microsoft\Framework\.NETFramework\v4.0\System.dll" /FU"C:\Program Files (x86)\Reference Assemblies\Microsoft\Framework\.NETFramework\v4.0\System.Drawing.dll" /FU"C:\Program Files (x86)\Reference Assemblies\Microsoft\Framework\.NETFramework\v4.0\System.Windows.Forms.dll" /FU"C:\Program Files (x86)\Reference Assemblies\Microsoft\Framework\.NETFramework\v4.0\System.Xml.dll" /analyze- /errorReport:prompt AssemblyInfo.cpp Task6.cpp Transform.cpp /clr:nostdlib 
         AssemblyInfo.cpp
         Task6.cpp
     1>d:\the_code\компьютерная графика\task8\task6\Form1.h(105): warning C4244: аргумент: преобразование "float" в "int", возможна потеря данных
     1>d:\the_code\компьютерная графика\task8\task6\Form1.h(105): warning C4244: аргумент: преобразование "float" в "int", возможна потеря данных
     1>d:\the_code\компьютерная графика\task8\task6\Form1.h(105): warning C4244: аргумент: преобразование "float" в "int", возможна потеря данных
     1>d:\the_code\компьютерная графика\task8\task6\Form1.h(105): warning C4244: аргумент: преобразование "float" в "int", возможна потеря данных
     1>d:\the_code\компьютерная графика\task8\task6\Form1.h(155): warning C4244: аргумент: преобразование "float" в "int", возможна потеря данных
     1>d:\the_code\компьютерная графика\task8\task6\Form1.h(155): warning C4244: аргумент: преобразование "float" в "int", возможна потеря данных
     1>d:\the_code\компьютерная графика\task8\task6\Form1.h(156): warning C4244: аргумент: преобразование "float" в "int", возможна потеря данных
     1>d:\the_code\компьютерная графика\task8\task6\Form1.h(156): warning C4244: аргумент: преобразование "float" в "int", возможна потеря данных
     1>d:\the_code\компьютерная графика\task8\task6\Form1.h(157): warning C4244: аргумент: преобразование "float" в "int", возможна потеря данных
     1>d:\the_code\компьютерная графика\task8\task6\Form1.h(157): warning C4244: аргумент: преобразование "float" в "int", возможна потеря данных
     1>d:\the_code\компьютерная графика\task8\task6\Form1.h(158): warning C4244: аргумент: преобразование "float" в "int", возможна потеря данных
     1>d:\the_code\компьютерная графика\task8\task6\Form1.h(158): warning C4244: аргумент: преобразование "float" в "int", возможна потеря данных
     1>d:\the_code\компьютерная графика\task8\task6\Form1.h(173): warning C4305: =: усечение из "double" к "float"
     1>d:\the_code\компьютерная графика\task8\task6\Form1.h(175): warning C4305: =: усечение из "double" к "float"
     1>d:\the_code\компьютерная графика\task8\task6\Form1.h(210): warning C4244: аргумент: преобразование "int" в "float", возможна потеря данных
     1>d:\the_code\компьютерная графика\task8\task6\Form1.h(210): warning C4244: аргумент: преобразование "int" в "float", возможна потеря данных
     1>d:\the_code\компьютерная графика\task8\task6\Form1.h(259): warning C4305: аргумент: усечение из "double" к "float"
     1>d:\the_code\компьютерная графика\task8\task6\Form1.h(260): warning C4305: аргумент: усечение из "double" к "float"
     1>d:\the_code\компьютерная графика\task8\task6\Form1.h(265): warning C4305: аргумент: усечение из "double" к "float"
     1>d:\the_code\компьютерная графика\task8\task6\Form1.h(266): warning C4305: аргумент: усечение из "double" к "float"
     1>d:\the_code\компьютерная графика\task8\task6\Form1.h(267): warning C4244: аргумент: преобразование "int" в "float", возможна потеря данных
     1>d:\the_code\компьютерная графика\task8\task6\Form1.h(267): warning C4305: аргумент: усечение из "double" к "float"
     1>d:\the_code\компьютерная графика\task8\task6\Form1.h(268): warning C4244: аргумент: преобразование "int" в "float", возможна потеря данных
     1>d:\the_code\компьютерная графика\task8\task6\Form1.h(268): warning C4305: аргумент: усечение из "double" к "float"
     1>d:\the_code\компьютерная графика\task8\task6\Form1.h(269): warning C4244: аргумент: преобразование "int" в "float", возможна потеря данных
     1>d:\the_code\компьютерная графика\task8\task6\Form1.h(269): warning C4305: аргумент: усечение из "double" к "float"
     1>d:\the_code\компьютерная графика\task8\task6\Form1.h(270): warning C4244: аргумент: преобразование "int" в "float", возможна потеря данных
     1>d:\the_code\компьютерная графика\task8\task6\Form1.h(270): warning C4305: аргумент: усечение из "double" к "float"
     1>d:\the_code\компьютерная графика\task8\task6\Form1.h(279): warning C4244: инициализация: преобразование "double" в "float", возможна потеря данных
     1>d:\the_code\компьютерная графика\task8\task6\Form1.h(280): warning C4244: инициализация: преобразование "double" в "float", возможна потеря данных
         Transform.cpp
     1>Transform.cpp(271): warning C4244: =: преобразование "double" в "float", возможна потеря данных
     1>Transform.cpp(277): warning C4244: =: преобразование "double" в "float", возможна потеря данных
     1>Transform.cpp(285): warning C4244: аргумент: преобразование "int" в "float", возможна потеря данных
     1>Transform.cpp(285): warning C4244: аргумент: преобразование "int" в "float", возможна потеря данных
     1>Transform.cpp(302): warning C4244: аргумент: преобразование "int" в "float", возможна потеря данных
     1>Transform.cpp(302): warning C4244: аргумент: преобразование "int" в "float", возможна потеря данных
     1>Transform.cpp(307): warning C4244: аргумент: преобразование "int" в "float", возможна потеря данных
     1>Transform.cpp(307): warning C4244: аргумент: преобразование "int" в "float", возможна потеря данных
     1>Transform.cpp(324): warning C4244: аргумент: преобразование "int" в "float", возможна потеря данных
     1>Transform.cpp(324): warning C4244: аргумент: преобразование "int" в "float", возможна потеря данных
     1>Transform.cpp(764): warning C4305: инициализация: усечение из "double" к "float"
         Создание кода...
         C:\Program Files (x86)\Microsoft Visual Studio 10.0\VC\bin\CL.exe /c /Zi /clr:pure /nologo /W3 /WX- /Od /Oy- /D WIN32 /D _DEBUG /D _UNICODE /D UNICODE /EHa /MDd /GS /fp:precise /Zc:wchar_t /Zc:forScope /Fo"Debug\\" /Fd"Debug\vc100.pdb" /TP /analyze- /errorReport:prompt "C:\Users\gc\AppData\Local\Temp\.NETFramework,Version=v4.0.AssemblyAttributes.cpp"
         .NETFramework,Version=v4.0.AssemblyAttributes.cpp
       CoreResGen:
         Отсутствуют ресурсы, устаревшие по отношению к файлам своих источников. Пропуск формирования ресурсов.
       ResourceCompile:
         C:\Program Files (x86)\Microsoft SDKs\Windows\v7.0A\bin\rc.exe /D _UNICODE /D UNICODE /l"0x0409" /nologo /fo"Debug\app.res" app.rc 
       Link:
         C:\Program Files (x86)\Microsoft Visual Studio 10.0\VC\bin\link.exe /ERRORREPORT:PROMPT /OUT:"D:\THE_CODE\Компьютерная графика\Task8\Debug\Task8.exe" /INCREMENTAL /NOLOGO /ASSEMBLYRESOURCE:Debug\Task6.Form1.resources /MANIFEST /ManifestFile:"Debug\Task8.exe.intermediate.manifest" /MANIFESTUAC:"level='asInvoker' uiAccess='false'" /DEBUG /PDB:"D:\THE_CODE\Компьютерная графика\Task8\Debug\Task8.pdb" /ASSEMBLYDEBUG /SUBSYSTEM:WINDOWS /TLBID:1 /ENTRY:"main" /DYNAMICBASE /FIXED:NO /NXCOMPAT /MACHINE:X86 Debug\app.res
         Debug\AssemblyInfo.obj
         Debug\stdafx.obj
         Debug\Task6.obj
         Debug\Transform.obj
         "Debug\.NETFramework,Version=v4.0.AssemblyAttributes.obj"
         Task6.vcxproj -> D:\THE_CODE\Компьютерная графика\Task8\Debug\Task8.exe
       Manifest:
         C:\Program Files (x86)\Microsoft SDKs\Windows\v7.0A\bin\mt.exe /nologo /verbose /outputresource:"D:\THE_CODE\Компьютерная графика\Task8\Debug\Task8.exe;#1" /manifest Debug\Task8.exe.intermediate.manifest
       FinalizeBuildStatus:
         Файл "Debug\Task8.unsuccessfulbuild" удаляется.
         Обращение к "Debug\Task8.lastbuildstate".
     1>Построение проекта "D:\THE_CODE\Компьютерная графика\Task8\Task6\Task6.vcxproj" завершено (целевые объекты build).

Построение успешно завершено.

Затраченное время: 00:00:05.78
