INSERT INTO Book_general(title, udc, date_delivery) VALUES(N'Процесс', N'41 467.334', '1900-5-6')
INSERT INTO Book_general(title, udc, date_delivery) VALUES(N'Замок', N'478 358.962', '1964-5-15')
INSERT INTO Book_general(title, udc, date_delivery) VALUES(N'Ностромо', N'281 827.961', '1991-7-23')
INSERT INTO Book_general(title, udc, date_delivery) VALUES(N'Самостоятельные люди', N'827 436.391', '1904-2-8')
INSERT INTO Book_general(title, udc, date_delivery) VALUES(N'Золотая тетрадь', N'292 382.421', '1916-2-1')
INSERT INTO Book_general(title, udc, date_delivery) VALUES(N'Записки сумасшедшего', N'447 726.771', '1938-9-18')
INSERT INTO Book_general(title, udc, date_delivery) VALUES(N'Будденброки', N'667 299.35', '1994-11-2')
INSERT INTO Book_general(title, udc, date_delivery) VALUES(N'Предания нашей улицы', N'322 333.673', '1964-9-26')
INSERT INTO Book_general(title, udc, date_delivery) VALUES(N'Моби Дик', N'253 868.547', '1944-10-16')
INSERT INTO Book_general(title, udc, date_delivery) VALUES(N'Опыты', N'37 859.723', '1941-1-24')
INSERT INTO Book_general(title, udc, date_delivery) VALUES(N'История', N'316 35.190', '1942-1-4')
INSERT INTO Book_general(title, udc, date_delivery) VALUES(N'Человек без свойств', N'40 942.264', '1948-2-25')
INSERT INTO Book_general(title, udc, date_delivery) VALUES(N'Метаморфозы', N'890 729.370', '1950-6-13')
INSERT INTO Book_general(title, udc, date_delivery) VALUES(N'1984', N'393 548.629', '1923-1-2')
INSERT INTO Book_general(title, udc, date_delivery) VALUES(N'Книга непокоя', N'756 840.966', '1976-11-5')
INSERT INTO Book_general(title, udc, date_delivery) VALUES(N'В поисках утраченного времени', N'944 439.626', '1923-5-20')
INSERT INTO Book_general(title, udc, date_delivery) VALUES(N'Гаргантюа и Пантагрюэль', N'118 82.929', '1941-9-27')
INSERT INTO Book_general(title, udc, date_delivery) VALUES(N'Маснави', N'639 658.704', '1930-9-15')
INSERT INTO Book_general(title, udc, date_delivery) VALUES(N'Дети полуночи', N'673 386.21', '1945-8-19')
INSERT INTO Book_general(title, udc, date_delivery) VALUES(N'Бустан', N'270 829.777', '1973-9-11')
INSERT INTO Book_general(title, udc, date_delivery) VALUES(N'Сезон паломничества на Север', N'986 290.161', '1936-11-1')
INSERT INTO Book_general(title, udc, date_delivery) VALUES(N'Слепота', N'655 574.31', '1952-2-19')
INSERT INTO Book_general(title, udc, date_delivery) VALUES(N'Путешествие на край ночи', N'941 724.966', '1930-3-2')
INSERT INTO Book_general(title, udc, date_delivery) VALUES(N'Повесть о блистательном принце Гэндзи', N'7 337.457', '1987-9-1')
INSERT INTO Book_general(title, udc, date_delivery) VALUES(N'Эдип-царь', N'945 909.209', '1958-5-28')
INSERT INTO Book_general(title, udc, date_delivery) VALUES(N'Красное и чёрное', N'422 946.506', '1930-9-23')
