Построение начато 25.05.2016 18:00:36.
     1>Проект "C:\THE_CODE\gtask4\gtask4\gtask4.vcxproj" в узле 2 (целевые объекты build).
     1>PrepareForBuild:
         Создание каталога "C:\THE_CODE\gtask4\Release\".
       InitializeBuildStatus:
         Создание "Release\gtask4.unsuccessfulbuild", так как было задано "AlwaysCreate".
       GenerateTargetFrameworkMonikerAttribute:
       Целевой объект "GenerateTargetFrameworkMonikerAttribute" пропускается, так как все выходные файлы актуальны по отношению к входным.
       ClCompile:
         C:\Program Files (x86)\Microsoft Visual Studio 10.0\VC\bin\CL.exe /c /AI"C:\Program Files (x86)\Reference Assemblies\Microsoft\Framework\.NETFramework\v4.0" /Zi /clr:pure /nologo /W3 /WX- /O2 /Oy- /D WIN32 /D NDEBUG /D _UNICODE /D UNICODE /EHa /MD /GS /fp:precise /Zc:wchar_t /Zc:forScope /Yc"StdAfx.h" /Fp"Release\gtask4.pch" /Fo"Release\\" /Fd"Release\vc100.pdb" /TP /FU"C:\Program Files (x86)\Reference Assemblies\Microsoft\Framework\.NETFramework\v4.0\System.Core.dll" /FU"C:\Program Files (x86)\Reference Assemblies\Microsoft\Framework\.NETFramework\v4.0\System.Data.dll" /FU"C:\Program Files (x86)\Reference Assemblies\Microsoft\Framework\.NETFramework\v4.0\System.dll" /FU"C:\Program Files (x86)\Reference Assemblies\Microsoft\Framework\.NETFramework\v4.0\System.Drawing.dll" /FU"C:\Program Files (x86)\Reference Assemblies\Microsoft\Framework\.NETFramework\v4.0\System.Windows.Forms.dll" /FU"C:\Program Files (x86)\Reference Assemblies\Microsoft\Framework\.NETFramework\v4.0\System.Xml.dll" /analyze- /errorReport:prompt stdafx.cpp /clr:nostdlib 
         stdafx.cpp
         C:\Program Files (x86)\Microsoft Visual Studio 10.0\VC\bin\CL.exe /c /AI"C:\Program Files (x86)\Reference Assemblies\Microsoft\Framework\.NETFramework\v4.0" /Zi /clr:pure /nologo /W3 /WX- /O2 /Oy- /D WIN32 /D NDEBUG /D _UNICODE /D UNICODE /EHa /MD /GS /fp:precise /Zc:wchar_t /Zc:forScope /Yu"StdAfx.h" /Fp"Release\gtask4.pch" /Fo"Release\\" /Fd"Release\vc100.pdb" /TP /FU"C:\Program Files (x86)\Reference Assemblies\Microsoft\Framework\.NETFramework\v4.0\System.Core.dll" /FU"C:\Program Files (x86)\Reference Assemblies\Microsoft\Framework\.NETFramework\v4.0\System.Data.dll" /FU"C:\Program Files (x86)\Reference Assemblies\Microsoft\Framework\.NETFramework\v4.0\System.dll" /FU"C:\Program Files (x86)\Reference Assemblies\Microsoft\Framework\.NETFramework\v4.0\System.Drawing.dll" /FU"C:\Program Files (x86)\Reference Assemblies\Microsoft\Framework\.NETFramework\v4.0\System.Windows.Forms.dll" /FU"C:\Program Files (x86)\Reference Assemblies\Microsoft\Framework\.NETFramework\v4.0\System.Xml.dll" /analyze- /errorReport:prompt AssemblyInfo.cpp Clip.cpp gtask4.cpp Transform.cpp /clr:nostdlib 
         AssemblyInfo.cpp
         Clip.cpp
         gtask4.cpp
         Transform.cpp
     1>Transform.cpp(270): warning C4244: аргумент: преобразование "int" в "float", возможна потеря данных
     1>Transform.cpp(270): warning C4244: аргумент: преобразование "int" в "float", возможна потеря данных
     1>Transform.cpp(287): warning C4244: аргумент: преобразование "int" в "float", возможна потеря данных
     1>Transform.cpp(287): warning C4244: аргумент: преобразование "int" в "float", возможна потеря данных
     1>Transform.cpp(292): warning C4244: аргумент: преобразование "int" в "float", возможна потеря данных
     1>Transform.cpp(292): warning C4244: аргумент: преобразование "int" в "float", возможна потеря данных
     1>Transform.cpp(309): warning C4244: аргумент: преобразование "int" в "float", возможна потеря данных
     1>Transform.cpp(309): warning C4244: аргумент: преобразование "int" в "float", возможна потеря данных
         Создание кода...
         C:\Program Files (x86)\Microsoft Visual Studio 10.0\VC\bin\CL.exe /c /Zi /clr:pure /nologo /W3 /WX- /O2 /Oy- /D WIN32 /D NDEBUG /D _UNICODE /D UNICODE /EHa /MD /GS /fp:precise /Zc:wchar_t /Zc:forScope /Fo"Release\\" /Fd"Release\vc100.pdb" /TP /analyze- /errorReport:prompt "C:\Users\gc\AppData\Local\Temp\.NETFramework,Version=v4.0.AssemblyAttributes.cpp"
         .NETFramework,Version=v4.0.AssemblyAttributes.cpp
       CoreResGen:
         "C:\Program Files (x86)\Microsoft SDKs\Windows\v7.0A\bin\NETFX 4.0 Tools\resgen.exe" /useSourcePath /r:"C:\Program Files (x86)\Reference Assemblies\Microsoft\Framework\.NETFramework\v4.0\System.Core.dll" /r:"C:\Program Files (x86)\Reference Assemblies\Microsoft\Framework\.NETFramework\v4.0\System.Data.dll" /r:"C:\Program Files (x86)\Reference Assemblies\Microsoft\Framework\.NETFramework\v4.0\System.dll" /r:"C:\Program Files (x86)\Reference Assemblies\Microsoft\Framework\.NETFramework\v4.0\System.Drawing.dll" /r:"C:\Program Files (x86)\Reference Assemblies\Microsoft\Framework\.NETFramework\v4.0\System.Windows.Forms.dll" /r:"C:\Program Files (x86)\Reference Assemblies\Microsoft\Framework\.NETFramework\v4.0\System.Xml.dll" /compile Form1.resX,Release\gtask4.Form1.resources
         Обрабатывается файл ресурсов "Form1.resX", результирующий объект: "Release\gtask4.Form1.resources".
       ResourceCompile:
         C:\Program Files (x86)\Microsoft SDKs\Windows\v7.0A\bin\rc.exe /D _UNICODE /D UNICODE /l"0x0409" /nologo /fo"Release\app.res" app.rc 
       Link:
         C:\Program Files (x86)\Microsoft Visual Studio 10.0\VC\bin\link.exe /ERRORREPORT:PROMPT /OUT:"C:\THE_CODE\gtask4\Release\gtask4.exe" /INCREMENTAL:NO /NOLOGO /ASSEMBLYRESOURCE:Release\gtask4.Form1.resources /MANIFEST /ManifestFile:"Release\gtask4.exe.intermediate.manifest" /MANIFESTUAC:"level='asInvoker' uiAccess='false'" /DEBUG /PDB:"C:\THE_CODE\gtask4\Release\gtask4.pdb" /SUBSYSTEM:WINDOWS /TLBID:1 /ENTRY:"main" /DYNAMICBASE /FIXED:NO /NXCOMPAT /MACHINE:X86 Release\app.res
         Release\AssemblyInfo.obj
         Release\Clip.obj
         Release\gtask4.obj
         Release\stdafx.obj
         Release\Transform.obj
         "Release\.NETFramework,Version=v4.0.AssemblyAttributes.obj"
     1>Transform.obj : error LNK2005: "bool __clrcall Clip(struct point &,struct point &,struct point,struct point)" (?Clip@@$$FYM_NAAUpoint@@0U1@1@Z) уже определен в Clip.obj
     1>C:\THE_CODE\gtask4\Release\gtask4.exe : fatal error LNK1169: обнаружен многократно определенный символ - один или более
     1>Построение проекта "C:\THE_CODE\gtask4\gtask4\gtask4.vcxproj" завершено (целевые объекты build) с ошибкой.

СБОЙ построения.

Затраченное время: 00:00:02.79
