Построение начато 25.10.2016 23:51:21.
     1>Проект "M:\GraphicsProblems\Task6\Task3\Task3.vcxproj" в узле 2 (целевые объекты build).
     1>InitializeBuildStatus:
         Создание "Debug\Task3.unsuccessfulbuild", так как было задано "AlwaysCreate".
       GenerateTargetFrameworkMonikerAttribute:
       Целевой объект "GenerateTargetFrameworkMonikerAttribute" пропускается, так как все выходные файлы актуальны по отношению к входным.
       ClCompile:
         Для всех выходных данных обновления не требуется.
         C:\Program Files (x86)\Microsoft Visual Studio 10.0\VC\bin\CL.exe /c /AI"C:\Program Files (x86)\Reference Assemblies\Microsoft\Framework\.NETFramework\v4.0" /Zi /clr:pure /nologo /W3 /WX- /Od /Oy- /D WIN32 /D _DEBUG /D _UNICODE /D UNICODE /EHa /MDd /GS /fp:precise /Zc:wchar_t /Zc:forScope /Yu"StdAfx.h" /Fp"Debug\Task3.pch" /Fo"Debug\\" /Fd"Debug\vc100.pdb" /TP /FU"C:\Program Files (x86)\Reference Assemblies\Microsoft\Framework\.NETFramework\v4.0\System.Core.dll" /FU"C:\Program Files (x86)\Reference Assemblies\Microsoft\Framework\.NETFramework\v4.0\System.Data.dll" /FU"C:\Program Files (x86)\Reference Assemblies\Microsoft\Framework\.NETFramework\v4.0\System.dll" /FU"C:\Program Files (x86)\Reference Assemblies\Microsoft\Framework\.NETFramework\v4.0\System.Drawing.dll" /FU"C:\Program Files (x86)\Reference Assemblies\Microsoft\Framework\.NETFramework\v4.0\System.Windows.Forms.dll" /FU"C:\Program Files (x86)\Reference Assemblies\Microsoft\Framework\.NETFramework\v4.0\System.Xml.dll" /analyze- /errorReport:prompt Task3.cpp /clr:nostdlib 
         Task3.cpp
     1>m:\graphicsproblems\task6\task3\Form1.h(108): warning C4244: аргумент: преобразование "float" в "int", возможна потеря данных
     1>m:\graphicsproblems\task6\task3\Form1.h(108): warning C4244: аргумент: преобразование "float" в "int", возможна потеря данных
     1>m:\graphicsproblems\task6\task3\Form1.h(108): warning C4244: аргумент: преобразование "float" в "int", возможна потеря данных
     1>m:\graphicsproblems\task6\task3\Form1.h(108): warning C4244: аргумент: преобразование "float" в "int", возможна потеря данных
     1>m:\graphicsproblems\task6\task3\Form1.h(115): warning C4018: <: несоответствие типов со знаком и без знака
     1>m:\graphicsproblems\task6\task3\Form1.h(132): warning C4244: =: преобразование "int" в "float", возможна потеря данных
     1>m:\graphicsproblems\task6\task3\Form1.h(133): warning C4244: =: преобразование "int" в "float", возможна потеря данных
     1>m:\graphicsproblems\task6\task3\Form1.h(149): warning C4244: =: преобразование "int" в "float", возможна потеря данных
     1>m:\graphicsproblems\task6\task3\Form1.h(150): warning C4244: =: преобразование "int" в "float", возможна потеря данных
     1>m:\graphicsproblems\task6\task3\Form1.h(158): warning C4305: =: усечение из "double" к "float"
     1>m:\graphicsproblems\task6\task3\Form1.h(160): warning C4305: =: усечение из "double" к "float"
     1>m:\graphicsproblems\task6\task3\Form1.h(203): warning C4244: аргумент: преобразование "int" в "float", возможна потеря данных
     1>m:\graphicsproblems\task6\task3\Form1.h(203): warning C4244: аргумент: преобразование "int" в "float", возможна потеря данных
     1>m:\graphicsproblems\task6\task3\Form1.h(217): warning C4244: аргумент: преобразование "int" в "float", возможна потеря данных
     1>m:\graphicsproblems\task6\task3\Form1.h(217): warning C4244: аргумент: преобразование "int" в "float", возможна потеря данных
     1>m:\graphicsproblems\task6\task3\Form1.h(233): warning C4305: инициализация: усечение из "double" к "float"
     1>m:\graphicsproblems\task6\task3\Form1.h(302): warning C4305: аргумент: усечение из "double" к "float"
     1>m:\graphicsproblems\task6\task3\Form1.h(307): warning C4305: аргумент: усечение из "double" к "float"
     1>m:\graphicsproblems\task6\task3\Form1.h(313): warning C4305: аргумент: усечение из "double" к "float"
     1>m:\graphicsproblems\task6\task3\Form1.h(318): warning C4305: аргумент: усечение из "double" к "float"
     1>m:\graphicsproblems\task6\task3\Form1.h(335): warning C4305: аргумент: усечение из "double" к "float"
     1>m:\graphicsproblems\task6\task3\Form1.h(340): warning C4305: аргумент: усечение из "double" к "float"
     1>m:\graphicsproblems\task6\task3\Form1.h(346): warning C4305: аргумент: усечение из "double" к "float"
     1>m:\graphicsproblems\task6\task3\Form1.h(351): warning C4305: аргумент: усечение из "double" к "float"
     1>m:\graphicsproblems\task6\task3\Form1.h(358): warning C4244: аргумент: преобразование "int" в "float", возможна потеря данных
     1>m:\graphicsproblems\task6\task3\Form1.h(358): warning C4305: аргумент: усечение из "double" к "float"
     1>m:\graphicsproblems\task6\task3\Form1.h(364): warning C4244: аргумент: преобразование "int" в "float", возможна потеря данных
     1>m:\graphicsproblems\task6\task3\Form1.h(364): warning C4305: аргумент: усечение из "double" к "float"
     1>m:\graphicsproblems\task6\task3\Form1.h(370): warning C4244: аргумент: преобразование "int" в "float", возможна потеря данных
     1>m:\graphicsproblems\task6\task3\Form1.h(370): warning C4305: аргумент: усечение из "double" к "float"
     1>m:\graphicsproblems\task6\task3\Form1.h(376): warning C4244: аргумент: преобразование "int" в "float", возможна потеря данных
     1>m:\graphicsproblems\task6\task3\Form1.h(376): warning C4305: аргумент: усечение из "double" к "float"
     1>m:\graphicsproblems\task6\task3\Form1.h(407): warning C4244: инициализация: преобразование "double" в "float", возможна потеря данных
     1>m:\graphicsproblems\task6\task3\Form1.h(408): warning C4244: инициализация: преобразование "double" в "float", возможна потеря данных
         Для всех выходных данных обновления не требуется.
       CoreResGen:
         Отсутствуют ресурсы, устаревшие по отношению к файлам своих источников. Пропуск формирования ресурсов.
       ResourceCompile:
         Для всех выходных данных обновления не требуется.
       Link:
         C:\Program Files (x86)\Microsoft Visual Studio 10.0\VC\bin\link.exe /ERRORREPORT:PROMPT /OUT:"M:\GraphicsProblems\Task6\Debug\Task3.exe" /INCREMENTAL /NOLOGO /ASSEMBLYRESOURCE:Debug\Task3.Form1.resources /MANIFEST /ManifestFile:"Debug\Task3.exe.intermediate.manifest" /MANIFESTUAC:"level='asInvoker' uiAccess='false'" /DEBUG /PDB:"M:\GraphicsProblems\Task6\Debug\Task3.pdb" /ASSEMBLYDEBUG /SUBSYSTEM:WINDOWS /TLBID:1 /ENTRY:"main" /DYNAMICBASE /FIXED:NO /NXCOMPAT /MACHINE:X86 Debug\app.res
         Debug\AssemblyInfo.obj
         Debug\stdafx.obj
         Debug\Task3.obj
         Debug\Transform.obj
         "Debug\.NETFramework,Version=v4.0.AssemblyAttributes.obj"
         Task3.vcxproj -> M:\GraphicsProblems\Task6\Debug\Task3.exe
       Manifest:
         C:\Program Files (x86)\Microsoft SDKs\Windows\v7.0A\bin\mt.exe /nologo /verbose /outputresource:"M:\GraphicsProblems\Task6\Debug\Task3.exe;#1" /manifest Debug\Task3.exe.intermediate.manifest
       FinalizeBuildStatus:
         Файл "Debug\Task3.unsuccessfulbuild" удаляется.
         Обращение к "Debug\Task3.lastbuildstate".
     1>Построение проекта "M:\GraphicsProblems\Task6\Task3\Task3.vcxproj" завершено (целевые объекты build).

Построение успешно завершено.

Затраченное время: 00:00:03.43
