Построение начато 25.05.2016 18:34:41.
     1>Проект "C:\THE_CODE\gtask4\gtask5\gtask5.vcxproj" в узле 2 (целевые объекты build).
     1>InitializeBuildStatus:
         Обращение к "Debug\gtask5.unsuccessfulbuild".
       GenerateTargetFrameworkMonikerAttribute:
       Целевой объект "GenerateTargetFrameworkMonikerAttribute" пропускается, так как все выходные файлы актуальны по отношению к входным.
       ClCompile:
         Для всех выходных данных обновления не требуется.
         C:\Program Files (x86)\Microsoft Visual Studio 10.0\VC\bin\CL.exe /c /AI"C:\Program Files (x86)\Reference Assemblies\Microsoft\Framework\.NETFramework\v4.0" /Zi /clr:pure /nologo /W3 /WX- /Od /Oy- /D WIN32 /D _DEBUG /D _UNICODE /D UNICODE /EHa /MDd /GS /fp:precise /Zc:wchar_t /Zc:forScope /Yu"StdAfx.h" /Fp"Debug\gtask5.pch" /Fo"Debug\\" /Fd"Debug\vc100.pdb" /TP /FU"C:\Program Files (x86)\Reference Assemblies\Microsoft\Framework\.NETFramework\v4.0\System.Core.dll" /FU"C:\Program Files (x86)\Reference Assemblies\Microsoft\Framework\.NETFramework\v4.0\System.Data.dll" /FU"C:\Program Files (x86)\Reference Assemblies\Microsoft\Framework\.NETFramework\v4.0\System.dll" /FU"C:\Program Files (x86)\Reference Assemblies\Microsoft\Framework\.NETFramework\v4.0\System.Drawing.dll" /FU"C:\Program Files (x86)\Reference Assemblies\Microsoft\Framework\.NETFramework\v4.0\System.Windows.Forms.dll" /FU"C:\Program Files (x86)\Reference Assemblies\Microsoft\Framework\.NETFramework\v4.0\System.Xml.dll" /analyze- /errorReport:prompt gtask5.cpp /clr:nostdlib 
         gtask5.cpp
     1>c:\the_code\gtask4\gtask5\Form1.h(149): warning C4244: аргумент: преобразование "double" в "float", возможна потеря данных
     1>c:\the_code\gtask4\gtask5\Form1.h(149): warning C4244: аргумент: преобразование "double" в "float", возможна потеря данных
     1>c:\the_code\gtask4\gtask5\Form1.h(166): warning C4244: аргумент: преобразование "double" в "float", возможна потеря данных
     1>c:\the_code\gtask4\gtask5\Form1.h(166): warning C4244: аргумент: преобразование "double" в "float", возможна потеря данных
     1>c:\the_code\gtask4\gtask5\Form1.h(193): warning C4244: аргумент: преобразование "double" в "int", возможна потеря данных
     1>c:\the_code\gtask4\gtask5\Form1.h(193): warning C4244: аргумент: преобразование "double" в "int", возможна потеря данных
     1>c:\the_code\gtask4\gtask5\Form1.h(194): warning C4244: аргумент: преобразование "double" в "int", возможна потеря данных
     1>c:\the_code\gtask4\gtask5\Form1.h(194): warning C4244: аргумент: преобразование "double" в "int", возможна потеря данных
     1>c:\the_code\gtask4\gtask5\Form1.h(195): warning C4244: аргумент: преобразование "double" в "int", возможна потеря данных
     1>c:\the_code\gtask4\gtask5\Form1.h(195): warning C4244: аргумент: преобразование "double" в "int", возможна потеря данных
     1>c:\the_code\gtask4\gtask5\Form1.h(196): warning C4244: аргумент: преобразование "double" в "int", возможна потеря данных
     1>c:\the_code\gtask4\gtask5\Form1.h(196): warning C4244: аргумент: преобразование "double" в "int", возможна потеря данных
     1>c:\the_code\gtask4\gtask5\Form1.h(230): warning C4244: аргумент: преобразование "int" в "float", возможна потеря данных
     1>c:\the_code\gtask4\gtask5\Form1.h(230): warning C4305: аргумент: усечение из "double" к "float"
     1>c:\the_code\gtask4\gtask5\Form1.h(232): warning C4244: аргумент: преобразование "int" в "float", возможна потеря данных
     1>c:\the_code\gtask4\gtask5\Form1.h(232): warning C4305: аргумент: усечение из "double" к "float"
     1>c:\the_code\gtask4\gtask5\Form1.h(234): warning C4244: аргумент: преобразование "int" в "float", возможна потеря данных
     1>c:\the_code\gtask4\gtask5\Form1.h(234): warning C4305: аргумент: усечение из "double" к "float"
     1>c:\the_code\gtask4\gtask5\Form1.h(236): warning C4244: аргумент: преобразование "int" в "float", возможна потеря данных
     1>c:\the_code\gtask4\gtask5\Form1.h(236): warning C4305: аргумент: усечение из "double" к "float"
         C:\Program Files (x86)\Microsoft Visual Studio 10.0\VC\bin\CL.exe /c /Zi /clr:pure /nologo /W3 /WX- /Od /Oy- /D WIN32 /D _DEBUG /D _UNICODE /D UNICODE /EHa /MDd /GS /fp:precise /Zc:wchar_t /Zc:forScope /Fo"Debug\\" /Fd"Debug\vc100.pdb" /TP /analyze- /errorReport:prompt "C:\Users\gc\AppData\Local\Temp\.NETFramework,Version=v4.0.AssemblyAttributes.cpp"
         .NETFramework,Version=v4.0.AssemblyAttributes.cpp
       CoreResGen:
         "C:\Program Files (x86)\Microsoft SDKs\Windows\v7.0A\bin\NETFX 4.0 Tools\resgen.exe" /useSourcePath /r:"C:\Program Files (x86)\Reference Assemblies\Microsoft\Framework\.NETFramework\v4.0\System.Core.dll" /r:"C:\Program Files (x86)\Reference Assemblies\Microsoft\Framework\.NETFramework\v4.0\System.Data.dll" /r:"C:\Program Files (x86)\Reference Assemblies\Microsoft\Framework\.NETFramework\v4.0\System.dll" /r:"C:\Program Files (x86)\Reference Assemblies\Microsoft\Framework\.NETFramework\v4.0\System.Drawing.dll" /r:"C:\Program Files (x86)\Reference Assemblies\Microsoft\Framework\.NETFramework\v4.0\System.Windows.Forms.dll" /r:"C:\Program Files (x86)\Reference Assemblies\Microsoft\Framework\.NETFramework\v4.0\System.Xml.dll" /compile Form1.resX,Debug\gtask5.Form1.resources
         Обрабатывается файл ресурсов "Form1.resX", результирующий объект: "Debug\gtask5.Form1.resources".
       ResourceCompile:
         C:\Program Files (x86)\Microsoft SDKs\Windows\v7.0A\bin\rc.exe /D _UNICODE /D UNICODE /l"0x0409" /nologo /fo"Debug\app.res" app.rc 
       Link:
         C:\Program Files (x86)\Microsoft Visual Studio 10.0\VC\bin\link.exe /ERRORREPORT:PROMPT /OUT:"C:\THE_CODE\gtask4\Debug\gtask5.exe" /INCREMENTAL /NOLOGO /ASSEMBLYRESOURCE:Debug\gtask5.Form1.resources /MANIFEST /ManifestFile:"Debug\gtask5.exe.intermediate.manifest" /MANIFESTUAC:"level='asInvoker' uiAccess='false'" /DEBUG /PDB:"C:\THE_CODE\gtask4\Debug\gtask5.pdb" /ASSEMBLYDEBUG /SUBSYSTEM:WINDOWS /TLBID:1 /ENTRY:"main" /DYNAMICBASE /FIXED:NO /NXCOMPAT /MACHINE:X86 Debug\app.res
         Debug\AssemblyInfo.obj
         Debug\Function.obj
         Debug\gtask5.obj
         Debug\stdafx.obj
         Debug\Transform.obj
         "Debug\.NETFramework,Version=v4.0.AssemblyAttributes.obj"
         gtask5.vcxproj -> C:\THE_CODE\gtask4\Debug\gtask5.exe
       Manifest:
         C:\Program Files (x86)\Microsoft SDKs\Windows\v7.0A\bin\mt.exe /nologo /verbose /outputresource:"C:\THE_CODE\gtask4\Debug\gtask5.exe;#1" /manifest Debug\gtask5.exe.intermediate.manifest
       FinalizeBuildStatus:
         Файл "Debug\gtask5.unsuccessfulbuild" удаляется.
         Обращение к "Debug\gtask5.lastbuildstate".
     1>Построение проекта "C:\THE_CODE\gtask4\gtask5\gtask5.vcxproj" завершено (целевые объекты build).

Построение успешно завершено.

Затраченное время: 00:00:02.27
