Построение начато 25.10.2016 23:49:25.
     1>Проект "D:\THE_CODE\Компьютерная графика\Task7\Task6\Task6.vcxproj" в узле 2 (целевые объекты build).
     1>InitializeBuildStatus:
         Создание "Debug\Task7.unsuccessfulbuild", так как было задано "AlwaysCreate".
       GenerateTargetFrameworkMonikerAttribute:
       Целевой объект "GenerateTargetFrameworkMonikerAttribute" пропускается, так как все выходные файлы актуальны по отношению к входным.
       ClCompile:
         Для всех выходных данных обновления не требуется.
         C:\Program Files (x86)\Microsoft Visual Studio 10.0\VC\bin\CL.exe /c /AI"C:\Program Files (x86)\Reference Assemblies\Microsoft\Framework\.NETFramework\v4.0" /Zi /clr:pure /nologo /W3 /WX- /Od /Oy- /D WIN32 /D _DEBUG /D _UNICODE /D UNICODE /EHa /MDd /GS /fp:precise /Zc:wchar_t /Zc:forScope /Yu"StdAfx.h" /Fp"Debug\Task7.pch" /Fo"Debug\\" /Fd"Debug\vc100.pdb" /TP /FU"C:\Program Files (x86)\Reference Assemblies\Microsoft\Framework\.NETFramework\v4.0\System.Core.dll" /FU"C:\Program Files (x86)\Reference Assemblies\Microsoft\Framework\.NETFramework\v4.0\System.Data.dll" /FU"C:\Program Files (x86)\Reference Assemblies\Microsoft\Framework\.NETFramework\v4.0\System.dll" /FU"C:\Program Files (x86)\Reference Assemblies\Microsoft\Framework\.NETFramework\v4.0\System.Drawing.dll" /FU"C:\Program Files (x86)\Reference Assemblies\Microsoft\Framework\.NETFramework\v4.0\System.Windows.Forms.dll" /FU"C:\Program Files (x86)\Reference Assemblies\Microsoft\Framework\.NETFramework\v4.0\System.Xml.dll" /analyze- /errorReport:prompt Task6.cpp Transform.cpp /clr:nostdlib 
         Task6.cpp
     1>d:\the_code\компьютерная графика\task7\task6\Form1.h(107): warning C4244: аргумент: преобразование "float" в "int", возможна потеря данных
     1>d:\the_code\компьютерная графика\task7\task6\Form1.h(107): warning C4244: аргумент: преобразование "float" в "int", возможна потеря данных
     1>d:\the_code\компьютерная графика\task7\task6\Form1.h(107): warning C4244: аргумент: преобразование "float" в "int", возможна потеря данных
     1>d:\the_code\компьютерная графика\task7\task6\Form1.h(107): warning C4244: аргумент: преобразование "float" в "int", возможна потеря данных
     1>d:\the_code\компьютерная графика\task7\task6\Form1.h(170): warning C4244: аргумент: преобразование "float" в "int", возможна потеря данных
     1>d:\the_code\компьютерная графика\task7\task6\Form1.h(170): warning C4244: аргумент: преобразование "float" в "int", возможна потеря данных
     1>d:\the_code\компьютерная графика\task7\task6\Form1.h(171): warning C4244: аргумент: преобразование "float" в "int", возможна потеря данных
     1>d:\the_code\компьютерная графика\task7\task6\Form1.h(171): warning C4244: аргумент: преобразование "float" в "int", возможна потеря данных
     1>d:\the_code\компьютерная графика\task7\task6\Form1.h(172): warning C4244: аргумент: преобразование "float" в "int", возможна потеря данных
     1>d:\the_code\компьютерная графика\task7\task6\Form1.h(172): warning C4244: аргумент: преобразование "float" в "int", возможна потеря данных
     1>d:\the_code\компьютерная графика\task7\task6\Form1.h(173): warning C4244: аргумент: преобразование "float" в "int", возможна потеря данных
     1>d:\the_code\компьютерная графика\task7\task6\Form1.h(173): warning C4244: аргумент: преобразование "float" в "int", возможна потеря данных
     1>d:\the_code\компьютерная графика\task7\task6\Form1.h(188): warning C4305: =: усечение из "double" к "float"
     1>d:\the_code\компьютерная графика\task7\task6\Form1.h(190): warning C4305: =: усечение из "double" к "float"
     1>d:\the_code\компьютерная графика\task7\task6\Form1.h(224): warning C4244: аргумент: преобразование "int" в "float", возможна потеря данных
     1>d:\the_code\компьютерная графика\task7\task6\Form1.h(224): warning C4244: аргумент: преобразование "int" в "float", возможна потеря данных
     1>d:\the_code\компьютерная графика\task7\task6\Form1.h(262): warning C4305: аргумент: усечение из "double" к "float"
     1>d:\the_code\компьютерная графика\task7\task6\Form1.h(263): warning C4305: аргумент: усечение из "double" к "float"
     1>d:\the_code\компьютерная графика\task7\task6\Form1.h(268): warning C4305: аргумент: усечение из "double" к "float"
     1>d:\the_code\компьютерная графика\task7\task6\Form1.h(269): warning C4305: аргумент: усечение из "double" к "float"
     1>d:\the_code\компьютерная графика\task7\task6\Form1.h(270): warning C4244: аргумент: преобразование "int" в "float", возможна потеря данных
     1>d:\the_code\компьютерная графика\task7\task6\Form1.h(270): warning C4305: аргумент: усечение из "double" к "float"
     1>d:\the_code\компьютерная графика\task7\task6\Form1.h(271): warning C4244: аргумент: преобразование "int" в "float", возможна потеря данных
     1>d:\the_code\компьютерная графика\task7\task6\Form1.h(271): warning C4305: аргумент: усечение из "double" к "float"
     1>d:\the_code\компьютерная графика\task7\task6\Form1.h(272): warning C4244: аргумент: преобразование "int" в "float", возможна потеря данных
     1>d:\the_code\компьютерная графика\task7\task6\Form1.h(272): warning C4305: аргумент: усечение из "double" к "float"
     1>d:\the_code\компьютерная графика\task7\task6\Form1.h(273): warning C4244: аргумент: преобразование "int" в "float", возможна потеря данных
     1>d:\the_code\компьютерная графика\task7\task6\Form1.h(273): warning C4305: аргумент: усечение из "double" к "float"
     1>d:\the_code\компьютерная графика\task7\task6\Form1.h(282): warning C4244: инициализация: преобразование "double" в "float", возможна потеря данных
     1>d:\the_code\компьютерная графика\task7\task6\Form1.h(283): warning C4244: инициализация: преобразование "double" в "float", возможна потеря данных
         Transform.cpp
     1>Transform.cpp(271): warning C4244: =: преобразование "double" в "float", возможна потеря данных
     1>Transform.cpp(277): warning C4244: =: преобразование "double" в "float", возможна потеря данных
     1>Transform.cpp(285): warning C4244: аргумент: преобразование "int" в "float", возможна потеря данных
     1>Transform.cpp(285): warning C4244: аргумент: преобразование "int" в "float", возможна потеря данных
     1>Transform.cpp(302): warning C4244: аргумент: преобразование "int" в "float", возможна потеря данных
     1>Transform.cpp(302): warning C4244: аргумент: преобразование "int" в "float", возможна потеря данных
     1>Transform.cpp(307): warning C4244: аргумент: преобразование "int" в "float", возможна потеря данных
     1>Transform.cpp(307): warning C4244: аргумент: преобразование "int" в "float", возможна потеря данных
     1>Transform.cpp(324): warning C4244: аргумент: преобразование "int" в "float", возможна потеря данных
     1>Transform.cpp(324): warning C4244: аргумент: преобразование "int" в "float", возможна потеря данных
         Создание кода...
         Для всех выходных данных обновления не требуется.
       CoreResGen:
         Отсутствуют ресурсы, устаревшие по отношению к файлам своих источников. Пропуск формирования ресурсов.
       ResourceCompile:
         Для всех выходных данных обновления не требуется.
       Link:
         C:\Program Files (x86)\Microsoft Visual Studio 10.0\VC\bin\link.exe /ERRORREPORT:PROMPT /OUT:"D:\THE_CODE\Компьютерная графика\Task7\Debug\Task7.exe" /INCREMENTAL /NOLOGO /ASSEMBLYRESOURCE:Debug\Task6.Form1.resources /MANIFEST /ManifestFile:"Debug\Task7.exe.intermediate.manifest" /MANIFESTUAC:"level='asInvoker' uiAccess='false'" /DEBUG /PDB:"D:\THE_CODE\Компьютерная графика\Task7\Debug\Task7.pdb" /ASSEMBLYDEBUG /SUBSYSTEM:WINDOWS /TLBID:1 /ENTRY:"main" /DYNAMICBASE /FIXED:NO /NXCOMPAT /MACHINE:X86 Debug\app.res
         Debug\AssemblyInfo.obj
         Debug\stdafx.obj
         Debug\Task6.obj
         Debug\Transform.obj
         "Debug\.NETFramework,Version=v4.0.AssemblyAttributes.obj"
         Task6.vcxproj -> D:\THE_CODE\Компьютерная графика\Task7\Debug\Task7.exe
       Manifest:
         C:\Program Files (x86)\Microsoft SDKs\Windows\v7.0A\bin\mt.exe /nologo /verbose /outputresource:"D:\THE_CODE\Компьютерная графика\Task7\Debug\Task7.exe;#1" /manifest Debug\Task7.exe.intermediate.manifest
       FinalizeBuildStatus:
         Файл "Debug\Task7.unsuccessfulbuild" удаляется.
         Обращение к "Debug\Task7.lastbuildstate".
     1>Построение проекта "D:\THE_CODE\Компьютерная графика\Task7\Task6\Task6.vcxproj" завершено (целевые объекты build).

Построение успешно завершено.

Затраченное время: 00:00:04.94
