C:\USERS\ALEKSANDR\DOCUMENTS\VISUAL STUDIO 2010\PROJECTS\TASK6\DEBUG\TASK6.EXE
C:\USERS\ALEKSANDR\DOCUMENTS\VISUAL STUDIO 2010\PROJECTS\TASK6\DEBUG\TASK6.ILK
C:\USERS\ALEKSANDR\DOCUMENTS\VISUAL STUDIO 2010\PROJECTS\TASK6\DEBUG\TASK6.PDB
C:\USERS\ALEKSANDR\DOCUMENTS\VISUAL STUDIO 2010\PROJECTS\TASK6\TASK6\DEBUG\.NETFRAMEWORK,VERSION=V4.0.ASSEMBLYATTRIBUTES.OBJ
C:\USERS\ALEKSANDR\DOCUMENTS\VISUAL STUDIO 2010\PROJECTS\TASK6\TASK6\DEBUG\APP.RES
C:\USERS\ALEKSANDR\DOCUMENTS\VISUAL STUDIO 2010\PROJECTS\TASK6\TASK6\DEBUG\ASSEMBLYINFO.OBJ
C:\Users\Aleksandr\Documents\Visual Studio 2010\Projects\Task6\Task6\Debug\cl.command.1.tlog
C:\Users\Aleksandr\Documents\Visual Studio 2010\Projects\Task6\Task6\Debug\CL.read.1.tlog
C:\Users\Aleksandr\Documents\Visual Studio 2010\Projects\Task6\Task6\Debug\CL.write.1.tlog
C:\Users\Aleksandr\Documents\Visual Studio 2010\Projects\Task6\Task6\Debug\link.10084.read.1.tlog
C:\Users\Aleksandr\Documents\Visual Studio 2010\Projects\Task6\Task6\Debug\link.10084.write.1.tlog
C:\Users\Aleksandr\Documents\Visual Studio 2010\Projects\Task6\Task6\Debug\link.10084-cvtres.read.1.tlog
C:\Users\Aleksandr\Documents\Visual Studio 2010\Projects\Task6\Task6\Debug\link.10084-cvtres.write.1.tlog
C:\Users\Aleksandr\Documents\Visual Studio 2010\Projects\Task6\Task6\Debug\link.10356.read.1.tlog
C:\Users\Aleksandr\Documents\Visual Studio 2010\Projects\Task6\Task6\Debug\link.10356.write.1.tlog
C:\Users\Aleksandr\Documents\Visual Studio 2010\Projects\Task6\Task6\Debug\link.10356-cvtres.read.1.tlog
C:\Users\Aleksandr\Documents\Visual Studio 2010\Projects\Task6\Task6\Debug\link.10356-cvtres.write.1.tlog
C:\Users\Aleksandr\Documents\Visual Studio 2010\Projects\Task6\Task6\Debug\link.10452.read.1.tlog
C:\Users\Aleksandr\Documents\Visual Studio 2010\Projects\Task6\Task6\Debug\link.10452.write.1.tlog
C:\Users\Aleksandr\Documents\Visual Studio 2010\Projects\Task6\Task6\Debug\link.10452-cvtres.read.1.tlog
C:\Users\Aleksandr\Documents\Visual Studio 2010\Projects\Task6\Task6\Debug\link.10452-cvtres.write.1.tlog
C:\Users\Aleksandr\Documents\Visual Studio 2010\Projects\Task6\Task6\Debug\link.10484.read.1.tlog
C:\Users\Aleksandr\Documents\Visual Studio 2010\Projects\Task6\Task6\Debug\link.10484.write.1.tlog
C:\Users\Aleksandr\Documents\Visual Studio 2010\Projects\Task6\Task6\Debug\link.10484-cvtres.read.1.tlog
C:\Users\Aleksandr\Documents\Visual Studio 2010\Projects\Task6\Task6\Debug\link.10484-cvtres.write.1.tlog
C:\Users\Aleksandr\Documents\Visual Studio 2010\Projects\Task6\Task6\Debug\link.1096.read.1.tlog
C:\Users\Aleksandr\Documents\Visual Studio 2010\Projects\Task6\Task6\Debug\link.1096.write.1.tlog
C:\Users\Aleksandr\Documents\Visual Studio 2010\Projects\Task6\Task6\Debug\link.1096-cvtres.read.1.tlog
C:\Users\Aleksandr\Documents\Visual Studio 2010\Projects\Task6\Task6\Debug\link.1096-cvtres.write.1.tlog
C:\Users\Aleksandr\Documents\Visual Studio 2010\Projects\Task6\Task6\Debug\link.10988.read.1.tlog
C:\Users\Aleksandr\Documents\Visual Studio 2010\Projects\Task6\Task6\Debug\link.10988.write.1.tlog
C:\Users\Aleksandr\Documents\Visual Studio 2010\Projects\Task6\Task6\Debug\link.10988-cvtres.read.1.tlog
C:\Users\Aleksandr\Documents\Visual Studio 2010\Projects\Task6\Task6\Debug\link.10988-cvtres.write.1.tlog
C:\Users\Aleksandr\Documents\Visual Studio 2010\Projects\Task6\Task6\Debug\link.11188.read.1.tlog
C:\Users\Aleksandr\Documents\Visual Studio 2010\Projects\Task6\Task6\Debug\link.11188.write.1.tlog
C:\Users\Aleksandr\Documents\Visual Studio 2010\Projects\Task6\Task6\Debug\link.11188-cvtres.read.1.tlog
C:\Users\Aleksandr\Documents\Visual Studio 2010\Projects\Task6\Task6\Debug\link.11188-cvtres.write.1.tlog
C:\Users\Aleksandr\Documents\Visual Studio 2010\Projects\Task6\Task6\Debug\link.11304.read.1.tlog
C:\Users\Aleksandr\Documents\Visual Studio 2010\Projects\Task6\Task6\Debug\link.11304.write.1.tlog
C:\Users\Aleksandr\Documents\Visual Studio 2010\Projects\Task6\Task6\Debug\link.11304-cvtres.read.1.tlog
C:\Users\Aleksandr\Documents\Visual Studio 2010\Projects\Task6\Task6\Debug\link.11304-cvtres.write.1.tlog
C:\Users\Aleksandr\Documents\Visual Studio 2010\Projects\Task6\Task6\Debug\link.11344.read.1.tlog
C:\Users\Aleksandr\Documents\Visual Studio 2010\Projects\Task6\Task6\Debug\link.11344.write.1.tlog
C:\Users\Aleksandr\Documents\Visual Studio 2010\Projects\Task6\Task6\Debug\link.11344-cvtres.read.1.tlog
C:\Users\Aleksandr\Documents\Visual Studio 2010\Projects\Task6\Task6\Debug\link.11344-cvtres.write.1.tlog
C:\Users\Aleksandr\Documents\Visual Studio 2010\Projects\Task6\Task6\Debug\link.11400.read.1.tlog
C:\Users\Aleksandr\Documents\Visual Studio 2010\Projects\Task6\Task6\Debug\link.11400.write.1.tlog
C:\Users\Aleksandr\Documents\Visual Studio 2010\Projects\Task6\Task6\Debug\link.11400-cvtres.read.1.tlog
C:\Users\Aleksandr\Documents\Visual Studio 2010\Projects\Task6\Task6\Debug\link.11400-cvtres.write.1.tlog
C:\Users\Aleksandr\Documents\Visual Studio 2010\Projects\Task6\Task6\Debug\link.11604.read.1.tlog
C:\Users\Aleksandr\Documents\Visual Studio 2010\Projects\Task6\Task6\Debug\link.11604.write.1.tlog
C:\Users\Aleksandr\Documents\Visual Studio 2010\Projects\Task6\Task6\Debug\link.11604-cvtres.read.1.tlog
C:\Users\Aleksandr\Documents\Visual Studio 2010\Projects\Task6\Task6\Debug\link.11604-cvtres.write.1.tlog
C:\Users\Aleksandr\Documents\Visual Studio 2010\Projects\Task6\Task6\Debug\link.11752.read.1.tlog
C:\Users\Aleksandr\Documents\Visual Studio 2010\Projects\Task6\Task6\Debug\link.11752.write.1.tlog
C:\Users\Aleksandr\Documents\Visual Studio 2010\Projects\Task6\Task6\Debug\link.11752-cvtres.read.1.tlog
C:\Users\Aleksandr\Documents\Visual Studio 2010\Projects\Task6\Task6\Debug\link.11752-cvtres.write.1.tlog
C:\Users\Aleksandr\Documents\Visual Studio 2010\Projects\Task6\Task6\Debug\link.12172.read.1.tlog
C:\Users\Aleksandr\Documents\Visual Studio 2010\Projects\Task6\Task6\Debug\link.12172.write.1.tlog
C:\Users\Aleksandr\Documents\Visual Studio 2010\Projects\Task6\Task6\Debug\link.12172-cvtres.read.1.tlog
C:\Users\Aleksandr\Documents\Visual Studio 2010\Projects\Task6\Task6\Debug\link.12172-cvtres.write.1.tlog
C:\Users\Aleksandr\Documents\Visual Studio 2010\Projects\Task6\Task6\Debug\link.12344.read.1.tlog
C:\Users\Aleksandr\Documents\Visual Studio 2010\Projects\Task6\Task6\Debug\link.12344.write.1.tlog
C:\Users\Aleksandr\Documents\Visual Studio 2010\Projects\Task6\Task6\Debug\link.12344-cvtres.read.1.tlog
C:\Users\Aleksandr\Documents\Visual Studio 2010\Projects\Task6\Task6\Debug\link.12344-cvtres.write.1.tlog
C:\Users\Aleksandr\Documents\Visual Studio 2010\Projects\Task6\Task6\Debug\link.12424.read.1.tlog
C:\Users\Aleksandr\Documents\Visual Studio 2010\Projects\Task6\Task6\Debug\link.12424.write.1.tlog
C:\Users\Aleksandr\Documents\Visual Studio 2010\Projects\Task6\Task6\Debug\link.12424-cvtres.read.1.tlog
C:\Users\Aleksandr\Documents\Visual Studio 2010\Projects\Task6\Task6\Debug\link.12424-cvtres.write.1.tlog
C:\Users\Aleksandr\Documents\Visual Studio 2010\Projects\Task6\Task6\Debug\link.12696.read.1.tlog
C:\Users\Aleksandr\Documents\Visual Studio 2010\Projects\Task6\Task6\Debug\link.12696.write.1.tlog
C:\Users\Aleksandr\Documents\Visual Studio 2010\Projects\Task6\Task6\Debug\link.12696-cvtres.read.1.tlog
C:\Users\Aleksandr\Documents\Visual Studio 2010\Projects\Task6\Task6\Debug\link.12696-cvtres.write.1.tlog
C:\Users\Aleksandr\Documents\Visual Studio 2010\Projects\Task6\Task6\Debug\link.12960.read.1.tlog
C:\Users\Aleksandr\Documents\Visual Studio 2010\Projects\Task6\Task6\Debug\link.12960.write.1.tlog
C:\Users\Aleksandr\Documents\Visual Studio 2010\Projects\Task6\Task6\Debug\link.12960-cvtres.read.1.tlog
C:\Users\Aleksandr\Documents\Visual Studio 2010\Projects\Task6\Task6\Debug\link.12960-cvtres.write.1.tlog
C:\Users\Aleksandr\Documents\Visual Studio 2010\Projects\Task6\Task6\Debug\link.12964.read.1.tlog
C:\Users\Aleksandr\Documents\Visual Studio 2010\Projects\Task6\Task6\Debug\link.12964.write.1.tlog
C:\Users\Aleksandr\Documents\Visual Studio 2010\Projects\Task6\Task6\Debug\link.12964-cvtres.read.1.tlog
C:\Users\Aleksandr\Documents\Visual Studio 2010\Projects\Task6\Task6\Debug\link.12964-cvtres.write.1.tlog
C:\Users\Aleksandr\Documents\Visual Studio 2010\Projects\Task6\Task6\Debug\link.13160.read.1.tlog
C:\Users\Aleksandr\Documents\Visual Studio 2010\Projects\Task6\Task6\Debug\link.13160.write.1.tlog
C:\Users\Aleksandr\Documents\Visual Studio 2010\Projects\Task6\Task6\Debug\link.13160-cvtres.read.1.tlog
C:\Users\Aleksandr\Documents\Visual Studio 2010\Projects\Task6\Task6\Debug\link.13160-cvtres.write.1.tlog
C:\Users\Aleksandr\Documents\Visual Studio 2010\Projects\Task6\Task6\Debug\link.13208.read.1.tlog
C:\Users\Aleksandr\Documents\Visual Studio 2010\Projects\Task6\Task6\Debug\link.13208.write.1.tlog
C:\Users\Aleksandr\Documents\Visual Studio 2010\Projects\Task6\Task6\Debug\link.13208-cvtres.read.1.tlog
C:\Users\Aleksandr\Documents\Visual Studio 2010\Projects\Task6\Task6\Debug\link.13208-cvtres.write.1.tlog
C:\Users\Aleksandr\Documents\Visual Studio 2010\Projects\Task6\Task6\Debug\link.13264.read.1.tlog
C:\Users\Aleksandr\Documents\Visual Studio 2010\Projects\Task6\Task6\Debug\link.13264.write.1.tlog
C:\Users\Aleksandr\Documents\Visual Studio 2010\Projects\Task6\Task6\Debug\link.13264-cvtres.read.1.tlog
C:\Users\Aleksandr\Documents\Visual Studio 2010\Projects\Task6\Task6\Debug\link.13264-cvtres.write.1.tlog
C:\Users\Aleksandr\Documents\Visual Studio 2010\Projects\Task6\Task6\Debug\link.13540.read.1.tlog
C:\Users\Aleksandr\Documents\Visual Studio 2010\Projects\Task6\Task6\Debug\link.13540.write.1.tlog
C:\Users\Aleksandr\Documents\Visual Studio 2010\Projects\Task6\Task6\Debug\link.13540-cvtres.read.1.tlog
C:\Users\Aleksandr\Documents\Visual Studio 2010\Projects\Task6\Task6\Debug\link.13540-cvtres.write.1.tlog
C:\Users\Aleksandr\Documents\Visual Studio 2010\Projects\Task6\Task6\Debug\link.13660.read.1.tlog
C:\Users\Aleksandr\Documents\Visual Studio 2010\Projects\Task6\Task6\Debug\link.13660.write.1.tlog
C:\Users\Aleksandr\Documents\Visual Studio 2010\Projects\Task6\Task6\Debug\link.13660-cvtres.read.1.tlog
C:\Users\Aleksandr\Documents\Visual Studio 2010\Projects\Task6\Task6\Debug\link.13660-cvtres.write.1.tlog
C:\Users\Aleksandr\Documents\Visual Studio 2010\Projects\Task6\Task6\Debug\link.13676.read.1.tlog
C:\Users\Aleksandr\Documents\Visual Studio 2010\Projects\Task6\Task6\Debug\link.13676.write.1.tlog
C:\Users\Aleksandr\Documents\Visual Studio 2010\Projects\Task6\Task6\Debug\link.13676-cvtres.read.1.tlog
C:\Users\Aleksandr\Documents\Visual Studio 2010\Projects\Task6\Task6\Debug\link.13676-cvtres.write.1.tlog
C:\Users\Aleksandr\Documents\Visual Studio 2010\Projects\Task6\Task6\Debug\link.13692.read.1.tlog
C:\Users\Aleksandr\Documents\Visual Studio 2010\Projects\Task6\Task6\Debug\link.13692.write.1.tlog
C:\Users\Aleksandr\Documents\Visual Studio 2010\Projects\Task6\Task6\Debug\link.13692-cvtres.read.1.tlog
C:\Users\Aleksandr\Documents\Visual Studio 2010\Projects\Task6\Task6\Debug\link.13692-cvtres.write.1.tlog
C:\Users\Aleksandr\Documents\Visual Studio 2010\Projects\Task6\Task6\Debug\link.13752.read.1.tlog
C:\Users\Aleksandr\Documents\Visual Studio 2010\Projects\Task6\Task6\Debug\link.13752.write.1.tlog
C:\Users\Aleksandr\Documents\Visual Studio 2010\Projects\Task6\Task6\Debug\link.13752-cvtres.read.1.tlog
C:\Users\Aleksandr\Documents\Visual Studio 2010\Projects\Task6\Task6\Debug\link.13752-cvtres.write.1.tlog
C:\Users\Aleksandr\Documents\Visual Studio 2010\Projects\Task6\Task6\Debug\link.14232.read.1.tlog
C:\Users\Aleksandr\Documents\Visual Studio 2010\Projects\Task6\Task6\Debug\link.14232.write.1.tlog
C:\Users\Aleksandr\Documents\Visual Studio 2010\Projects\Task6\Task6\Debug\link.14232-cvtres.read.1.tlog
C:\Users\Aleksandr\Documents\Visual Studio 2010\Projects\Task6\Task6\Debug\link.14232-cvtres.write.1.tlog
C:\Users\Aleksandr\Documents\Visual Studio 2010\Projects\Task6\Task6\Debug\link.14268.read.1.tlog
C:\Users\Aleksandr\Documents\Visual Studio 2010\Projects\Task6\Task6\Debug\link.14268.write.1.tlog
C:\Users\Aleksandr\Documents\Visual Studio 2010\Projects\Task6\Task6\Debug\link.14268-cvtres.read.1.tlog
C:\Users\Aleksandr\Documents\Visual Studio 2010\Projects\Task6\Task6\Debug\link.14268-cvtres.write.1.tlog
C:\Users\Aleksandr\Documents\Visual Studio 2010\Projects\Task6\Task6\Debug\link.14320.read.1.tlog
C:\Users\Aleksandr\Documents\Visual Studio 2010\Projects\Task6\Task6\Debug\link.14320.write.1.tlog
C:\Users\Aleksandr\Documents\Visual Studio 2010\Projects\Task6\Task6\Debug\link.14320-cvtres.read.1.tlog
C:\Users\Aleksandr\Documents\Visual Studio 2010\Projects\Task6\Task6\Debug\link.14320-cvtres.write.1.tlog
C:\Users\Aleksandr\Documents\Visual Studio 2010\Projects\Task6\Task6\Debug\link.14352.read.1.tlog
C:\Users\Aleksandr\Documents\Visual Studio 2010\Projects\Task6\Task6\Debug\link.14352.write.1.tlog
C:\Users\Aleksandr\Documents\Visual Studio 2010\Projects\Task6\Task6\Debug\link.14352-cvtres.read.1.tlog
C:\Users\Aleksandr\Documents\Visual Studio 2010\Projects\Task6\Task6\Debug\link.14352-cvtres.write.1.tlog
C:\Users\Aleksandr\Documents\Visual Studio 2010\Projects\Task6\Task6\Debug\link.14504.read.1.tlog
C:\Users\Aleksandr\Documents\Visual Studio 2010\Projects\Task6\Task6\Debug\link.14504.write.1.tlog
C:\Users\Aleksandr\Documents\Visual Studio 2010\Projects\Task6\Task6\Debug\link.14504-cvtres.read.1.tlog
C:\Users\Aleksandr\Documents\Visual Studio 2010\Projects\Task6\Task6\Debug\link.14504-cvtres.write.1.tlog
C:\Users\Aleksandr\Documents\Visual Studio 2010\Projects\Task6\Task6\Debug\link.14520.read.1.tlog
C:\Users\Aleksandr\Documents\Visual Studio 2010\Projects\Task6\Task6\Debug\link.14520.write.1.tlog
C:\Users\Aleksandr\Documents\Visual Studio 2010\Projects\Task6\Task6\Debug\link.14520-cvtres.read.1.tlog
C:\Users\Aleksandr\Documents\Visual Studio 2010\Projects\Task6\Task6\Debug\link.14520-cvtres.write.1.tlog
C:\Users\Aleksandr\Documents\Visual Studio 2010\Projects\Task6\Task6\Debug\link.14524.read.1.tlog
C:\Users\Aleksandr\Documents\Visual Studio 2010\Projects\Task6\Task6\Debug\link.14524.write.1.tlog
C:\Users\Aleksandr\Documents\Visual Studio 2010\Projects\Task6\Task6\Debug\link.14524-cvtres.read.1.tlog
C:\Users\Aleksandr\Documents\Visual Studio 2010\Projects\Task6\Task6\Debug\link.14524-cvtres.write.1.tlog
C:\Users\Aleksandr\Documents\Visual Studio 2010\Projects\Task6\Task6\Debug\link.14848.read.1.tlog
C:\Users\Aleksandr\Documents\Visual Studio 2010\Projects\Task6\Task6\Debug\link.14848.write.1.tlog
C:\Users\Aleksandr\Documents\Visual Studio 2010\Projects\Task6\Task6\Debug\link.14848-cvtres.read.1.tlog
C:\Users\Aleksandr\Documents\Visual Studio 2010\Projects\Task6\Task6\Debug\link.14848-cvtres.write.1.tlog
C:\Users\Aleksandr\Documents\Visual Studio 2010\Projects\Task6\Task6\Debug\link.14872.read.1.tlog
C:\Users\Aleksandr\Documents\Visual Studio 2010\Projects\Task6\Task6\Debug\link.14872.write.1.tlog
C:\Users\Aleksandr\Documents\Visual Studio 2010\Projects\Task6\Task6\Debug\link.14872-cvtres.read.1.tlog
C:\Users\Aleksandr\Documents\Visual Studio 2010\Projects\Task6\Task6\Debug\link.14872-cvtres.write.1.tlog
C:\Users\Aleksandr\Documents\Visual Studio 2010\Projects\Task6\Task6\Debug\link.14916.read.1.tlog
C:\Users\Aleksandr\Documents\Visual Studio 2010\Projects\Task6\Task6\Debug\link.14916.write.1.tlog
C:\Users\Aleksandr\Documents\Visual Studio 2010\Projects\Task6\Task6\Debug\link.14916-cvtres.read.1.tlog
C:\Users\Aleksandr\Documents\Visual Studio 2010\Projects\Task6\Task6\Debug\link.14916-cvtres.write.1.tlog
C:\Users\Aleksandr\Documents\Visual Studio 2010\Projects\Task6\Task6\Debug\link.14928.read.1.tlog
C:\Users\Aleksandr\Documents\Visual Studio 2010\Projects\Task6\Task6\Debug\link.14928.write.1.tlog
C:\Users\Aleksandr\Documents\Visual Studio 2010\Projects\Task6\Task6\Debug\link.14928-cvtres.read.1.tlog
C:\Users\Aleksandr\Documents\Visual Studio 2010\Projects\Task6\Task6\Debug\link.14928-cvtres.write.1.tlog
C:\Users\Aleksandr\Documents\Visual Studio 2010\Projects\Task6\Task6\Debug\link.15164.read.1.tlog
C:\Users\Aleksandr\Documents\Visual Studio 2010\Projects\Task6\Task6\Debug\link.15164.write.1.tlog
C:\Users\Aleksandr\Documents\Visual Studio 2010\Projects\Task6\Task6\Debug\link.15164-cvtres.read.1.tlog
C:\Users\Aleksandr\Documents\Visual Studio 2010\Projects\Task6\Task6\Debug\link.15164-cvtres.write.1.tlog
C:\Users\Aleksandr\Documents\Visual Studio 2010\Projects\Task6\Task6\Debug\link.15172.read.1.tlog
C:\Users\Aleksandr\Documents\Visual Studio 2010\Projects\Task6\Task6\Debug\link.15172.write.1.tlog
C:\Users\Aleksandr\Documents\Visual Studio 2010\Projects\Task6\Task6\Debug\link.15172-cvtres.read.1.tlog
C:\Users\Aleksandr\Documents\Visual Studio 2010\Projects\Task6\Task6\Debug\link.15172-cvtres.write.1.tlog
C:\Users\Aleksandr\Documents\Visual Studio 2010\Projects\Task6\Task6\Debug\link.15232.read.1.tlog
C:\Users\Aleksandr\Documents\Visual Studio 2010\Projects\Task6\Task6\Debug\link.15232.write.1.tlog
C:\Users\Aleksandr\Documents\Visual Studio 2010\Projects\Task6\Task6\Debug\link.15232-cvtres.read.1.tlog
C:\Users\Aleksandr\Documents\Visual Studio 2010\Projects\Task6\Task6\Debug\link.15232-cvtres.write.1.tlog
C:\Users\Aleksandr\Documents\Visual Studio 2010\Projects\Task6\Task6\Debug\link.15244.read.1.tlog
C:\Users\Aleksandr\Documents\Visual Studio 2010\Projects\Task6\Task6\Debug\link.15244.write.1.tlog
C:\Users\Aleksandr\Documents\Visual Studio 2010\Projects\Task6\Task6\Debug\link.15244-cvtres.read.1.tlog
C:\Users\Aleksandr\Documents\Visual Studio 2010\Projects\Task6\Task6\Debug\link.15244-cvtres.write.1.tlog
C:\Users\Aleksandr\Documents\Visual Studio 2010\Projects\Task6\Task6\Debug\link.15288.read.1.tlog
C:\Users\Aleksandr\Documents\Visual Studio 2010\Projects\Task6\Task6\Debug\link.15288.write.1.tlog
C:\Users\Aleksandr\Documents\Visual Studio 2010\Projects\Task6\Task6\Debug\link.15288-cvtres.read.1.tlog
C:\Users\Aleksandr\Documents\Visual Studio 2010\Projects\Task6\Task6\Debug\link.15288-cvtres.write.1.tlog
C:\Users\Aleksandr\Documents\Visual Studio 2010\Projects\Task6\Task6\Debug\link.15460.read.1.tlog
C:\Users\Aleksandr\Documents\Visual Studio 2010\Projects\Task6\Task6\Debug\link.15460.write.1.tlog
C:\Users\Aleksandr\Documents\Visual Studio 2010\Projects\Task6\Task6\Debug\link.15460-cvtres.read.1.tlog
C:\Users\Aleksandr\Documents\Visual Studio 2010\Projects\Task6\Task6\Debug\link.15460-cvtres.write.1.tlog
C:\Users\Aleksandr\Documents\Visual Studio 2010\Projects\Task6\Task6\Debug\link.15468.read.1.tlog
C:\Users\Aleksandr\Documents\Visual Studio 2010\Projects\Task6\Task6\Debug\link.15468.write.1.tlog
C:\Users\Aleksandr\Documents\Visual Studio 2010\Projects\Task6\Task6\Debug\link.15468-cvtres.read.1.tlog
C:\Users\Aleksandr\Documents\Visual Studio 2010\Projects\Task6\Task6\Debug\link.15468-cvtres.write.1.tlog
C:\Users\Aleksandr\Documents\Visual Studio 2010\Projects\Task6\Task6\Debug\link.15492.read.1.tlog
C:\Users\Aleksandr\Documents\Visual Studio 2010\Projects\Task6\Task6\Debug\link.15492.write.1.tlog
C:\Users\Aleksandr\Documents\Visual Studio 2010\Projects\Task6\Task6\Debug\link.15492-cvtres.read.1.tlog
C:\Users\Aleksandr\Documents\Visual Studio 2010\Projects\Task6\Task6\Debug\link.15492-cvtres.write.1.tlog
C:\Users\Aleksandr\Documents\Visual Studio 2010\Projects\Task6\Task6\Debug\link.15676.read.1.tlog
C:\Users\Aleksandr\Documents\Visual Studio 2010\Projects\Task6\Task6\Debug\link.15676.write.1.tlog
C:\Users\Aleksandr\Documents\Visual Studio 2010\Projects\Task6\Task6\Debug\link.15676-cvtres.read.1.tlog
C:\Users\Aleksandr\Documents\Visual Studio 2010\Projects\Task6\Task6\Debug\link.15676-cvtres.write.1.tlog
C:\Users\Aleksandr\Documents\Visual Studio 2010\Projects\Task6\Task6\Debug\link.15768.read.1.tlog
C:\Users\Aleksandr\Documents\Visual Studio 2010\Projects\Task6\Task6\Debug\link.15768.write.1.tlog
C:\Users\Aleksandr\Documents\Visual Studio 2010\Projects\Task6\Task6\Debug\link.15768-cvtres.read.1.tlog
C:\Users\Aleksandr\Documents\Visual Studio 2010\Projects\Task6\Task6\Debug\link.15768-cvtres.write.1.tlog
C:\Users\Aleksandr\Documents\Visual Studio 2010\Projects\Task6\Task6\Debug\link.15912.read.1.tlog
C:\Users\Aleksandr\Documents\Visual Studio 2010\Projects\Task6\Task6\Debug\link.15912.write.1.tlog
C:\Users\Aleksandr\Documents\Visual Studio 2010\Projects\Task6\Task6\Debug\link.15912-cvtres.read.1.tlog
C:\Users\Aleksandr\Documents\Visual Studio 2010\Projects\Task6\Task6\Debug\link.15912-cvtres.write.1.tlog
C:\Users\Aleksandr\Documents\Visual Studio 2010\Projects\Task6\Task6\Debug\link.15976.read.1.tlog
C:\Users\Aleksandr\Documents\Visual Studio 2010\Projects\Task6\Task6\Debug\link.15976.write.1.tlog
C:\Users\Aleksandr\Documents\Visual Studio 2010\Projects\Task6\Task6\Debug\link.15976-cvtres.read.1.tlog
C:\Users\Aleksandr\Documents\Visual Studio 2010\Projects\Task6\Task6\Debug\link.15976-cvtres.write.1.tlog
C:\Users\Aleksandr\Documents\Visual Studio 2010\Projects\Task6\Task6\Debug\link.15988.read.1.tlog
C:\Users\Aleksandr\Documents\Visual Studio 2010\Projects\Task6\Task6\Debug\link.15988.write.1.tlog
C:\Users\Aleksandr\Documents\Visual Studio 2010\Projects\Task6\Task6\Debug\link.15988-cvtres.read.1.tlog
C:\Users\Aleksandr\Documents\Visual Studio 2010\Projects\Task6\Task6\Debug\link.15988-cvtres.write.1.tlog
C:\Users\Aleksandr\Documents\Visual Studio 2010\Projects\Task6\Task6\Debug\link.16168.read.1.tlog
C:\Users\Aleksandr\Documents\Visual Studio 2010\Projects\Task6\Task6\Debug\link.16168.write.1.tlog
C:\Users\Aleksandr\Documents\Visual Studio 2010\Projects\Task6\Task6\Debug\link.16168-cvtres.read.1.tlog
C:\Users\Aleksandr\Documents\Visual Studio 2010\Projects\Task6\Task6\Debug\link.16168-cvtres.write.1.tlog
C:\Users\Aleksandr\Documents\Visual Studio 2010\Projects\Task6\Task6\Debug\link.16536.read.1.tlog
C:\Users\Aleksandr\Documents\Visual Studio 2010\Projects\Task6\Task6\Debug\link.16536.write.1.tlog
C:\Users\Aleksandr\Documents\Visual Studio 2010\Projects\Task6\Task6\Debug\link.16536-cvtres.read.1.tlog
C:\Users\Aleksandr\Documents\Visual Studio 2010\Projects\Task6\Task6\Debug\link.16536-cvtres.write.1.tlog
C:\Users\Aleksandr\Documents\Visual Studio 2010\Projects\Task6\Task6\Debug\link.16576.read.1.tlog
C:\Users\Aleksandr\Documents\Visual Studio 2010\Projects\Task6\Task6\Debug\link.16576.write.1.tlog
C:\Users\Aleksandr\Documents\Visual Studio 2010\Projects\Task6\Task6\Debug\link.16576-cvtres.read.1.tlog
C:\Users\Aleksandr\Documents\Visual Studio 2010\Projects\Task6\Task6\Debug\link.16576-cvtres.write.1.tlog
C:\Users\Aleksandr\Documents\Visual Studio 2010\Projects\Task6\Task6\Debug\link.16772.read.1.tlog
C:\Users\Aleksandr\Documents\Visual Studio 2010\Projects\Task6\Task6\Debug\link.16772.write.1.tlog
C:\Users\Aleksandr\Documents\Visual Studio 2010\Projects\Task6\Task6\Debug\link.16772-cvtres.read.1.tlog
C:\Users\Aleksandr\Documents\Visual Studio 2010\Projects\Task6\Task6\Debug\link.16772-cvtres.write.1.tlog
C:\Users\Aleksandr\Documents\Visual Studio 2010\Projects\Task6\Task6\Debug\link.16808.read.1.tlog
C:\Users\Aleksandr\Documents\Visual Studio 2010\Projects\Task6\Task6\Debug\link.16808.write.1.tlog
C:\Users\Aleksandr\Documents\Visual Studio 2010\Projects\Task6\Task6\Debug\link.16808-cvtres.read.1.tlog
C:\Users\Aleksandr\Documents\Visual Studio 2010\Projects\Task6\Task6\Debug\link.16808-cvtres.write.1.tlog
C:\Users\Aleksandr\Documents\Visual Studio 2010\Projects\Task6\Task6\Debug\link.16852.read.1.tlog
C:\Users\Aleksandr\Documents\Visual Studio 2010\Projects\Task6\Task6\Debug\link.16852.write.1.tlog
C:\Users\Aleksandr\Documents\Visual Studio 2010\Projects\Task6\Task6\Debug\link.16852-cvtres.read.1.tlog
C:\Users\Aleksandr\Documents\Visual Studio 2010\Projects\Task6\Task6\Debug\link.16852-cvtres.write.1.tlog
C:\Users\Aleksandr\Documents\Visual Studio 2010\Projects\Task6\Task6\Debug\link.17280.read.1.tlog
C:\Users\Aleksandr\Documents\Visual Studio 2010\Projects\Task6\Task6\Debug\link.17280.write.1.tlog
C:\Users\Aleksandr\Documents\Visual Studio 2010\Projects\Task6\Task6\Debug\link.17280-cvtres.read.1.tlog
C:\Users\Aleksandr\Documents\Visual Studio 2010\Projects\Task6\Task6\Debug\link.17280-cvtres.write.1.tlog
C:\Users\Aleksandr\Documents\Visual Studio 2010\Projects\Task6\Task6\Debug\link.17428.read.1.tlog
C:\Users\Aleksandr\Documents\Visual Studio 2010\Projects\Task6\Task6\Debug\link.17428.write.1.tlog
C:\Users\Aleksandr\Documents\Visual Studio 2010\Projects\Task6\Task6\Debug\link.17428-cvtres.read.1.tlog
C:\Users\Aleksandr\Documents\Visual Studio 2010\Projects\Task6\Task6\Debug\link.17428-cvtres.write.1.tlog
C:\Users\Aleksandr\Documents\Visual Studio 2010\Projects\Task6\Task6\Debug\link.17532.read.1.tlog
C:\Users\Aleksandr\Documents\Visual Studio 2010\Projects\Task6\Task6\Debug\link.17532.write.1.tlog
C:\Users\Aleksandr\Documents\Visual Studio 2010\Projects\Task6\Task6\Debug\link.17532-cvtres.read.1.tlog
C:\Users\Aleksandr\Documents\Visual Studio 2010\Projects\Task6\Task6\Debug\link.17532-cvtres.write.1.tlog
C:\Users\Aleksandr\Documents\Visual Studio 2010\Projects\Task6\Task6\Debug\link.17732.read.1.tlog
C:\Users\Aleksandr\Documents\Visual Studio 2010\Projects\Task6\Task6\Debug\link.17732.write.1.tlog
C:\Users\Aleksandr\Documents\Visual Studio 2010\Projects\Task6\Task6\Debug\link.17732-cvtres.read.1.tlog
C:\Users\Aleksandr\Documents\Visual Studio 2010\Projects\Task6\Task6\Debug\link.17732-cvtres.write.1.tlog
C:\Users\Aleksandr\Documents\Visual Studio 2010\Projects\Task6\Task6\Debug\link.17736.read.1.tlog
C:\Users\Aleksandr\Documents\Visual Studio 2010\Projects\Task6\Task6\Debug\link.17736.write.1.tlog
C:\Users\Aleksandr\Documents\Visual Studio 2010\Projects\Task6\Task6\Debug\link.17736-cvtres.read.1.tlog
C:\Users\Aleksandr\Documents\Visual Studio 2010\Projects\Task6\Task6\Debug\link.17736-cvtres.write.1.tlog
C:\Users\Aleksandr\Documents\Visual Studio 2010\Projects\Task6\Task6\Debug\link.18392.read.1.tlog
C:\Users\Aleksandr\Documents\Visual Studio 2010\Projects\Task6\Task6\Debug\link.18392.write.1.tlog
C:\Users\Aleksandr\Documents\Visual Studio 2010\Projects\Task6\Task6\Debug\link.18392-cvtres.read.1.tlog
C:\Users\Aleksandr\Documents\Visual Studio 2010\Projects\Task6\Task6\Debug\link.18392-cvtres.write.1.tlog
C:\Users\Aleksandr\Documents\Visual Studio 2010\Projects\Task6\Task6\Debug\link.18396.read.1.tlog
C:\Users\Aleksandr\Documents\Visual Studio 2010\Projects\Task6\Task6\Debug\link.18396.write.1.tlog
C:\Users\Aleksandr\Documents\Visual Studio 2010\Projects\Task6\Task6\Debug\link.18396-cvtres.read.1.tlog
C:\Users\Aleksandr\Documents\Visual Studio 2010\Projects\Task6\Task6\Debug\link.18396-cvtres.write.1.tlog
C:\Users\Aleksandr\Documents\Visual Studio 2010\Projects\Task6\Task6\Debug\link.1852.read.1.tlog
C:\Users\Aleksandr\Documents\Visual Studio 2010\Projects\Task6\Task6\Debug\link.1852.write.1.tlog
C:\Users\Aleksandr\Documents\Visual Studio 2010\Projects\Task6\Task6\Debug\link.1852-cvtres.read.1.tlog
C:\Users\Aleksandr\Documents\Visual Studio 2010\Projects\Task6\Task6\Debug\link.1852-cvtres.write.1.tlog
C:\Users\Aleksandr\Documents\Visual Studio 2010\Projects\Task6\Task6\Debug\link.1908.read.1.tlog
C:\Users\Aleksandr\Documents\Visual Studio 2010\Projects\Task6\Task6\Debug\link.1908.write.1.tlog
C:\Users\Aleksandr\Documents\Visual Studio 2010\Projects\Task6\Task6\Debug\link.1908-cvtres.read.1.tlog
C:\Users\Aleksandr\Documents\Visual Studio 2010\Projects\Task6\Task6\Debug\link.1908-cvtres.write.1.tlog
C:\Users\Aleksandr\Documents\Visual Studio 2010\Projects\Task6\Task6\Debug\link.2032.read.1.tlog
C:\Users\Aleksandr\Documents\Visual Studio 2010\Projects\Task6\Task6\Debug\link.2032.write.1.tlog
C:\Users\Aleksandr\Documents\Visual Studio 2010\Projects\Task6\Task6\Debug\link.2032-cvtres.read.1.tlog
C:\Users\Aleksandr\Documents\Visual Studio 2010\Projects\Task6\Task6\Debug\link.2032-cvtres.write.1.tlog
C:\Users\Aleksandr\Documents\Visual Studio 2010\Projects\Task6\Task6\Debug\link.2192.read.1.tlog
C:\Users\Aleksandr\Documents\Visual Studio 2010\Projects\Task6\Task6\Debug\link.2192.write.1.tlog
C:\Users\Aleksandr\Documents\Visual Studio 2010\Projects\Task6\Task6\Debug\link.2192-cvtres.read.1.tlog
C:\Users\Aleksandr\Documents\Visual Studio 2010\Projects\Task6\Task6\Debug\link.2192-cvtres.write.1.tlog
C:\Users\Aleksandr\Documents\Visual Studio 2010\Projects\Task6\Task6\Debug\link.2596.read.1.tlog
C:\Users\Aleksandr\Documents\Visual Studio 2010\Projects\Task6\Task6\Debug\link.2596.write.1.tlog
C:\Users\Aleksandr\Documents\Visual Studio 2010\Projects\Task6\Task6\Debug\link.2596-cvtres.read.1.tlog
C:\Users\Aleksandr\Documents\Visual Studio 2010\Projects\Task6\Task6\Debug\link.2596-cvtres.write.1.tlog
C:\Users\Aleksandr\Documents\Visual Studio 2010\Projects\Task6\Task6\Debug\link.2676.read.1.tlog
C:\Users\Aleksandr\Documents\Visual Studio 2010\Projects\Task6\Task6\Debug\link.2676.write.1.tlog
C:\Users\Aleksandr\Documents\Visual Studio 2010\Projects\Task6\Task6\Debug\link.2676-cvtres.read.1.tlog
C:\Users\Aleksandr\Documents\Visual Studio 2010\Projects\Task6\Task6\Debug\link.2676-cvtres.write.1.tlog
C:\Users\Aleksandr\Documents\Visual Studio 2010\Projects\Task6\Task6\Debug\link.2704.read.1.tlog
C:\Users\Aleksandr\Documents\Visual Studio 2010\Projects\Task6\Task6\Debug\link.2704.write.1.tlog
C:\Users\Aleksandr\Documents\Visual Studio 2010\Projects\Task6\Task6\Debug\link.2704-cvtres.read.1.tlog
C:\Users\Aleksandr\Documents\Visual Studio 2010\Projects\Task6\Task6\Debug\link.2704-cvtres.write.1.tlog
C:\Users\Aleksandr\Documents\Visual Studio 2010\Projects\Task6\Task6\Debug\link.2728.read.1.tlog
C:\Users\Aleksandr\Documents\Visual Studio 2010\Projects\Task6\Task6\Debug\link.2728.write.1.tlog
C:\Users\Aleksandr\Documents\Visual Studio 2010\Projects\Task6\Task6\Debug\link.2728-cvtres.read.1.tlog
C:\Users\Aleksandr\Documents\Visual Studio 2010\Projects\Task6\Task6\Debug\link.2728-cvtres.write.1.tlog
C:\Users\Aleksandr\Documents\Visual Studio 2010\Projects\Task6\Task6\Debug\link.2760.read.1.tlog
C:\Users\Aleksandr\Documents\Visual Studio 2010\Projects\Task6\Task6\Debug\link.2760.write.1.tlog
C:\Users\Aleksandr\Documents\Visual Studio 2010\Projects\Task6\Task6\Debug\link.2760-cvtres.read.1.tlog
C:\Users\Aleksandr\Documents\Visual Studio 2010\Projects\Task6\Task6\Debug\link.2760-cvtres.write.1.tlog
C:\Users\Aleksandr\Documents\Visual Studio 2010\Projects\Task6\Task6\Debug\link.3316.read.1.tlog
C:\Users\Aleksandr\Documents\Visual Studio 2010\Projects\Task6\Task6\Debug\link.3316.write.1.tlog
C:\Users\Aleksandr\Documents\Visual Studio 2010\Projects\Task6\Task6\Debug\link.3316-cvtres.read.1.tlog
C:\Users\Aleksandr\Documents\Visual Studio 2010\Projects\Task6\Task6\Debug\link.3316-cvtres.write.1.tlog
C:\Users\Aleksandr\Documents\Visual Studio 2010\Projects\Task6\Task6\Debug\link.3328.read.1.tlog
C:\Users\Aleksandr\Documents\Visual Studio 2010\Projects\Task6\Task6\Debug\link.3328.write.1.tlog
C:\Users\Aleksandr\Documents\Visual Studio 2010\Projects\Task6\Task6\Debug\link.3328-cvtres.read.1.tlog
C:\Users\Aleksandr\Documents\Visual Studio 2010\Projects\Task6\Task6\Debug\link.3328-cvtres.write.1.tlog
C:\Users\Aleksandr\Documents\Visual Studio 2010\Projects\Task6\Task6\Debug\link.3332.read.1.tlog
C:\Users\Aleksandr\Documents\Visual Studio 2010\Projects\Task6\Task6\Debug\link.3332.write.1.tlog
C:\Users\Aleksandr\Documents\Visual Studio 2010\Projects\Task6\Task6\Debug\link.3332-cvtres.read.1.tlog
C:\Users\Aleksandr\Documents\Visual Studio 2010\Projects\Task6\Task6\Debug\link.3332-cvtres.write.1.tlog
C:\Users\Aleksandr\Documents\Visual Studio 2010\Projects\Task6\Task6\Debug\link.3388.read.1.tlog
C:\Users\Aleksandr\Documents\Visual Studio 2010\Projects\Task6\Task6\Debug\link.3388.write.1.tlog
C:\Users\Aleksandr\Documents\Visual Studio 2010\Projects\Task6\Task6\Debug\link.3388-cvtres.read.1.tlog
C:\Users\Aleksandr\Documents\Visual Studio 2010\Projects\Task6\Task6\Debug\link.3388-cvtres.write.1.tlog
C:\Users\Aleksandr\Documents\Visual Studio 2010\Projects\Task6\Task6\Debug\link.4044.read.1.tlog
C:\Users\Aleksandr\Documents\Visual Studio 2010\Projects\Task6\Task6\Debug\link.4044.write.1.tlog
C:\Users\Aleksandr\Documents\Visual Studio 2010\Projects\Task6\Task6\Debug\link.4044-cvtres.read.1.tlog
C:\Users\Aleksandr\Documents\Visual Studio 2010\Projects\Task6\Task6\Debug\link.4044-cvtres.write.1.tlog
C:\Users\Aleksandr\Documents\Visual Studio 2010\Projects\Task6\Task6\Debug\link.4196.read.1.tlog
C:\Users\Aleksandr\Documents\Visual Studio 2010\Projects\Task6\Task6\Debug\link.4196.write.1.tlog
C:\Users\Aleksandr\Documents\Visual Studio 2010\Projects\Task6\Task6\Debug\link.4196-cvtres.read.1.tlog
C:\Users\Aleksandr\Documents\Visual Studio 2010\Projects\Task6\Task6\Debug\link.4196-cvtres.write.1.tlog
C:\Users\Aleksandr\Documents\Visual Studio 2010\Projects\Task6\Task6\Debug\link.4212.read.1.tlog
C:\Users\Aleksandr\Documents\Visual Studio 2010\Projects\Task6\Task6\Debug\link.4212.write.1.tlog
C:\Users\Aleksandr\Documents\Visual Studio 2010\Projects\Task6\Task6\Debug\link.4212-cvtres.read.1.tlog
C:\Users\Aleksandr\Documents\Visual Studio 2010\Projects\Task6\Task6\Debug\link.4212-cvtres.write.1.tlog
C:\Users\Aleksandr\Documents\Visual Studio 2010\Projects\Task6\Task6\Debug\link.4344.read.1.tlog
C:\Users\Aleksandr\Documents\Visual Studio 2010\Projects\Task6\Task6\Debug\link.4344.write.1.tlog
C:\Users\Aleksandr\Documents\Visual Studio 2010\Projects\Task6\Task6\Debug\link.4344-cvtres.read.1.tlog
C:\Users\Aleksandr\Documents\Visual Studio 2010\Projects\Task6\Task6\Debug\link.4344-cvtres.write.1.tlog
C:\Users\Aleksandr\Documents\Visual Studio 2010\Projects\Task6\Task6\Debug\link.4400.read.1.tlog
C:\Users\Aleksandr\Documents\Visual Studio 2010\Projects\Task6\Task6\Debug\link.4400.write.1.tlog
C:\Users\Aleksandr\Documents\Visual Studio 2010\Projects\Task6\Task6\Debug\link.4400-cvtres.read.1.tlog
C:\Users\Aleksandr\Documents\Visual Studio 2010\Projects\Task6\Task6\Debug\link.4400-cvtres.write.1.tlog
C:\Users\Aleksandr\Documents\Visual Studio 2010\Projects\Task6\Task6\Debug\link.4448.read.1.tlog
C:\Users\Aleksandr\Documents\Visual Studio 2010\Projects\Task6\Task6\Debug\link.4448.write.1.tlog
C:\Users\Aleksandr\Documents\Visual Studio 2010\Projects\Task6\Task6\Debug\link.4448-cvtres.read.1.tlog
C:\Users\Aleksandr\Documents\Visual Studio 2010\Projects\Task6\Task6\Debug\link.4448-cvtres.write.1.tlog
C:\Users\Aleksandr\Documents\Visual Studio 2010\Projects\Task6\Task6\Debug\link.4532.read.1.tlog
C:\Users\Aleksandr\Documents\Visual Studio 2010\Projects\Task6\Task6\Debug\link.4532.write.1.tlog
C:\Users\Aleksandr\Documents\Visual Studio 2010\Projects\Task6\Task6\Debug\link.4532-cvtres.read.1.tlog
C:\Users\Aleksandr\Documents\Visual Studio 2010\Projects\Task6\Task6\Debug\link.4532-cvtres.write.1.tlog
C:\Users\Aleksandr\Documents\Visual Studio 2010\Projects\Task6\Task6\Debug\link.4704.read.1.tlog
C:\Users\Aleksandr\Documents\Visual Studio 2010\Projects\Task6\Task6\Debug\link.4704.write.1.tlog
C:\Users\Aleksandr\Documents\Visual Studio 2010\Projects\Task6\Task6\Debug\link.4704-cvtres.read.1.tlog
C:\Users\Aleksandr\Documents\Visual Studio 2010\Projects\Task6\Task6\Debug\link.4704-cvtres.write.1.tlog
C:\Users\Aleksandr\Documents\Visual Studio 2010\Projects\Task6\Task6\Debug\link.4756.read.1.tlog
C:\Users\Aleksandr\Documents\Visual Studio 2010\Projects\Task6\Task6\Debug\link.4756.write.1.tlog
C:\Users\Aleksandr\Documents\Visual Studio 2010\Projects\Task6\Task6\Debug\link.4756-cvtres.read.1.tlog
C:\Users\Aleksandr\Documents\Visual Studio 2010\Projects\Task6\Task6\Debug\link.4756-cvtres.write.1.tlog
C:\Users\Aleksandr\Documents\Visual Studio 2010\Projects\Task6\Task6\Debug\link.4856.read.1.tlog
C:\Users\Aleksandr\Documents\Visual Studio 2010\Projects\Task6\Task6\Debug\link.4856.write.1.tlog
C:\Users\Aleksandr\Documents\Visual Studio 2010\Projects\Task6\Task6\Debug\link.4856-cvtres.read.1.tlog
C:\Users\Aleksandr\Documents\Visual Studio 2010\Projects\Task6\Task6\Debug\link.4856-cvtres.write.1.tlog
C:\Users\Aleksandr\Documents\Visual Studio 2010\Projects\Task6\Task6\Debug\link.4936.read.1.tlog
C:\Users\Aleksandr\Documents\Visual Studio 2010\Projects\Task6\Task6\Debug\link.4936.write.1.tlog
C:\Users\Aleksandr\Documents\Visual Studio 2010\Projects\Task6\Task6\Debug\link.4936-cvtres.read.1.tlog
C:\Users\Aleksandr\Documents\Visual Studio 2010\Projects\Task6\Task6\Debug\link.4936-cvtres.write.1.tlog
C:\Users\Aleksandr\Documents\Visual Studio 2010\Projects\Task6\Task6\Debug\link.4952.read.1.tlog
C:\Users\Aleksandr\Documents\Visual Studio 2010\Projects\Task6\Task6\Debug\link.4952.write.1.tlog
C:\Users\Aleksandr\Documents\Visual Studio 2010\Projects\Task6\Task6\Debug\link.4952-cvtres.read.1.tlog
C:\Users\Aleksandr\Documents\Visual Studio 2010\Projects\Task6\Task6\Debug\link.4952-cvtres.write.1.tlog
C:\Users\Aleksandr\Documents\Visual Studio 2010\Projects\Task6\Task6\Debug\link.5072.read.1.tlog
C:\Users\Aleksandr\Documents\Visual Studio 2010\Projects\Task6\Task6\Debug\link.5072.write.1.tlog
C:\Users\Aleksandr\Documents\Visual Studio 2010\Projects\Task6\Task6\Debug\link.5072-cvtres.read.1.tlog
C:\Users\Aleksandr\Documents\Visual Studio 2010\Projects\Task6\Task6\Debug\link.5072-cvtres.write.1.tlog
C:\Users\Aleksandr\Documents\Visual Studio 2010\Projects\Task6\Task6\Debug\link.5436.read.1.tlog
C:\Users\Aleksandr\Documents\Visual Studio 2010\Projects\Task6\Task6\Debug\link.5436.write.1.tlog
C:\Users\Aleksandr\Documents\Visual Studio 2010\Projects\Task6\Task6\Debug\link.5436-cvtres.read.1.tlog
C:\Users\Aleksandr\Documents\Visual Studio 2010\Projects\Task6\Task6\Debug\link.5436-cvtres.write.1.tlog
C:\Users\Aleksandr\Documents\Visual Studio 2010\Projects\Task6\Task6\Debug\link.5452.read.1.tlog
C:\Users\Aleksandr\Documents\Visual Studio 2010\Projects\Task6\Task6\Debug\link.5452.write.1.tlog
C:\Users\Aleksandr\Documents\Visual Studio 2010\Projects\Task6\Task6\Debug\link.5452-cvtres.read.1.tlog
C:\Users\Aleksandr\Documents\Visual Studio 2010\Projects\Task6\Task6\Debug\link.5452-cvtres.write.1.tlog
C:\Users\Aleksandr\Documents\Visual Studio 2010\Projects\Task6\Task6\Debug\link.5640.read.1.tlog
C:\Users\Aleksandr\Documents\Visual Studio 2010\Projects\Task6\Task6\Debug\link.5640.write.1.tlog
C:\Users\Aleksandr\Documents\Visual Studio 2010\Projects\Task6\Task6\Debug\link.5640-cvtres.read.1.tlog
C:\Users\Aleksandr\Documents\Visual Studio 2010\Projects\Task6\Task6\Debug\link.5640-cvtres.write.1.tlog
C:\Users\Aleksandr\Documents\Visual Studio 2010\Projects\Task6\Task6\Debug\link.5676.read.1.tlog
C:\Users\Aleksandr\Documents\Visual Studio 2010\Projects\Task6\Task6\Debug\link.5676.write.1.tlog
C:\Users\Aleksandr\Documents\Visual Studio 2010\Projects\Task6\Task6\Debug\link.5676-cvtres.read.1.tlog
C:\Users\Aleksandr\Documents\Visual Studio 2010\Projects\Task6\Task6\Debug\link.5676-cvtres.write.1.tlog
C:\Users\Aleksandr\Documents\Visual Studio 2010\Projects\Task6\Task6\Debug\link.572.read.1.tlog
C:\Users\Aleksandr\Documents\Visual Studio 2010\Projects\Task6\Task6\Debug\link.572.write.1.tlog
C:\Users\Aleksandr\Documents\Visual Studio 2010\Projects\Task6\Task6\Debug\link.572-cvtres.read.1.tlog
C:\Users\Aleksandr\Documents\Visual Studio 2010\Projects\Task6\Task6\Debug\link.572-cvtres.write.1.tlog
C:\Users\Aleksandr\Documents\Visual Studio 2010\Projects\Task6\Task6\Debug\link.5808.read.1.tlog
C:\Users\Aleksandr\Documents\Visual Studio 2010\Projects\Task6\Task6\Debug\link.5808.write.1.tlog
C:\Users\Aleksandr\Documents\Visual Studio 2010\Projects\Task6\Task6\Debug\link.5808-cvtres.read.1.tlog
C:\Users\Aleksandr\Documents\Visual Studio 2010\Projects\Task6\Task6\Debug\link.5808-cvtres.write.1.tlog
C:\Users\Aleksandr\Documents\Visual Studio 2010\Projects\Task6\Task6\Debug\link.5908.read.1.tlog
C:\Users\Aleksandr\Documents\Visual Studio 2010\Projects\Task6\Task6\Debug\link.5908.write.1.tlog
C:\Users\Aleksandr\Documents\Visual Studio 2010\Projects\Task6\Task6\Debug\link.5908-cvtres.read.1.tlog
C:\Users\Aleksandr\Documents\Visual Studio 2010\Projects\Task6\Task6\Debug\link.5908-cvtres.write.1.tlog
C:\Users\Aleksandr\Documents\Visual Studio 2010\Projects\Task6\Task6\Debug\link.5912.read.1.tlog
C:\Users\Aleksandr\Documents\Visual Studio 2010\Projects\Task6\Task6\Debug\link.5912.write.1.tlog
C:\Users\Aleksandr\Documents\Visual Studio 2010\Projects\Task6\Task6\Debug\link.5912-cvtres.read.1.tlog
C:\Users\Aleksandr\Documents\Visual Studio 2010\Projects\Task6\Task6\Debug\link.5912-cvtres.write.1.tlog
C:\Users\Aleksandr\Documents\Visual Studio 2010\Projects\Task6\Task6\Debug\link.6172.read.1.tlog
C:\Users\Aleksandr\Documents\Visual Studio 2010\Projects\Task6\Task6\Debug\link.6172.write.1.tlog
C:\Users\Aleksandr\Documents\Visual Studio 2010\Projects\Task6\Task6\Debug\link.6172-cvtres.read.1.tlog
C:\Users\Aleksandr\Documents\Visual Studio 2010\Projects\Task6\Task6\Debug\link.6172-cvtres.write.1.tlog
C:\Users\Aleksandr\Documents\Visual Studio 2010\Projects\Task6\Task6\Debug\link.6176.read.1.tlog
C:\Users\Aleksandr\Documents\Visual Studio 2010\Projects\Task6\Task6\Debug\link.6176.write.1.tlog
C:\Users\Aleksandr\Documents\Visual Studio 2010\Projects\Task6\Task6\Debug\link.6176-cvtres.read.1.tlog
C:\Users\Aleksandr\Documents\Visual Studio 2010\Projects\Task6\Task6\Debug\link.6176-cvtres.write.1.tlog
C:\Users\Aleksandr\Documents\Visual Studio 2010\Projects\Task6\Task6\Debug\link.6320.read.1.tlog
C:\Users\Aleksandr\Documents\Visual Studio 2010\Projects\Task6\Task6\Debug\link.6320.write.1.tlog
C:\Users\Aleksandr\Documents\Visual Studio 2010\Projects\Task6\Task6\Debug\link.6320-cvtres.read.1.tlog
C:\Users\Aleksandr\Documents\Visual Studio 2010\Projects\Task6\Task6\Debug\link.6320-cvtres.write.1.tlog
C:\Users\Aleksandr\Documents\Visual Studio 2010\Projects\Task6\Task6\Debug\link.7364.read.1.tlog
C:\Users\Aleksandr\Documents\Visual Studio 2010\Projects\Task6\Task6\Debug\link.7364.write.1.tlog
C:\Users\Aleksandr\Documents\Visual Studio 2010\Projects\Task6\Task6\Debug\link.7364-cvtres.read.1.tlog
C:\Users\Aleksandr\Documents\Visual Studio 2010\Projects\Task6\Task6\Debug\link.7364-cvtres.write.1.tlog
C:\Users\Aleksandr\Documents\Visual Studio 2010\Projects\Task6\Task6\Debug\link.7600.read.1.tlog
C:\Users\Aleksandr\Documents\Visual Studio 2010\Projects\Task6\Task6\Debug\link.7600.write.1.tlog
C:\Users\Aleksandr\Documents\Visual Studio 2010\Projects\Task6\Task6\Debug\link.7600-cvtres.read.1.tlog
C:\Users\Aleksandr\Documents\Visual Studio 2010\Projects\Task6\Task6\Debug\link.7600-cvtres.write.1.tlog
C:\Users\Aleksandr\Documents\Visual Studio 2010\Projects\Task6\Task6\Debug\link.7636.read.1.tlog
C:\Users\Aleksandr\Documents\Visual Studio 2010\Projects\Task6\Task6\Debug\link.7636.write.1.tlog
C:\Users\Aleksandr\Documents\Visual Studio 2010\Projects\Task6\Task6\Debug\link.7636-cvtres.read.1.tlog
C:\Users\Aleksandr\Documents\Visual Studio 2010\Projects\Task6\Task6\Debug\link.7636-cvtres.write.1.tlog
C:\Users\Aleksandr\Documents\Visual Studio 2010\Projects\Task6\Task6\Debug\link.7692.read.1.tlog
C:\Users\Aleksandr\Documents\Visual Studio 2010\Projects\Task6\Task6\Debug\link.7692.write.1.tlog
C:\Users\Aleksandr\Documents\Visual Studio 2010\Projects\Task6\Task6\Debug\link.7692-cvtres.read.1.tlog
C:\Users\Aleksandr\Documents\Visual Studio 2010\Projects\Task6\Task6\Debug\link.7692-cvtres.write.1.tlog
C:\Users\Aleksandr\Documents\Visual Studio 2010\Projects\Task6\Task6\Debug\link.7732.read.1.tlog
C:\Users\Aleksandr\Documents\Visual Studio 2010\Projects\Task6\Task6\Debug\link.7732.write.1.tlog
C:\Users\Aleksandr\Documents\Visual Studio 2010\Projects\Task6\Task6\Debug\link.7732-cvtres.read.1.tlog
C:\Users\Aleksandr\Documents\Visual Studio 2010\Projects\Task6\Task6\Debug\link.7732-cvtres.write.1.tlog
C:\Users\Aleksandr\Documents\Visual Studio 2010\Projects\Task6\Task6\Debug\link.7784.read.1.tlog
C:\Users\Aleksandr\Documents\Visual Studio 2010\Projects\Task6\Task6\Debug\link.7784.write.1.tlog
C:\Users\Aleksandr\Documents\Visual Studio 2010\Projects\Task6\Task6\Debug\link.7784-cvtres.read.1.tlog
C:\Users\Aleksandr\Documents\Visual Studio 2010\Projects\Task6\Task6\Debug\link.7784-cvtres.write.1.tlog
C:\Users\Aleksandr\Documents\Visual Studio 2010\Projects\Task6\Task6\Debug\link.8012.read.1.tlog
C:\Users\Aleksandr\Documents\Visual Studio 2010\Projects\Task6\Task6\Debug\link.8012.write.1.tlog
C:\Users\Aleksandr\Documents\Visual Studio 2010\Projects\Task6\Task6\Debug\link.8012-cvtres.read.1.tlog
C:\Users\Aleksandr\Documents\Visual Studio 2010\Projects\Task6\Task6\Debug\link.8012-cvtres.write.1.tlog
C:\Users\Aleksandr\Documents\Visual Studio 2010\Projects\Task6\Task6\Debug\link.8176.read.1.tlog
C:\Users\Aleksandr\Documents\Visual Studio 2010\Projects\Task6\Task6\Debug\link.8176.write.1.tlog
C:\Users\Aleksandr\Documents\Visual Studio 2010\Projects\Task6\Task6\Debug\link.8176-cvtres.read.1.tlog
C:\Users\Aleksandr\Documents\Visual Studio 2010\Projects\Task6\Task6\Debug\link.8176-cvtres.write.1.tlog
C:\Users\Aleksandr\Documents\Visual Studio 2010\Projects\Task6\Task6\Debug\link.8336.read.1.tlog
C:\Users\Aleksandr\Documents\Visual Studio 2010\Projects\Task6\Task6\Debug\link.8336.write.1.tlog
C:\Users\Aleksandr\Documents\Visual Studio 2010\Projects\Task6\Task6\Debug\link.8336-cvtres.read.1.tlog
C:\Users\Aleksandr\Documents\Visual Studio 2010\Projects\Task6\Task6\Debug\link.8336-cvtres.write.1.tlog
C:\Users\Aleksandr\Documents\Visual Studio 2010\Projects\Task6\Task6\Debug\link.8384.read.1.tlog
C:\Users\Aleksandr\Documents\Visual Studio 2010\Projects\Task6\Task6\Debug\link.8384.write.1.tlog
C:\Users\Aleksandr\Documents\Visual Studio 2010\Projects\Task6\Task6\Debug\link.8384-cvtres.read.1.tlog
C:\Users\Aleksandr\Documents\Visual Studio 2010\Projects\Task6\Task6\Debug\link.8384-cvtres.write.1.tlog
C:\Users\Aleksandr\Documents\Visual Studio 2010\Projects\Task6\Task6\Debug\link.8796.read.1.tlog
C:\Users\Aleksandr\Documents\Visual Studio 2010\Projects\Task6\Task6\Debug\link.8796.write.1.tlog
C:\Users\Aleksandr\Documents\Visual Studio 2010\Projects\Task6\Task6\Debug\link.8796-cvtres.read.1.tlog
C:\Users\Aleksandr\Documents\Visual Studio 2010\Projects\Task6\Task6\Debug\link.8796-cvtres.write.1.tlog
C:\Users\Aleksandr\Documents\Visual Studio 2010\Projects\Task6\Task6\Debug\link.8884.read.1.tlog
C:\Users\Aleksandr\Documents\Visual Studio 2010\Projects\Task6\Task6\Debug\link.8884.write.1.tlog
C:\Users\Aleksandr\Documents\Visual Studio 2010\Projects\Task6\Task6\Debug\link.8884-cvtres.read.1.tlog
C:\Users\Aleksandr\Documents\Visual Studio 2010\Projects\Task6\Task6\Debug\link.8884-cvtres.write.1.tlog
C:\Users\Aleksandr\Documents\Visual Studio 2010\Projects\Task6\Task6\Debug\link.9000.read.1.tlog
C:\Users\Aleksandr\Documents\Visual Studio 2010\Projects\Task6\Task6\Debug\link.9000.write.1.tlog
C:\Users\Aleksandr\Documents\Visual Studio 2010\Projects\Task6\Task6\Debug\link.9000-cvtres.read.1.tlog
C:\Users\Aleksandr\Documents\Visual Studio 2010\Projects\Task6\Task6\Debug\link.9000-cvtres.write.1.tlog
C:\Users\Aleksandr\Documents\Visual Studio 2010\Projects\Task6\Task6\Debug\link.9280.read.1.tlog
C:\Users\Aleksandr\Documents\Visual Studio 2010\Projects\Task6\Task6\Debug\link.9280.write.1.tlog
C:\Users\Aleksandr\Documents\Visual Studio 2010\Projects\Task6\Task6\Debug\link.9280-cvtres.read.1.tlog
C:\Users\Aleksandr\Documents\Visual Studio 2010\Projects\Task6\Task6\Debug\link.9280-cvtres.write.1.tlog
C:\Users\Aleksandr\Documents\Visual Studio 2010\Projects\Task6\Task6\Debug\link.9300.read.1.tlog
C:\Users\Aleksandr\Documents\Visual Studio 2010\Projects\Task6\Task6\Debug\link.9300.write.1.tlog
C:\Users\Aleksandr\Documents\Visual Studio 2010\Projects\Task6\Task6\Debug\link.9300-cvtres.read.1.tlog
C:\Users\Aleksandr\Documents\Visual Studio 2010\Projects\Task6\Task6\Debug\link.9300-cvtres.write.1.tlog
C:\Users\Aleksandr\Documents\Visual Studio 2010\Projects\Task6\Task6\Debug\link.9536.read.1.tlog
C:\Users\Aleksandr\Documents\Visual Studio 2010\Projects\Task6\Task6\Debug\link.9536.write.1.tlog
C:\Users\Aleksandr\Documents\Visual Studio 2010\Projects\Task6\Task6\Debug\link.9536-cvtres.read.1.tlog
C:\Users\Aleksandr\Documents\Visual Studio 2010\Projects\Task6\Task6\Debug\link.9536-cvtres.write.1.tlog
C:\Users\Aleksandr\Documents\Visual Studio 2010\Projects\Task6\Task6\Debug\link.9580.read.1.tlog
C:\Users\Aleksandr\Documents\Visual Studio 2010\Projects\Task6\Task6\Debug\link.9580.write.1.tlog
C:\Users\Aleksandr\Documents\Visual Studio 2010\Projects\Task6\Task6\Debug\link.9580-cvtres.read.1.tlog
C:\Users\Aleksandr\Documents\Visual Studio 2010\Projects\Task6\Task6\Debug\link.9580-cvtres.write.1.tlog
C:\Users\Aleksandr\Documents\Visual Studio 2010\Projects\Task6\Task6\Debug\link.9648.read.1.tlog
C:\Users\Aleksandr\Documents\Visual Studio 2010\Projects\Task6\Task6\Debug\link.9648.write.1.tlog
C:\Users\Aleksandr\Documents\Visual Studio 2010\Projects\Task6\Task6\Debug\link.9648-cvtres.read.1.tlog
C:\Users\Aleksandr\Documents\Visual Studio 2010\Projects\Task6\Task6\Debug\link.9648-cvtres.write.1.tlog
C:\Users\Aleksandr\Documents\Visual Studio 2010\Projects\Task6\Task6\Debug\link.9796.read.1.tlog
C:\Users\Aleksandr\Documents\Visual Studio 2010\Projects\Task6\Task6\Debug\link.9796.write.1.tlog
C:\Users\Aleksandr\Documents\Visual Studio 2010\Projects\Task6\Task6\Debug\link.9796-cvtres.read.1.tlog
C:\Users\Aleksandr\Documents\Visual Studio 2010\Projects\Task6\Task6\Debug\link.9796-cvtres.write.1.tlog
C:\Users\Aleksandr\Documents\Visual Studio 2010\Projects\Task6\Task6\Debug\link.9896.read.1.tlog
C:\Users\Aleksandr\Documents\Visual Studio 2010\Projects\Task6\Task6\Debug\link.9896.write.1.tlog
C:\Users\Aleksandr\Documents\Visual Studio 2010\Projects\Task6\Task6\Debug\link.9896-cvtres.read.1.tlog
C:\Users\Aleksandr\Documents\Visual Studio 2010\Projects\Task6\Task6\Debug\link.9896-cvtres.write.1.tlog
C:\Users\Aleksandr\Documents\Visual Studio 2010\Projects\Task6\Task6\Debug\link.9984.read.1.tlog
C:\Users\Aleksandr\Documents\Visual Studio 2010\Projects\Task6\Task6\Debug\link.9984.write.1.tlog
C:\Users\Aleksandr\Documents\Visual Studio 2010\Projects\Task6\Task6\Debug\link.9984-cvtres.read.1.tlog
C:\Users\Aleksandr\Documents\Visual Studio 2010\Projects\Task6\Task6\Debug\link.9984-cvtres.write.1.tlog
C:\Users\Aleksandr\Documents\Visual Studio 2010\Projects\Task6\Task6\Debug\link.command.1.tlog
C:\Users\Aleksandr\Documents\Visual Studio 2010\Projects\Task6\Task6\Debug\link.read.1.tlog
C:\Users\Aleksandr\Documents\Visual Studio 2010\Projects\Task6\Task6\Debug\link.write.1.tlog
C:\Users\Aleksandr\Documents\Visual Studio 2010\Projects\Task6\Task6\Debug\metagen.read.1.tlog
C:\Users\Aleksandr\Documents\Visual Studio 2010\Projects\Task6\Task6\Debug\metagen.write.1.tlog
C:\Users\Aleksandr\Documents\Visual Studio 2010\Projects\Task6\Task6\Debug\mt.command.1.tlog
C:\Users\Aleksandr\Documents\Visual Studio 2010\Projects\Task6\Task6\Debug\mt.read.1.tlog
C:\Users\Aleksandr\Documents\Visual Studio 2010\Projects\Task6\Task6\Debug\mt.write.1.tlog
C:\Users\Aleksandr\Documents\Visual Studio 2010\Projects\Task6\Task6\Debug\rc.command.1.tlog
C:\Users\Aleksandr\Documents\Visual Studio 2010\Projects\Task6\Task6\Debug\rc.read.1.tlog
C:\Users\Aleksandr\Documents\Visual Studio 2010\Projects\Task6\Task6\Debug\rc.write.1.tlog
C:\USERS\ALEKSANDR\DOCUMENTS\VISUAL STUDIO 2010\PROJECTS\TASK6\TASK6\DEBUG\STDAFX.OBJ
C:\USERS\ALEKSANDR\DOCUMENTS\VISUAL STUDIO 2010\PROJECTS\TASK6\TASK6\DEBUG\TASK6.EXE.INTERMEDIATE.MANIFEST
C:\Users\Aleksandr\Documents\Visual Studio 2010\Projects\Task6\Task6\Debug\Task6.Form1.resources
C:\USERS\ALEKSANDR\DOCUMENTS\VISUAL STUDIO 2010\PROJECTS\TASK6\TASK6\DEBUG\TASK6.OBJ
C:\USERS\ALEKSANDR\DOCUMENTS\VISUAL STUDIO 2010\PROJECTS\TASK6\TASK6\DEBUG\TASK6.PCH
C:\Users\Aleksandr\Documents\Visual Studio 2010\Projects\Task6\Task6\Debug\Task6.vcxproj.GenerateResource.Cache
C:\Users\Aleksandr\Documents\Visual Studio 2010\Projects\Task6\Task6\Debug\Task6.vcxprojResolveAssemblyReference.cache
C:\Users\Aleksandr\Documents\Visual Studio 2010\Projects\Task6\Task6\Debug\Task6.write.1.tlog
C:\USERS\ALEKSANDR\DOCUMENTS\VISUAL STUDIO 2010\PROJECTS\TASK6\TASK6\DEBUG\TRANSFORM.OBJ
C:\Users\Aleksandr\Documents\Visual Studio 2010\Projects\Task6\Task6\Debug\TZRES.DLL.bi
C:\USERS\ALEKSANDR\DOCUMENTS\VISUAL STUDIO 2010\PROJECTS\TASK6\TASK6\DEBUG\VC100.PDB
