Построение начато 26.10.2016 7:31:14.
     1>Проект "M:\GraphicsProblems\temp123\temp123\temp123.vcxproj" в узле 2 (целевые объекты build).
     1>InitializeBuildStatus:
         Создание "Debug\temp123.unsuccessfulbuild", так как было задано "AlwaysCreate".
       GenerateTargetFrameworkMonikerAttribute:
       Целевой объект "GenerateTargetFrameworkMonikerAttribute" пропускается, так как все выходные файлы актуальны по отношению к входным.
       ClCompile:
         Для всех выходных данных обновления не требуется.
         C:\Program Files (x86)\Microsoft Visual Studio 10.0\VC\bin\CL.exe /c /AI"C:\Program Files (x86)\Reference Assemblies\Microsoft\Framework\.NETFramework\v4.0" /Zi /clr:pure /nologo /W3 /WX- /Od /Oy- /D WIN32 /D _DEBUG /D _UNICODE /D UNICODE /EHa /MDd /GS /fp:precise /Zc:wchar_t /Zc:forScope /Yu"StdAfx.h" /Fp"Debug\temp123.pch" /Fo"Debug\\" /Fd"Debug\vc100.pdb" /TP /FU"C:\Program Files (x86)\Reference Assemblies\Microsoft\Framework\.NETFramework\v4.0\System.Core.dll" /FU"C:\Program Files (x86)\Reference Assemblies\Microsoft\Framework\.NETFramework\v4.0\System.Data.dll" /FU"C:\Program Files (x86)\Reference Assemblies\Microsoft\Framework\.NETFramework\v4.0\System.dll" /FU"C:\Program Files (x86)\Reference Assemblies\Microsoft\Framework\.NETFramework\v4.0\System.Drawing.dll" /FU"C:\Program Files (x86)\Reference Assemblies\Microsoft\Framework\.NETFramework\v4.0\System.Windows.Forms.dll" /FU"C:\Program Files (x86)\Reference Assemblies\Microsoft\Framework\.NETFramework\v4.0\System.Xml.dll" /analyze- /errorReport:prompt temp123.cpp /clr:nostdlib 
         temp123.cpp
     1>m:\graphicsproblems\temp123\temp123\Form1.h(105): warning C4244: аргумент: преобразование "float" в "int", возможна потеря данных
     1>m:\graphicsproblems\temp123\temp123\Form1.h(105): warning C4244: аргумент: преобразование "float" в "int", возможна потеря данных
     1>m:\graphicsproblems\temp123\temp123\Form1.h(105): warning C4244: аргумент: преобразование "float" в "int", возможна потеря данных
     1>m:\graphicsproblems\temp123\temp123\Form1.h(105): warning C4244: аргумент: преобразование "float" в "int", возможна потеря данных
     1>m:\graphicsproblems\temp123\temp123\Form1.h(141): warning C4244: аргумент: преобразование "float" в "int", возможна потеря данных
     1>m:\graphicsproblems\temp123\temp123\Form1.h(141): warning C4244: аргумент: преобразование "float" в "int", возможна потеря данных
     1>m:\graphicsproblems\temp123\temp123\Form1.h(142): warning C4244: аргумент: преобразование "float" в "int", возможна потеря данных
     1>m:\graphicsproblems\temp123\temp123\Form1.h(142): warning C4244: аргумент: преобразование "float" в "int", возможна потеря данных
     1>m:\graphicsproblems\temp123\temp123\Form1.h(143): warning C4244: аргумент: преобразование "float" в "int", возможна потеря данных
     1>m:\graphicsproblems\temp123\temp123\Form1.h(143): warning C4244: аргумент: преобразование "float" в "int", возможна потеря данных
     1>m:\graphicsproblems\temp123\temp123\Form1.h(144): warning C4244: аргумент: преобразование "float" в "int", возможна потеря данных
     1>m:\graphicsproblems\temp123\temp123\Form1.h(144): warning C4244: аргумент: преобразование "float" в "int", возможна потеря данных
     1>m:\graphicsproblems\temp123\temp123\Form1.h(163): warning C4305: =: усечение из "double" к "float"
     1>m:\graphicsproblems\temp123\temp123\Form1.h(165): warning C4305: =: усечение из "double" к "float"
     1>m:\graphicsproblems\temp123\temp123\Form1.h(210): warning C4244: аргумент: преобразование "int" в "float", возможна потеря данных
     1>m:\graphicsproblems\temp123\temp123\Form1.h(210): warning C4244: аргумент: преобразование "int" в "float", возможна потеря данных
     1>m:\graphicsproblems\temp123\temp123\Form1.h(301): warning C4305: аргумент: усечение из "double" к "float"
     1>m:\graphicsproblems\temp123\temp123\Form1.h(306): warning C4305: аргумент: усечение из "double" к "float"
     1>m:\graphicsproblems\temp123\temp123\Form1.h(312): warning C4305: аргумент: усечение из "double" к "float"
     1>m:\graphicsproblems\temp123\temp123\Form1.h(317): warning C4305: аргумент: усечение из "double" к "float"
     1>m:\graphicsproblems\temp123\temp123\Form1.h(334): warning C4305: аргумент: усечение из "double" к "float"
     1>m:\graphicsproblems\temp123\temp123\Form1.h(339): warning C4305: аргумент: усечение из "double" к "float"
     1>m:\graphicsproblems\temp123\temp123\Form1.h(345): warning C4305: аргумент: усечение из "double" к "float"
     1>m:\graphicsproblems\temp123\temp123\Form1.h(350): warning C4305: аргумент: усечение из "double" к "float"
     1>m:\graphicsproblems\temp123\temp123\Form1.h(357): warning C4244: аргумент: преобразование "int" в "float", возможна потеря данных
     1>m:\graphicsproblems\temp123\temp123\Form1.h(357): warning C4305: аргумент: усечение из "double" к "float"
     1>m:\graphicsproblems\temp123\temp123\Form1.h(363): warning C4244: аргумент: преобразование "int" в "float", возможна потеря данных
     1>m:\graphicsproblems\temp123\temp123\Form1.h(363): warning C4305: аргумент: усечение из "double" к "float"
     1>m:\graphicsproblems\temp123\temp123\Form1.h(369): warning C4244: аргумент: преобразование "int" в "float", возможна потеря данных
     1>m:\graphicsproblems\temp123\temp123\Form1.h(369): warning C4305: аргумент: усечение из "double" к "float"
     1>m:\graphicsproblems\temp123\temp123\Form1.h(375): warning C4244: аргумент: преобразование "int" в "float", возможна потеря данных
     1>m:\graphicsproblems\temp123\temp123\Form1.h(375): warning C4305: аргумент: усечение из "double" к "float"
     1>m:\graphicsproblems\temp123\temp123\Form1.h(398): warning C4060: оператор switch не содержит метку "case" или "default"
         Для всех выходных данных обновления не требуется.
       CoreResGen:
         Отсутствуют ресурсы, устаревшие по отношению к файлам своих источников. Пропуск формирования ресурсов.
       ResourceCompile:
         Для всех выходных данных обновления не требуется.
       Link:
         C:\Program Files (x86)\Microsoft Visual Studio 10.0\VC\bin\link.exe /ERRORREPORT:PROMPT /OUT:"M:\GraphicsProblems\temp123\Debug\temp123.exe" /INCREMENTAL /NOLOGO /ASSEMBLYRESOURCE:Debug\temp123.Form1.resources /MANIFEST /ManifestFile:"Debug\temp123.exe.intermediate.manifest" /MANIFESTUAC:"level='asInvoker' uiAccess='false'" /DEBUG /PDB:"M:\GraphicsProblems\temp123\Debug\temp123.pdb" /ASSEMBLYDEBUG /SUBSYSTEM:WINDOWS /TLBID:1 /ENTRY:"main" /DYNAMICBASE /FIXED:NO /NXCOMPAT /MACHINE:X86 Debug\app.res
         Debug\AssemblyInfo.obj
         Debug\stdafx.obj
         Debug\temp123.obj
         Debug\Transform.obj
         "Debug\.NETFramework,Version=v4.0.AssemblyAttributes.obj"
         temp123.vcxproj -> M:\GraphicsProblems\temp123\Debug\temp123.exe
       Manifest:
         C:\Program Files (x86)\Microsoft SDKs\Windows\v7.0A\bin\mt.exe /nologo /verbose /outputresource:"M:\GraphicsProblems\temp123\Debug\temp123.exe;#1" /manifest Debug\temp123.exe.intermediate.manifest
       FinalizeBuildStatus:
         Файл "Debug\temp123.unsuccessfulbuild" удаляется.
         Обращение к "Debug\temp123.lastbuildstate".
     1>Построение проекта "M:\GraphicsProblems\temp123\temp123\temp123.vcxproj" завершено (целевые объекты build).

Построение успешно завершено.

Затраченное время: 00:00:02.60
