  Clip.cpp
Clip.cpp : warning C4335: Обнаружен файл в формате Mac: преобразуйте исходный файл в формат DOS или UNIX
Clip.cpp(1): warning C4067: непредвиденные лексемы за директивой препроцессора, требуется newline
  MyForm.cpp
d:\универ\6 семестр\компьютерная графика\task6\task6\MyForm.h(118): warning C4244: аргумент: преобразование "float" в "int", возможна потеря данных
d:\универ\6 семестр\компьютерная графика\task6\task6\MyForm.h(139): warning C4244: аргумент: преобразование "float" в "int", возможна потеря данных
d:\универ\6 семестр\компьютерная графика\task6\task6\MyForm.h(140): warning C4244: аргумент: преобразование "float" в "int", возможна потеря данных
d:\универ\6 семестр\компьютерная графика\task6\task6\MyForm.h(199): warning C4305: аргумент: усечение из "double" к "float"
d:\универ\6 семестр\компьютерная графика\task6\task6\MyForm.h(200): warning C4305: аргумент: усечение из "double" к "float"
d:\универ\6 семестр\компьютерная графика\task6\task6\MyForm.h(205): warning C4305: аргумент: усечение из "double" к "float"
d:\универ\6 семестр\компьютерная графика\task6\task6\MyForm.h(206): warning C4305: аргумент: усечение из "double" к "float"
d:\универ\6 семестр\компьютерная графика\task6\task6\MyForm.h(207): warning C4244: аргумент: преобразование "int" в "float", возможна потеря данных
d:\универ\6 семестр\компьютерная графика\task6\task6\MyForm.h(207): warning C4305: аргумент: усечение из "double" к "float"
d:\универ\6 семестр\компьютерная графика\task6\task6\MyForm.h(208): warning C4244: аргумент: преобразование "int" в "float", возможна потеря данных
d:\универ\6 семестр\компьютерная графика\task6\task6\MyForm.h(208): warning C4305: аргумент: усечение из "double" к "float"
d:\универ\6 семестр\компьютерная графика\task6\task6\MyForm.h(209): warning C4244: аргумент: преобразование "int" в "float", возможна потеря данных
d:\универ\6 семестр\компьютерная графика\task6\task6\MyForm.h(209): warning C4305: аргумент: усечение из "double" к "float"
d:\универ\6 семестр\компьютерная графика\task6\task6\MyForm.h(210): warning C4244: аргумент: преобразование "int" в "float", возможна потеря данных
d:\универ\6 семестр\компьютерная графика\task6\task6\MyForm.h(210): warning C4305: аргумент: усечение из "double" к "float"
C:\Program Files (x86)\Microsoft Visual Studio 14.0\VC\include\xutility(2599): warning C4996: 'std::_Move': Function call with parameters that may be unsafe - this call relies on the caller to check that the passed values are correct. To disable this warning, use -D_SCL_SECURE_NO_WARNINGS. See documentation on how to use Visual C++ 'Checked Iterators'
  C:\Program Files (x86)\Microsoft Visual Studio 14.0\VC\include\xutility(2586): note:  см. объявление "std::_Move"
  d:\универ\6 семестр\компьютерная графика\task6\task6\MyForm.h(189): note: см. ссылку на создание экземпляров функции шаблон при компиляции "_OutIt std::move<int,mat>(_InIt,_InIt,_OutIt)"
          with
          [
              _OutIt=mat,
              _InIt=int
          ]
C:\Program Files (x86)\Microsoft Visual Studio 14.0\VC\include\xutility(838): error C2672: "std::_Iter_cat": не найдена соответствующая перегруженная функция
  C:\Program Files (x86)\Microsoft Visual Studio 14.0\VC\include\xutility(2598): note: см. ссылку на создание экземпляров функции шаблон при компиляции "void std::_Debug_range_ptr<_InIt,_OutIt>(_InIt,_InIt,_Pty &,std::_Dbfile_t,std::_Dbline_t)"
          with
          [
              _InIt=int,
              _OutIt=mat,
              _Pty=mat
          ]
  d:\универ\6 семестр\компьютерная графика\task6\task6\MyForm.h(189): note: см. ссылку на создание экземпляров функции шаблон при компиляции "_OutIt std::move<int,mat>(_InIt,_InIt,_OutIt)"
          with
          [
              _OutIt=mat,
              _InIt=int
          ]
C:\Program Files (x86)\Microsoft Visual Studio 14.0\VC\include\xutility(838): error C2893: Сбой при специализации функции-шаблона "iterator_traits<_Iter>::iterator_category std::_Iter_cat(const _Iter &)"
  C:\Program Files (x86)\Microsoft Visual Studio 14.0\VC\include\xutility(838): note: Со следующими аргументами шаблона:
  C:\Program Files (x86)\Microsoft Visual Studio 14.0\VC\include\xutility(838): note: "_Iter=int"
C:\Program Files (x86)\Microsoft Visual Studio 14.0\VC\include\xutility(838): error C2672: "_Debug_range_ptr2": не найдена соответствующая перегруженная функция
C:\Program Files (x86)\Microsoft Visual Studio 14.0\VC\include\xutility(838): error C2780: void std::_Debug_range_ptr2(_RanIt,_RanIt,_Pty &,std::_Dbfile_t,std::_Dbline_t,std::random_access_iterator_tag): требует аргументов: 6, имеется: 5
  C:\Program Files (x86)\Microsoft Visual Studio 14.0\VC\include\xutility(820): note:  см. объявление "std::_Debug_range_ptr2"
C:\Program Files (x86)\Microsoft Visual Studio 14.0\VC\include\xutility(838): error C2780: void std::_Debug_range_ptr2(_InIt,_InIt,_Pty &,std::_Dbfile_t,std::_Dbline_t,std::input_iterator_tag): требует аргументов: 6, имеется: 5
  C:\Program Files (x86)\Microsoft Visual Studio 14.0\VC\include\xutility(811): note:  см. объявление "std::_Debug_range_ptr2"
C:\Program Files (x86)\Microsoft Visual Studio 14.0\VC\include\xutility(2590): error C2672: "std::_Iter_cat": не найдена соответствующая перегруженная функция
  C:\Program Files (x86)\Microsoft Visual Studio 14.0\VC\include\xutility(2600): note: см. ссылку на создание экземпляров функции шаблон при компиляции "_OutIt std::_Move<_Iter,_OutIt>(_InIt,_InIt,_OutIt,std::false_type)"
          with
          [
              _OutIt=mat,
              _Iter=int,
              _InIt=int
          ]
C:\Program Files (x86)\Microsoft Visual Studio 14.0\VC\include\xutility(2590): error C2893: Сбой при специализации функции-шаблона "iterator_traits<_Iter>::iterator_category std::_Iter_cat(const _Iter &)"
  C:\Program Files (x86)\Microsoft Visual Studio 14.0\VC\include\xutility(2590): note: Со следующими аргументами шаблона:
  C:\Program Files (x86)\Microsoft Visual Studio 14.0\VC\include\xutility(2590): note: "_Iter=int"
C:\Program Files (x86)\Microsoft Visual Studio 14.0\VC\include\xutility(2590): error C2672: "_Iter_cat": не найдена соответствующая перегруженная функция
  Transform.cpp
Transform.cpp(267): warning C4244: =: преобразование "double" в "float", возможна потеря данных
Transform.cpp(273): warning C4244: =: преобразование "double" в "float", возможна потеря данных
C:\Program Files (x86)\Microsoft Visual Studio 14.0\VC\include\xutility(2599): warning C4996: 'std::_Move': Function call with parameters that may be unsafe - this call relies on the caller to check that the passed values are correct. To disable this warning, use -D_SCL_SECURE_NO_WARNINGS. See documentation on how to use Visual C++ 'Checked Iterators'
  C:\Program Files (x86)\Microsoft Visual Studio 14.0\VC\include\xutility(2586): note:  см. объявление "std::_Move"
  Transform.cpp(281): note: см. ссылку на создание экземпляров функции шаблон при компиляции "_OutIt std::move<int,mat>(_InIt,_InIt,_OutIt)"
          with
          [
              _OutIt=mat,
              _InIt=int
          ]
C:\Program Files (x86)\Microsoft Visual Studio 14.0\VC\include\xutility(838): error C2672: "std::_Iter_cat": не найдена соответствующая перегруженная функция
  C:\Program Files (x86)\Microsoft Visual Studio 14.0\VC\include\xutility(2598): note: см. ссылку на создание экземпляров функции шаблон при компиляции "void std::_Debug_range_ptr<_InIt,_OutIt>(_InIt,_InIt,_Pty &,std::_Dbfile_t,std::_Dbline_t)"
          with
          [
              _InIt=int,
              _OutIt=mat,
              _Pty=mat
          ]
  Transform.cpp(281): note: см. ссылку на создание экземпляров функции шаблон при компиляции "_OutIt std::move<int,mat>(_InIt,_InIt,_OutIt)"
          with
          [
              _OutIt=mat,
              _InIt=int
          ]
C:\Program Files (x86)\Microsoft Visual Studio 14.0\VC\include\xutility(838): error C2893: Сбой при специализации функции-шаблона "iterator_traits<_Iter>::iterator_category std::_Iter_cat(const _Iter &)"
  C:\Program Files (x86)\Microsoft Visual Studio 14.0\VC\include\xutility(838): note: Со следующими аргументами шаблона:
  C:\Program Files (x86)\Microsoft Visual Studio 14.0\VC\include\xutility(838): note: "_Iter=int"
C:\Program Files (x86)\Microsoft Visual Studio 14.0\VC\include\xutility(838): error C2672: "_Debug_range_ptr2": не найдена соответствующая перегруженная функция
C:\Program Files (x86)\Microsoft Visual Studio 14.0\VC\include\xutility(838): error C2780: void std::_Debug_range_ptr2(_RanIt,_RanIt,_Pty &,std::_Dbfile_t,std::_Dbline_t,std::random_access_iterator_tag): требует аргументов: 6, имеется: 5
  C:\Program Files (x86)\Microsoft Visual Studio 14.0\VC\include\xutility(820): note:  см. объявление "std::_Debug_range_ptr2"
C:\Program Files (x86)\Microsoft Visual Studio 14.0\VC\include\xutility(838): error C2780: void std::_Debug_range_ptr2(_InIt,_InIt,_Pty &,std::_Dbfile_t,std::_Dbline_t,std::input_iterator_tag): требует аргументов: 6, имеется: 5
  C:\Program Files (x86)\Microsoft Visual Studio 14.0\VC\include\xutility(811): note:  см. объявление "std::_Debug_range_ptr2"
C:\Program Files (x86)\Microsoft Visual Studio 14.0\VC\include\xutility(2590): error C2672: "std::_Iter_cat": не найдена соответствующая перегруженная функция
  C:\Program Files (x86)\Microsoft Visual Studio 14.0\VC\include\xutility(2600): note: см. ссылку на создание экземпляров функции шаблон при компиляции "_OutIt std::_Move<_Iter,_OutIt>(_InIt,_InIt,_OutIt,std::false_type)"
          with
          [
              _OutIt=mat,
              _Iter=int,
              _InIt=int
          ]
C:\Program Files (x86)\Microsoft Visual Studio 14.0\VC\include\xutility(2590): error C2893: Сбой при специализации функции-шаблона "iterator_traits<_Iter>::iterator_category std::_Iter_cat(const _Iter &)"
  C:\Program Files (x86)\Microsoft Visual Studio 14.0\VC\include\xutility(2590): note: Со следующими аргументами шаблона:
  C:\Program Files (x86)\Microsoft Visual Studio 14.0\VC\include\xutility(2590): note: "_Iter=int"
C:\Program Files (x86)\Microsoft Visual Studio 14.0\VC\include\xutility(2590): error C2672: "_Iter_cat": не найдена соответствующая перегруженная функция
  Создание кода...
