  MyForm.cpp
d:\универ\6 семестр\компьютерная графика\task4\task4\MyForm.h(176): warning C4244: аргумент: преобразование "float" в "int", возможна потеря данных
d:\универ\6 семестр\компьютерная графика\task4\task4\MyForm.h(177): warning C4244: аргумент: преобразование "float" в "int", возможна потеря данных
d:\универ\6 семестр\компьютерная графика\task4\task4\MyForm.h(236): warning C4305: аргумент: усечение из "double" к "float"
d:\универ\6 семестр\компьютерная графика\task4\task4\MyForm.h(237): warning C4305: аргумент: усечение из "double" к "float"
d:\универ\6 семестр\компьютерная графика\task4\task4\MyForm.h(242): warning C4305: аргумент: усечение из "double" к "float"
d:\универ\6 семестр\компьютерная графика\task4\task4\MyForm.h(243): warning C4305: аргумент: усечение из "double" к "float"
d:\универ\6 семестр\компьютерная графика\task4\task4\MyForm.h(244): warning C4244: аргумент: преобразование "int" в "float", возможна потеря данных
d:\универ\6 семестр\компьютерная графика\task4\task4\MyForm.h(244): warning C4305: аргумент: усечение из "double" к "float"
d:\универ\6 семестр\компьютерная графика\task4\task4\MyForm.h(245): warning C4244: аргумент: преобразование "int" в "float", возможна потеря данных
d:\универ\6 семестр\компьютерная графика\task4\task4\MyForm.h(245): warning C4305: аргумент: усечение из "double" к "float"
d:\универ\6 семестр\компьютерная графика\task4\task4\MyForm.h(246): warning C4244: аргумент: преобразование "int" в "float", возможна потеря данных
d:\универ\6 семестр\компьютерная графика\task4\task4\MyForm.h(246): warning C4305: аргумент: усечение из "double" к "float"
d:\универ\6 семестр\компьютерная графика\task4\task4\MyForm.h(247): warning C4244: аргумент: преобразование "int" в "float", возможна потеря данных
d:\универ\6 семестр\компьютерная графика\task4\task4\MyForm.h(247): warning C4305: аргумент: усечение из "double" к "float"
  Transform.cpp
Transform.cpp(269): warning C4244: аргумент: преобразование "int" в "float", возможна потеря данных
Transform.cpp(286): warning C4244: аргумент: преобразование "int" в "float", возможна потеря данных
Transform.cpp(291): warning C4244: аргумент: преобразование "int" в "float", возможна потеря данных
Transform.cpp(308): warning C4244: аргумент: преобразование "int" в "float", возможна потеря данных
  Создание кода...
  Task4.vcxproj -> D:\Универ\6 семестр\Компьютерная графика\Task4\Debug\Task4.exe
