Построение начато 25.10.2016 14:41:14.
     1>Проект "D:\THE_CODE\Компьютерная графика\Task6\Task6\Task6.vcxproj" в узле 2 (целевые объекты build).
     1>InitializeBuildStatus:
         Создание "Debug\Task6.unsuccessfulbuild", так как было задано "AlwaysCreate".
       GenerateTargetFrameworkMonikerAttribute:
       Целевой объект "GenerateTargetFrameworkMonikerAttribute" пропускается, так как все выходные файлы актуальны по отношению к входным.
       ClCompile:
         Для всех выходных данных обновления не требуется.
         C:\Program Files (x86)\Microsoft Visual Studio 10.0\VC\bin\CL.exe /c /AI"C:\Program Files (x86)\Reference Assemblies\Microsoft\Framework\.NETFramework\v4.0" /Zi /clr:pure /nologo /W3 /WX- /Od /Oy- /D WIN32 /D _DEBUG /D _UNICODE /D UNICODE /EHa /MDd /GS /fp:precise /Zc:wchar_t /Zc:forScope /Yu"StdAfx.h" /Fp"Debug\Task6.pch" /Fo"Debug\\" /Fd"Debug\vc100.pdb" /TP /FU"C:\Program Files (x86)\Reference Assemblies\Microsoft\Framework\.NETFramework\v4.0\System.Core.dll" /FU"C:\Program Files (x86)\Reference Assemblies\Microsoft\Framework\.NETFramework\v4.0\System.Data.dll" /FU"C:\Program Files (x86)\Reference Assemblies\Microsoft\Framework\.NETFramework\v4.0\System.dll" /FU"C:\Program Files (x86)\Reference Assemblies\Microsoft\Framework\.NETFramework\v4.0\System.Drawing.dll" /FU"C:\Program Files (x86)\Reference Assemblies\Microsoft\Framework\.NETFramework\v4.0\System.Windows.Forms.dll" /FU"C:\Program Files (x86)\Reference Assemblies\Microsoft\Framework\.NETFramework\v4.0\System.Xml.dll" /analyze- /errorReport:prompt Task6.cpp /clr:nostdlib 
         Task6.cpp
     1>d:\the_code\компьютерная графика\task6\task6\Form1.h(103): warning C4244: аргумент: преобразование "float" в "int", возможна потеря данных
     1>d:\the_code\компьютерная графика\task6\task6\Form1.h(103): warning C4244: аргумент: преобразование "float" в "int", возможна потеря данных
     1>d:\the_code\компьютерная графика\task6\task6\Form1.h(103): warning C4244: аргумент: преобразование "float" в "int", возможна потеря данных
     1>d:\the_code\компьютерная графика\task6\task6\Form1.h(103): warning C4244: аргумент: преобразование "float" в "int", возможна потеря данных
     1>d:\the_code\компьютерная графика\task6\task6\Form1.h(117): warning C4018: <: несоответствие типов со знаком и без знака
     1>d:\the_code\компьютерная графика\task6\task6\Form1.h(135): warning C4244: =: преобразование "int" в "float", возможна потеря данных
     1>d:\the_code\компьютерная графика\task6\task6\Form1.h(136): warning C4244: =: преобразование "int" в "float", возможна потеря данных
     1>d:\the_code\компьютерная графика\task6\task6\Form1.h(151): warning C4244: =: преобразование "int" в "float", возможна потеря данных
     1>d:\the_code\компьютерная графика\task6\task6\Form1.h(153): warning C4244: =: преобразование "int" в "float", возможна потеря данных
     1>d:\the_code\компьютерная графика\task6\task6\Form1.h(164): warning C4305: =: усечение из "double" к "float"
     1>d:\the_code\компьютерная графика\task6\task6\Form1.h(166): warning C4305: =: усечение из "double" к "float"
     1>d:\the_code\компьютерная графика\task6\task6\Form1.h(201): warning C4244: аргумент: преобразование "int" в "float", возможна потеря данных
     1>d:\the_code\компьютерная графика\task6\task6\Form1.h(201): warning C4244: аргумент: преобразование "int" в "float", возможна потеря данных
     1>d:\the_code\компьютерная графика\task6\task6\Form1.h(219): warning C4244: аргумент: преобразование "int" в "float", возможна потеря данных
     1>d:\the_code\компьютерная графика\task6\task6\Form1.h(219): warning C4244: аргумент: преобразование "int" в "float", возможна потеря данных
     1>d:\the_code\компьютерная графика\task6\task6\Form1.h(235): warning C4305: инициализация: усечение из "double" к "float"
     1>d:\the_code\компьютерная графика\task6\task6\Form1.h(267): warning C4305: аргумент: усечение из "double" к "float"
     1>d:\the_code\компьютерная графика\task6\task6\Form1.h(268): warning C4305: аргумент: усечение из "double" к "float"
     1>d:\the_code\компьютерная графика\task6\task6\Form1.h(273): warning C4305: аргумент: усечение из "double" к "float"
     1>d:\the_code\компьютерная графика\task6\task6\Form1.h(274): warning C4305: аргумент: усечение из "double" к "float"
     1>d:\the_code\компьютерная графика\task6\task6\Form1.h(275): warning C4244: аргумент: преобразование "int" в "float", возможна потеря данных
     1>d:\the_code\компьютерная графика\task6\task6\Form1.h(275): warning C4305: аргумент: усечение из "double" к "float"
     1>d:\the_code\компьютерная графика\task6\task6\Form1.h(276): warning C4244: аргумент: преобразование "int" в "float", возможна потеря данных
     1>d:\the_code\компьютерная графика\task6\task6\Form1.h(276): warning C4305: аргумент: усечение из "double" к "float"
     1>d:\the_code\компьютерная графика\task6\task6\Form1.h(277): warning C4244: аргумент: преобразование "int" в "float", возможна потеря данных
     1>d:\the_code\компьютерная графика\task6\task6\Form1.h(277): warning C4305: аргумент: усечение из "double" к "float"
     1>d:\the_code\компьютерная графика\task6\task6\Form1.h(278): warning C4244: аргумент: преобразование "int" в "float", возможна потеря данных
     1>d:\the_code\компьютерная графика\task6\task6\Form1.h(278): warning C4305: аргумент: усечение из "double" к "float"
     1>d:\the_code\компьютерная графика\task6\task6\Form1.h(289): warning C4244: инициализация: преобразование "double" в "float", возможна потеря данных
     1>d:\the_code\компьютерная графика\task6\task6\Form1.h(290): warning C4244: инициализация: преобразование "double" в "float", возможна потеря данных
         Для всех выходных данных обновления не требуется.
       CoreResGen:
         Отсутствуют ресурсы, устаревшие по отношению к файлам своих источников. Пропуск формирования ресурсов.
       ResourceCompile:
         Для всех выходных данных обновления не требуется.
       Link:
         C:\Program Files (x86)\Microsoft Visual Studio 10.0\VC\bin\link.exe /ERRORREPORT:PROMPT /OUT:"D:\THE_CODE\Компьютерная графика\Task6\Debug\Task6.exe" /INCREMENTAL /NOLOGO /ASSEMBLYRESOURCE:Debug\Task6.Form1.resources /MANIFEST /ManifestFile:"Debug\Task6.exe.intermediate.manifest" /MANIFESTUAC:"level='asInvoker' uiAccess='false'" /DEBUG /PDB:"D:\THE_CODE\Компьютерная графика\Task6\Debug\Task6.pdb" /ASSEMBLYDEBUG /SUBSYSTEM:WINDOWS /TLBID:1 /ENTRY:"main" /DYNAMICBASE /FIXED:NO /NXCOMPAT /MACHINE:X86 Debug\app.res
         Debug\AssemblyInfo.obj
         Debug\stdafx.obj
         Debug\Task6.obj
         Debug\Transform.obj
         "Debug\.NETFramework,Version=v4.0.AssemblyAttributes.obj"
         Task6.vcxproj -> D:\THE_CODE\Компьютерная графика\Task6\Debug\Task6.exe
       Manifest:
         C:\Program Files (x86)\Microsoft SDKs\Windows\v7.0A\bin\mt.exe /nologo /verbose /outputresource:"D:\THE_CODE\Компьютерная графика\Task6\Debug\Task6.exe;#1" /manifest Debug\Task6.exe.intermediate.manifest
       FinalizeBuildStatus:
         Файл "Debug\Task6.unsuccessfulbuild" удаляется.
         Обращение к "Debug\Task6.lastbuildstate".
     1>Построение проекта "D:\THE_CODE\Компьютерная графика\Task6\Task6\Task6.vcxproj" завершено (целевые объекты build).

Построение успешно завершено.

Затраченное время: 00:00:06.15
