d:\универ\6 семестр\компьютерная графика\task4\task4\debug\vc140.pdb
d:\универ\6 семестр\компьютерная графика\task4\task4\debug\.netframework,version=v4.5.2.assemblyattributes.obj
d:\универ\6 семестр\компьютерная графика\task4\task4\debug\.netframework,version=v4.5.2.assemblyattributes.asm
d:\универ\6 семестр\компьютерная графика\task4\task4\debug\transform.obj
d:\универ\6 семестр\компьютерная графика\task4\task4\debug\myform.obj
d:\универ\6 семестр\компьютерная графика\task4\task4\debug\clip.obj
d:\универ\6 семестр\компьютерная графика\task4\task4\debug\task4.myform.resources
d:\универ\6 семестр\компьютерная графика\task4\task4\debug\task4.vcxproj.generateresource.cache
d:\универ\6 семестр\компьютерная графика\task4\task4\debug\task4.vcxprojresolveassemblyreference.cache
d:\универ\6 семестр\компьютерная графика\task4\debug\task4.pdb
d:\универ\6 семестр\компьютерная графика\task4\task4\debug\task4.tlog\cl.command.1.tlog
d:\универ\6 семестр\компьютерная графика\task4\task4\debug\task4.tlog\cl.read.1.tlog
d:\универ\6 семестр\компьютерная графика\task4\task4\debug\task4.tlog\cl.write.1.tlog
d:\универ\6 семестр\компьютерная графика\task4\task4\debug\task4.tlog\link.14116-cvtres.read.1.tlog
d:\универ\6 семестр\компьютерная графика\task4\task4\debug\task4.tlog\link.14116-cvtres.write.1.tlog
d:\универ\6 семестр\компьютерная графика\task4\task4\debug\task4.tlog\link.14116-rc.read.1.tlog
d:\универ\6 семестр\компьютерная графика\task4\task4\debug\task4.tlog\link.14116-rc.write.1.tlog
d:\универ\6 семестр\компьютерная графика\task4\task4\debug\task4.tlog\link.14116.read.1.tlog
d:\универ\6 семестр\компьютерная графика\task4\task4\debug\task4.tlog\link.14116.write.1.tlog
d:\универ\6 семестр\компьютерная графика\task4\task4\debug\task4.tlog\link.15264-cvtres.read.1.tlog
d:\универ\6 семестр\компьютерная графика\task4\task4\debug\task4.tlog\link.15264-cvtres.write.1.tlog
d:\универ\6 семестр\компьютерная графика\task4\task4\debug\task4.tlog\link.15264-rc.read.1.tlog
d:\универ\6 семестр\компьютерная графика\task4\task4\debug\task4.tlog\link.15264-rc.write.1.tlog
d:\универ\6 семестр\компьютерная графика\task4\task4\debug\task4.tlog\link.15264.read.1.tlog
d:\универ\6 семестр\компьютерная графика\task4\task4\debug\task4.tlog\link.15264.write.1.tlog
d:\универ\6 семестр\компьютерная графика\task4\task4\debug\task4.tlog\link.16072-cvtres.read.1.tlog
d:\универ\6 семестр\компьютерная графика\task4\task4\debug\task4.tlog\link.16072-cvtres.write.1.tlog
d:\универ\6 семестр\компьютерная графика\task4\task4\debug\task4.tlog\link.16072-rc.read.1.tlog
d:\универ\6 семестр\компьютерная графика\task4\task4\debug\task4.tlog\link.16072-rc.write.1.tlog
d:\универ\6 семестр\компьютерная графика\task4\task4\debug\task4.tlog\link.16072.read.1.tlog
d:\универ\6 семестр\компьютерная графика\task4\task4\debug\task4.tlog\link.16072.write.1.tlog
d:\универ\6 семестр\компьютерная графика\task4\task4\debug\task4.tlog\link.17336-cvtres.read.1.tlog
d:\универ\6 семестр\компьютерная графика\task4\task4\debug\task4.tlog\link.17336-cvtres.write.1.tlog
d:\универ\6 семестр\компьютерная графика\task4\task4\debug\task4.tlog\link.17336-rc.read.1.tlog
d:\универ\6 семестр\компьютерная графика\task4\task4\debug\task4.tlog\link.17336-rc.write.1.tlog
d:\универ\6 семестр\компьютерная графика\task4\task4\debug\task4.tlog\link.17336.read.1.tlog
d:\универ\6 семестр\компьютерная графика\task4\task4\debug\task4.tlog\link.17336.write.1.tlog
d:\универ\6 семестр\компьютерная графика\task4\task4\debug\task4.tlog\link.5640-cvtres.read.1.tlog
d:\универ\6 семестр\компьютерная графика\task4\task4\debug\task4.tlog\link.5640-cvtres.write.1.tlog
d:\универ\6 семестр\компьютерная графика\task4\task4\debug\task4.tlog\link.5640-rc.read.1.tlog
d:\универ\6 семестр\компьютерная графика\task4\task4\debug\task4.tlog\link.5640-rc.write.1.tlog
d:\универ\6 семестр\компьютерная графика\task4\task4\debug\task4.tlog\link.5640.read.1.tlog
d:\универ\6 семестр\компьютерная графика\task4\task4\debug\task4.tlog\link.5640.write.1.tlog
d:\универ\6 семестр\компьютерная графика\task4\task4\debug\task4.tlog\link.7384-cvtres.read.1.tlog
d:\универ\6 семестр\компьютерная графика\task4\task4\debug\task4.tlog\link.7384-cvtres.write.1.tlog
d:\универ\6 семестр\компьютерная графика\task4\task4\debug\task4.tlog\link.7384-rc.read.1.tlog
d:\универ\6 семестр\компьютерная графика\task4\task4\debug\task4.tlog\link.7384-rc.write.1.tlog
d:\универ\6 семестр\компьютерная графика\task4\task4\debug\task4.tlog\link.7384.read.1.tlog
d:\универ\6 семестр\компьютерная графика\task4\task4\debug\task4.tlog\link.7384.write.1.tlog
d:\универ\6 семестр\компьютерная графика\task4\task4\debug\task4.tlog\link.command.1.tlog
d:\универ\6 семестр\компьютерная графика\task4\task4\debug\task4.tlog\link.read.1.tlog
d:\универ\6 семестр\компьютерная графика\task4\task4\debug\task4.tlog\link.write.1.tlog
d:\универ\6 семестр\компьютерная графика\task4\task4\debug\task4.tlog\metagen.read.1.tlog
d:\универ\6 семестр\компьютерная графика\task4\task4\debug\task4.tlog\metagen.write.1.tlog
d:\универ\6 семестр\компьютерная графика\task4\task4\debug\task4.tlog\task4.write.1u.tlog
d:\универ\6 семестр\компьютерная графика\task4\task4\debug\task4.tlog\tzres.dll.bi
